[ 20%] [34m[1mAutomatic MOC and UIC for target allegro_hand_gui_node[0m
[ 20%] Built target allegro_hand_gui_node_autogen
[100%] Built target allegro_hand_gui_node
-- Install configuration: ""
-- Up-to-date: /home/kimsy/allegro_ws/install/allegro_hand_gui/lib/allegro_hand_gui/allegro_hand_gui_node
-- Up-to-date: /home/kimsy/allegro_ws/install/allegro_hand_gui/share/allegro_hand_gui/ui
-- Up-to-date: /home/kimsy/allegro_ws/install/allegro_hand_gui/share/allegro_hand_gui/ui/mainwindow.ui
-- Up-to-date: /home/kimsy/allegro_ws/install/allegro_hand_gui/share/ament_index/resource_index/package_run_dependencies/allegro_hand_gui
-- Up-to-date: /home/kimsy/allegro_ws/install/allegro_hand_gui/share/ament_index/resource_index/parent_prefix_path/allegro_hand_gui
-- Up-to-date: /home/kimsy/allegro_ws/install/allegro_hand_gui/share/allegro_hand_gui/environment/ament_prefix_path.dsv
-- Up-to-date: /home/kimsy/allegro_ws/install/allegro_hand_gui/share/allegro_hand_gui/environment/path.dsv
-- Up-to-date: /home/kimsy/allegro_ws/install/allegro_hand_gui/share/allegro_hand_gui/local_setup.bash
-- Up-to-date: /home/kimsy/allegro_ws/install/allegro_hand_gui/share/allegro_hand_gui/local_setup.sh
-- Up-to-date: /home/kimsy/allegro_ws/install/allegro_hand_gui/share/allegro_hand_gui/local_setup.zsh
-- Up-to-date: /home/kimsy/allegro_ws/install/allegro_hand_gui/share/allegro_hand_gui/local_setup.dsv
-- Installing: /home/kimsy/allegro_ws/install/allegro_hand_gui/share/allegro_hand_gui/package.dsv
-- Up-to-date: /home/kimsy/allegro_ws/install/allegro_hand_gui/share/ament_index/resource_index/packages/allegro_hand_gui
-- Up-to-date: /home/kimsy/allegro_ws/install/allegro_hand_gui/share/allegro_hand_gui/cmake/allegro_hand_guiConfig.cmake
-- Up-to-date: /home/kimsy/allegro_ws/install/allegro_hand_gui/share/allegro_hand_gui/cmake/allegro_hand_guiConfig-version.cmake
-- Up-to-date: /home/kimsy/allegro_ws/install/allegro_hand_gui/share/allegro_hand_gui/package.xml
