-- The C compiler identification is GNU 12.3.0
-- The CXX compiler identification is GNU 11.4.0
-- Detecting C compiler ABI info
-- Detecting C compiler ABI info - done
-- Check for working C compiler: /usr/bin/cc - skipped
-- Detecting C compile features
-- Detecting C compile features - done
-- Detecting CXX compiler ABI info
-- Detecting CXX compiler ABI info - done
-- Check for working CXX compiler: /usr/bin/c++ - skipped
-- Detecting CXX compile features
-- Detecting CXX compile features - done
-- Found ament_cmake: 1.3.11 (/home/kimsy/ros2_humble/install/ament_cmake/share/ament_cmake/cmake)
-- Found Python3: /usr/bin/python3 (found version "3.10.12") found components: Interpreter 
-- Found rclcpp: 16.0.11 (/home/kimsy/ros2_humble/install/rclcpp/share/rclcpp/cmake)
-- Found rosidl_generator_c: 3.1.6 (/home/kimsy/ros2_humble/install/rosidl_generator_c/share/rosidl_generator_c/cmake)
-- Found rosidl_adapter: 3.1.6 (/home/kimsy/ros2_humble/install/rosidl_adapter/share/rosidl_adapter/cmake)
-- Found rosidl_generator_cpp: 3.1.6 (/home/kimsy/ros2_humble/install/rosidl_generator_cpp/share/rosidl_generator_cpp/cmake)
-- Using all available rosidl_typesupport_c: rosidl_typesupport_introspection_c;rosidl_typesupport_fastrtps_c
-- Using all available rosidl_typesupport_cpp: rosidl_typesupport_introspection_cpp;rosidl_typesupport_fastrtps_cpp
-- Found rmw_implementation_cmake: 6.1.2 (/home/kimsy/ros2_humble/install/rmw_implementation_cmake/share/rmw_implementation_cmake/cmake)
-- Found rmw_fastrtps_cpp: 6.2.7 (/home/kimsy/ros2_humble/install/rmw_fastrtps_cpp/share/rmw_fastrtps_cpp/cmake)
-- Found OpenSSL: /usr/lib/x86_64-linux-gnu/libcrypto.so (found version "3.0.2")  
-- Found FastRTPS: /home/kimsy/ros2_humble/install/fastrtps/include  
-- Using RMW implementation 'rmw_fastrtps_cpp' as default
-- Looking for pthread.h
-- Looking for pthread.h - found
-- Performing Test CMAKE_HAVE_LIBC_PTHREAD
-- Performing Test CMAKE_HAVE_LIBC_PTHREAD - Success
-- Found Threads: TRUE  
-- Found allegro_hand_driver: 2.0.1 (/home/kimsy/allegro_ws/install/allegro_hand_driver/share/allegro_hand_driver/cmake)
-- Found yaml_cpp_vendor: 8.0.2 (/home/kimsy/ros2_humble/install/yaml_cpp_vendor/share/yaml_cpp_vendor/cmake)
-- Configuring done
-- Generating done
-- Build files have been written to: /home/kimsy/allegro_ws/build/allegro_hand_keyboards
[ 50%] [32mBuilding CXX object CMakeFiles/allegro_hand_keyboard.dir/src/allegro_hand_keyboard.cpp.o[0m
[100%] [32m[1mLinking CXX executable allegro_hand_keyboard[0m
[100%] Built target allegro_hand_keyboard
-- Install configuration: ""
-- Installing: /home/kimsy/allegro_ws/install/allegro_hand_keyboards/lib/allegro_hand_keyboards/allegro_hand_keyboard
-- Set runtime path of "/home/kimsy/allegro_ws/install/allegro_hand_keyboards/lib/allegro_hand_keyboards/allegro_hand_keyboard" to "/home/kimsy/ros2_humble/install/rclcpp/lib:/home/kimsy/ros2_humble/install/libstatistics_collector/lib:/home/kimsy/ros2_humble/install/rcl/lib:/home/kimsy/ros2_humble/install/rmw_implementation/lib:/home/kimsy/ros2_humble/install/ament_index_cpp/lib:/home/kimsy/ros2_humble/install/rcl_logging_spdlog/lib:/home/kimsy/ros2_humble/install/rcl_logging_interface/lib:/home/kimsy/ros2_humble/install/rcl_interfaces/lib:/home/kimsy/ros2_humble/install/rcl_yaml_param_parser/lib:/home/kimsy/ros2_humble/install/libyaml_vendor/lib:/home/kimsy/ros2_humble/install/rosgraph_msgs/lib:/home/kimsy/ros2_humble/install/statistics_msgs/lib:/home/kimsy/ros2_humble/install/tracetools/lib:/home/kimsy/ros2_humble/install/std_msgs/lib:/home/kimsy/ros2_humble/install/builtin_interfaces/lib:/home/kimsy/ros2_humble/install/rosidl_typesupport_fastrtps_c/lib:/home/kimsy/ros2_humble/install/rosidl_typesupport_fastrtps_cpp/lib:/home/kimsy/ros2_humble/install/fastcdr/lib:/home/kimsy/ros2_humble/install/rmw/lib:/home/kimsy/ros2_humble/install/rosidl_typesupport_introspection_cpp/lib:/home/kimsy/ros2_humble/install/rosidl_typesupport_introspection_c/lib:/home/kimsy/ros2_humble/install/rosidl_typesupport_cpp/lib:/home/kimsy/ros2_humble/install/rosidl_typesupport_c/lib:/home/kimsy/ros2_humble/install/rcpputils/lib:/home/kimsy/ros2_humble/install/rosidl_runtime_c/lib:/home/kimsy/ros2_humble/install/rcutils/lib"
-- Installing: /home/kimsy/allegro_ws/install/allegro_hand_keyboards/share/ament_index/resource_index/package_run_dependencies/allegro_hand_keyboards
-- Installing: /home/kimsy/allegro_ws/install/allegro_hand_keyboards/share/ament_index/resource_index/parent_prefix_path/allegro_hand_keyboards
-- Installing: /home/kimsy/allegro_ws/install/allegro_hand_keyboards/share/allegro_hand_keyboards/environment/ament_prefix_path.sh
-- Installing: /home/kimsy/allegro_ws/install/allegro_hand_keyboards/share/allegro_hand_keyboards/environment/ament_prefix_path.dsv
-- Installing: /home/kimsy/allegro_ws/install/allegro_hand_keyboards/share/allegro_hand_keyboards/environment/path.sh
-- Installing: /home/kimsy/allegro_ws/install/allegro_hand_keyboards/share/allegro_hand_keyboards/environment/path.dsv
-- Installing: /home/kimsy/allegro_ws/install/allegro_hand_keyboards/share/allegro_hand_keyboards/local_setup.bash
-- Installing: /home/kimsy/allegro_ws/install/allegro_hand_keyboards/share/allegro_hand_keyboards/local_setup.sh
-- Installing: /home/kimsy/allegro_ws/install/allegro_hand_keyboards/share/allegro_hand_keyboards/local_setup.zsh
-- Installing: /home/kimsy/allegro_ws/install/allegro_hand_keyboards/share/allegro_hand_keyboards/local_setup.dsv
-- Installing: /home/kimsy/allegro_ws/install/allegro_hand_keyboards/share/allegro_hand_keyboards/package.dsv
-- Installing: /home/kimsy/allegro_ws/install/allegro_hand_keyboards/share/ament_index/resource_index/packages/allegro_hand_keyboards
-- Installing: /home/kimsy/allegro_ws/install/allegro_hand_keyboards/share/allegro_hand_keyboards/cmake/allegro_hand_keyboardsConfig.cmake
-- Installing: /home/kimsy/allegro_ws/install/allegro_hand_keyboards/share/allegro_hand_keyboards/cmake/allegro_hand_keyboardsConfig-version.cmake
-- Installing: /home/kimsy/allegro_ws/install/allegro_hand_keyboards/share/allegro_hand_keyboards/package.xml
