[0.011s] Invoking command in '/home/kimsy/allegro_ws/build/allegro_hand_moveit': CMAKE_PREFIX_PATH=/home/kimsy/allegro_ws/install/allegro_hand_controllers:/home/kimsy/allegro_ws/install/bhand:/home/kimsy/allegro_ws/install/allegro_hand_driver:/home/kimsy/allegro_ws/install/allegro_hand_moveit:/home/kimsy/allegro_ws/install/allegro_hand_keyboards:/home/kimsy/allegro_ws/install/allegro_hand_gui:/home/kimsy/workspaces/IsaacSim-ros_workspaces/humble_ws/install/isaacsim:/home/kimsy/workspaces/IsaacSim-ros_workspaces/humble_ws/install/isaac_tutorials:/home/kimsy/workspaces/IsaacSim-ros_workspaces/humble_ws/install/isaac_ros2_messages:/home/kimsy/workspaces/IsaacSim-ros_workspaces/humble_ws/install/custom_message:/home/kimsy/workspaces/IsaacSim-ros_workspaces/humble_ws/install/carter_navigation:/opt/ros/humble:/home/kimsy/workspaces/IsaacSim-ros_workspaces/humble_ws/install/isaac_ros_navigation_goal /usr/bin/cmake --build /home/kimsy/allegro_ws/build/allegro_hand_moveit -- -j16 -l16
[0.076s] [100%] Built target save_joint_angles
[0.088s] Invoked command in '/home/kimsy/allegro_ws/build/allegro_hand_moveit' returned '0': CMAKE_PREFIX_PATH=/home/kimsy/allegro_ws/install/allegro_hand_controllers:/home/kimsy/allegro_ws/install/bhand:/home/kimsy/allegro_ws/install/allegro_hand_driver:/home/kimsy/allegro_ws/install/allegro_hand_moveit:/home/kimsy/allegro_ws/install/allegro_hand_keyboards:/home/kimsy/allegro_ws/install/allegro_hand_gui:/home/kimsy/workspaces/IsaacSim-ros_workspaces/humble_ws/install/isaacsim:/home/kimsy/workspaces/IsaacSim-ros_workspaces/humble_ws/install/isaac_tutorials:/home/kimsy/workspaces/IsaacSim-ros_workspaces/humble_ws/install/isaac_ros2_messages:/home/kimsy/workspaces/IsaacSim-ros_workspaces/humble_ws/install/custom_message:/home/kimsy/workspaces/IsaacSim-ros_workspaces/humble_ws/install/carter_navigation:/opt/ros/humble:/home/kimsy/workspaces/IsaacSim-ros_workspaces/humble_ws/install/isaac_ros_navigation_goal /usr/bin/cmake --build /home/kimsy/allegro_ws/build/allegro_hand_moveit -- -j16 -l16
[0.090s] Invoking command in '/home/kimsy/allegro_ws/build/allegro_hand_moveit': CMAKE_PREFIX_PATH=/home/kimsy/allegro_ws/install/allegro_hand_controllers:/home/kimsy/allegro_ws/install/bhand:/home/kimsy/allegro_ws/install/allegro_hand_driver:/home/kimsy/allegro_ws/install/allegro_hand_moveit:/home/kimsy/allegro_ws/install/allegro_hand_keyboards:/home/kimsy/allegro_ws/install/allegro_hand_gui:/home/kimsy/workspaces/IsaacSim-ros_workspaces/humble_ws/install/isaacsim:/home/kimsy/workspaces/IsaacSim-ros_workspaces/humble_ws/install/isaac_tutorials:/home/kimsy/workspaces/IsaacSim-ros_workspaces/humble_ws/install/isaac_ros2_messages:/home/kimsy/workspaces/IsaacSim-ros_workspaces/humble_ws/install/custom_message:/home/kimsy/workspaces/IsaacSim-ros_workspaces/humble_ws/install/carter_navigation:/opt/ros/humble:/home/kimsy/workspaces/IsaacSim-ros_workspaces/humble_ws/install/isaac_ros_navigation_goal /usr/bin/cmake --install /home/kimsy/allegro_ws/build/allegro_hand_moveit
[0.097s] -- Install configuration: ""
[0.097s] -- Up-to-date: /home/kimsy/allegro_ws/install/allegro_hand_moveit/share/ament_index/resource_index/package_run_dependencies/allegro_hand_moveit
[0.097s] -- Up-to-date: /home/kimsy/allegro_ws/install/allegro_hand_moveit/share/ament_index/resource_index/parent_prefix_path/allegro_hand_moveit
[0.097s] -- Up-to-date: /home/kimsy/allegro_ws/install/allegro_hand_moveit/share/allegro_hand_moveit/environment/ament_prefix_path.dsv
[0.097s] -- Up-to-date: /home/kimsy/allegro_ws/install/allegro_hand_moveit/share/allegro_hand_moveit/environment/path.dsv
[0.097s] -- Up-to-date: /home/kimsy/allegro_ws/install/allegro_hand_moveit/share/allegro_hand_moveit/local_setup.bash
[0.097s] -- Up-to-date: /home/kimsy/allegro_ws/install/allegro_hand_moveit/share/allegro_hand_moveit/local_setup.sh
[0.097s] -- Up-to-date: /home/kimsy/allegro_ws/install/allegro_hand_moveit/share/allegro_hand_moveit/local_setup.zsh
[0.097s] -- Up-to-date: /home/kimsy/allegro_ws/install/allegro_hand_moveit/share/allegro_hand_moveit/local_setup.dsv
[0.097s] -- Installing: /home/kimsy/allegro_ws/install/allegro_hand_moveit/share/allegro_hand_moveit/package.dsv
[0.097s] -- Up-to-date: /home/kimsy/allegro_ws/install/allegro_hand_moveit/share/ament_index/resource_index/packages/allegro_hand_moveit
[0.097s] -- Up-to-date: /home/kimsy/allegro_ws/install/allegro_hand_moveit/share/allegro_hand_moveit/cmake/allegro_hand_moveitConfig.cmake
[0.097s] -- Up-to-date: /home/kimsy/allegro_ws/install/allegro_hand_moveit/share/allegro_hand_moveit/cmake/allegro_hand_moveitConfig-version.cmake
[0.097s] -- Up-to-date: /home/kimsy/allegro_ws/install/allegro_hand_moveit/share/allegro_hand_moveit/package.xml
[0.098s] -- Up-to-date: /home/kimsy/allegro_ws/install/allegro_hand_moveit/share/allegro_hand_moveit/launch
[0.098s] -- Up-to-date: /home/kimsy/allegro_ws/install/allegro_hand_moveit/share/allegro_hand_moveit/launch/rsp.launch.py
[0.098s] -- Up-to-date: /home/kimsy/allegro_ws/install/allegro_hand_moveit/share/allegro_hand_moveit/launch/move_group.launch.py
[0.098s] -- Up-to-date: /home/kimsy/allegro_ws/install/allegro_hand_moveit/share/allegro_hand_moveit/launch/setup_assistant.launch.py
[0.098s] -- Up-to-date: /home/kimsy/allegro_ws/install/allegro_hand_moveit/share/allegro_hand_moveit/launch/moveit_rviz.launch.py
[0.098s] -- Up-to-date: /home/kimsy/allegro_ws/install/allegro_hand_moveit/share/allegro_hand_moveit/launch/static_virtual_joint_tfs.launch.py
[0.098s] -- Up-to-date: /home/kimsy/allegro_ws/install/allegro_hand_moveit/share/allegro_hand_moveit/launch/demo.launch.py
[0.098s] -- Up-to-date: /home/kimsy/allegro_ws/install/allegro_hand_moveit/share/allegro_hand_moveit/launch/warehouse_db.launch.py
[0.098s] -- Up-to-date: /home/kimsy/allegro_ws/install/allegro_hand_moveit/share/allegro_hand_moveit/launch/spawn_controllers.launch.py
[0.098s] -- Up-to-date: /home/kimsy/allegro_ws/install/allegro_hand_moveit/share/allegro_hand_moveit/config
[0.098s] -- Up-to-date: /home/kimsy/allegro_ws/install/allegro_hand_moveit/share/allegro_hand_moveit/config/pilz_cartesian_limits.yaml
[0.098s] -- Up-to-date: /home/kimsy/allegro_ws/install/allegro_hand_moveit/share/allegro_hand_moveit/config/allegro_hand.ros2_control.xacro
[0.098s] -- Up-to-date: /home/kimsy/allegro_ws/install/allegro_hand_moveit/share/allegro_hand_moveit/config/ros2_controllers.yaml
[0.098s] -- Up-to-date: /home/kimsy/allegro_ws/install/allegro_hand_moveit/share/allegro_hand_moveit/config/kinematics.yaml
[0.098s] -- Up-to-date: /home/kimsy/allegro_ws/install/allegro_hand_moveit/share/allegro_hand_moveit/config/allegro_hand_left_A.urdf.xacro
[0.098s] -- Up-to-date: /home/kimsy/allegro_ws/install/allegro_hand_moveit/share/allegro_hand_moveit/config/moveit_controllers.yaml
[0.098s] -- Up-to-date: /home/kimsy/allegro_ws/install/allegro_hand_moveit/share/allegro_hand_moveit/config/initial_positions.yaml
[0.098s] -- Up-to-date: /home/kimsy/allegro_ws/install/allegro_hand_moveit/share/allegro_hand_moveit/config/allegro_hand_right_B.urdf.xacro
[0.098s] -- Up-to-date: /home/kimsy/allegro_ws/install/allegro_hand_moveit/share/allegro_hand_moveit/config/moveit.rviz
[0.098s] -- Up-to-date: /home/kimsy/allegro_ws/install/allegro_hand_moveit/share/allegro_hand_moveit/config/allegro_hand_right_A.urdf.xacro
[0.099s] -- Up-to-date: /home/kimsy/allegro_ws/install/allegro_hand_moveit/share/allegro_hand_moveit/config/allegro_hand.srdf
[0.099s] -- Up-to-date: /home/kimsy/allegro_ws/install/allegro_hand_moveit/share/allegro_hand_moveit/config/allegro_hand_left_B.urdf.xacro
[0.099s] -- Up-to-date: /home/kimsy/allegro_ws/install/allegro_hand_moveit/share/allegro_hand_moveit/config/joint_limits.yaml
[0.099s] -- Up-to-date: /home/kimsy/allegro_ws/install/allegro_hand_moveit/share/allegro_hand_moveit/.setup_assistant
[0.099s] -- Up-to-date: /home/kimsy/allegro_ws/install/allegro_hand_moveit/lib/allegro_hand_moveit/save_joint_angles
[0.100s] Invoked command in '/home/kimsy/allegro_ws/build/allegro_hand_moveit' returned '0': CMAKE_PREFIX_PATH=/home/kimsy/allegro_ws/install/allegro_hand_controllers:/home/kimsy/allegro_ws/install/bhand:/home/kimsy/allegro_ws/install/allegro_hand_driver:/home/kimsy/allegro_ws/install/allegro_hand_moveit:/home/kimsy/allegro_ws/install/allegro_hand_keyboards:/home/kimsy/allegro_ws/install/allegro_hand_gui:/home/kimsy/workspaces/IsaacSim-ros_workspaces/humble_ws/install/isaacsim:/home/kimsy/workspaces/IsaacSim-ros_workspaces/humble_ws/install/isaac_tutorials:/home/kimsy/workspaces/IsaacSim-ros_workspaces/humble_ws/install/isaac_ros2_messages:/home/kimsy/workspaces/IsaacSim-ros_workspaces/humble_ws/install/custom_message:/home/kimsy/workspaces/IsaacSim-ros_workspaces/humble_ws/install/carter_navigation:/opt/ros/humble:/home/kimsy/workspaces/IsaacSim-ros_workspaces/humble_ws/install/isaac_ros_navigation_goal /usr/bin/cmake --install /home/kimsy/allegro_ws/build/allegro_hand_moveit
