[0.124s] DEBUG:colcon:Command line arguments: ['/usr/bin/colcon', 'build']
[0.124s] DEBUG:colcon:Parsed command line arguments: Namespace(log_base=None, log_level=None, verb_name='build', build_base='build', install_base='install', merge_install=False, symlink_install=False, test_result_base=None, continue_on_error=False, executor='parallel', parallel_workers=16, event_handlers=None, ignore_user_meta=False, metas=['./colcon.meta'], base_paths=['.'], packages_ignore=None, packages_ignore_regex=None, paths=None, packages_up_to=None, packages_up_to_regex=None, packages_above=None, packages_above_and_dependencies=None, packages_above_depth=None, packages_select_by_dep=None, packages_skip_by_dep=None, packages_skip_up_to=None, packages_select_build_failed=False, packages_skip_build_finished=False, packages_select_test_failures=False, packages_skip_test_passed=False, packages_select=None, packages_skip=None, packages_select_regex=None, packages_skip_regex=None, packages_start=None, packages_end=None, allow_overriding=[], cmake_args=None, cmake_target=None, cmake_target_skip_unavailable=False, cmake_clean_cache=False, cmake_clean_first=False, cmake_force_configure=False, ament_cmake_args=None, catkin_cmake_args=None, catkin_skip_building_tests=False, mixin_files=None, mixin=None, verb_parser=<colcon_mixin.mixin.mixin_argument.MixinArgumentDecorator object at 0x7fd18a937850>, verb_extension=<colcon_core.verb.build.BuildVerb object at 0x7fd18a936e90>, main=<bound method BuildVerb.main of <colcon_core.verb.build.BuildVerb object at 0x7fd18a936e90>>, mixin_verb=('build',))
[0.286s] Level 1:colcon.colcon_core.package_discovery:discover_packages(colcon_meta) check parameters
[0.286s] Level 1:colcon.colcon_core.package_discovery:discover_packages(recursive) check parameters
[0.286s] Level 1:colcon.colcon_core.package_discovery:discover_packages(ignore) check parameters
[0.286s] Level 1:colcon.colcon_core.package_discovery:discover_packages(path) check parameters
[0.286s] Level 1:colcon.colcon_core.package_discovery:discover_packages(colcon_meta) discover
[0.286s] Level 1:colcon.colcon_core.package_discovery:discover_packages(recursive) discover
[0.286s] INFO:colcon.colcon_core.package_discovery:Crawling recursively for packages in '/home/kimsy/allegro_ws'
[0.286s] Level 1:colcon.colcon_core.package_identification:_identify(.) by extensions ['ignore', 'ignore_ament_install']
[0.287s] Level 1:colcon.colcon_core.package_identification:_identify(.) by extension 'ignore'
[0.287s] Level 1:colcon.colcon_core.package_identification:_identify(.) by extension 'ignore_ament_install'
[0.287s] Level 1:colcon.colcon_core.package_identification:_identify(.) by extensions ['colcon_pkg']
[0.287s] Level 1:colcon.colcon_core.package_identification:_identify(.) by extension 'colcon_pkg'
[0.287s] Level 1:colcon.colcon_core.package_identification:_identify(.) by extensions ['colcon_meta']
[0.287s] Level 1:colcon.colcon_core.package_identification:_identify(.) by extension 'colcon_meta'
[0.287s] Level 1:colcon.colcon_core.package_identification:_identify(.) by extensions ['ros']
[0.287s] Level 1:colcon.colcon_core.package_identification:_identify(.) by extension 'ros'
[0.296s] Level 1:colcon.colcon_core.package_identification:_identify(.) by extensions ['cmake', 'python']
[0.296s] Level 1:colcon.colcon_core.package_identification:_identify(.) by extension 'cmake'
[0.296s] Level 1:colcon.colcon_core.package_identification:_identify(.) by extension 'python'
[0.296s] Level 1:colcon.colcon_core.package_identification:_identify(.) by extensions ['python_setup_py']
[0.296s] Level 1:colcon.colcon_core.package_identification:_identify(.) by extension 'python_setup_py'
[0.296s] Level 1:colcon.colcon_core.package_identification:_identify(allegro_hand_ros2_v5) by extensions ['ignore', 'ignore_ament_install']
[0.296s] Level 1:colcon.colcon_core.package_identification:_identify(allegro_hand_ros2_v5) by extension 'ignore'
[0.296s] Level 1:colcon.colcon_core.package_identification:_identify(allegro_hand_ros2_v5) by extension 'ignore_ament_install'
[0.296s] Level 1:colcon.colcon_core.package_identification:_identify(allegro_hand_ros2_v5) by extensions ['colcon_pkg']
[0.296s] Level 1:colcon.colcon_core.package_identification:_identify(allegro_hand_ros2_v5) by extension 'colcon_pkg'
[0.296s] Level 1:colcon.colcon_core.package_identification:_identify(allegro_hand_ros2_v5) by extensions ['colcon_meta']
[0.296s] Level 1:colcon.colcon_core.package_identification:_identify(allegro_hand_ros2_v5) by extension 'colcon_meta'
[0.296s] Level 1:colcon.colcon_core.package_identification:_identify(allegro_hand_ros2_v5) by extensions ['ros']
[0.296s] Level 1:colcon.colcon_core.package_identification:_identify(allegro_hand_ros2_v5) by extension 'ros'
[0.296s] Level 1:colcon.colcon_core.package_identification:_identify(allegro_hand_ros2_v5) by extensions ['cmake', 'python']
[0.296s] Level 1:colcon.colcon_core.package_identification:_identify(allegro_hand_ros2_v5) by extension 'cmake'
[0.297s] Level 1:colcon.colcon_core.package_identification:_identify(allegro_hand_ros2_v5) by extension 'python'
[0.297s] Level 1:colcon.colcon_core.package_identification:_identify(allegro_hand_ros2_v5) by extensions ['python_setup_py']
[0.297s] Level 1:colcon.colcon_core.package_identification:_identify(allegro_hand_ros2_v5) by extension 'python_setup_py'
[0.297s] Level 1:colcon.colcon_core.package_identification:_identify(allegro_hand_ros2_v5/src) by extensions ['ignore', 'ignore_ament_install']
[0.297s] Level 1:colcon.colcon_core.package_identification:_identify(allegro_hand_ros2_v5/src) by extension 'ignore'
[0.297s] Level 1:colcon.colcon_core.package_identification:_identify(allegro_hand_ros2_v5/src) by extension 'ignore_ament_install'
[0.297s] Level 1:colcon.colcon_core.package_identification:_identify(allegro_hand_ros2_v5/src) by extensions ['colcon_pkg']
[0.297s] Level 1:colcon.colcon_core.package_identification:_identify(allegro_hand_ros2_v5/src) by extension 'colcon_pkg'
[0.297s] Level 1:colcon.colcon_core.package_identification:_identify(allegro_hand_ros2_v5/src) by extensions ['colcon_meta']
[0.297s] Level 1:colcon.colcon_core.package_identification:_identify(allegro_hand_ros2_v5/src) by extension 'colcon_meta'
[0.297s] Level 1:colcon.colcon_core.package_identification:_identify(allegro_hand_ros2_v5/src) by extensions ['ros']
[0.297s] Level 1:colcon.colcon_core.package_identification:_identify(allegro_hand_ros2_v5/src) by extension 'ros'
[0.297s] Level 1:colcon.colcon_core.package_identification:_identify(allegro_hand_ros2_v5/src) by extensions ['cmake', 'python']
[0.297s] Level 1:colcon.colcon_core.package_identification:_identify(allegro_hand_ros2_v5/src) by extension 'cmake'
[0.297s] Level 1:colcon.colcon_core.package_identification:_identify(allegro_hand_ros2_v5/src) by extension 'python'
[0.297s] Level 1:colcon.colcon_core.package_identification:_identify(allegro_hand_ros2_v5/src) by extensions ['python_setup_py']
[0.297s] Level 1:colcon.colcon_core.package_identification:_identify(allegro_hand_ros2_v5/src) by extension 'python_setup_py'
[0.297s] Level 1:colcon.colcon_core.package_identification:_identify(allegro_hand_ros2_v5/src/allegro_hand_controllers) by extensions ['ignore', 'ignore_ament_install']
[0.297s] Level 1:colcon.colcon_core.package_identification:_identify(allegro_hand_ros2_v5/src/allegro_hand_controllers) by extension 'ignore'
[0.297s] Level 1:colcon.colcon_core.package_identification:_identify(allegro_hand_ros2_v5/src/allegro_hand_controllers) by extension 'ignore_ament_install'
[0.297s] Level 1:colcon.colcon_core.package_identification:_identify(allegro_hand_ros2_v5/src/allegro_hand_controllers) by extensions ['colcon_pkg']
[0.297s] Level 1:colcon.colcon_core.package_identification:_identify(allegro_hand_ros2_v5/src/allegro_hand_controllers) by extension 'colcon_pkg'
[0.297s] Level 1:colcon.colcon_core.package_identification:_identify(allegro_hand_ros2_v5/src/allegro_hand_controllers) by extensions ['colcon_meta']
[0.297s] Level 1:colcon.colcon_core.package_identification:_identify(allegro_hand_ros2_v5/src/allegro_hand_controllers) by extension 'colcon_meta'
[0.297s] Level 1:colcon.colcon_core.package_identification:_identify(allegro_hand_ros2_v5/src/allegro_hand_controllers) by extensions ['ros']
[0.297s] Level 1:colcon.colcon_core.package_identification:_identify(allegro_hand_ros2_v5/src/allegro_hand_controllers) by extension 'ros'
[0.300s] DEBUG:colcon.colcon_core.package_identification:Package 'allegro_hand_ros2_v5/src/allegro_hand_controllers' with type 'ros.ament_cmake' and name 'allegro_hand_controllers'
[0.300s] Level 1:colcon.colcon_core.package_identification:_identify(allegro_hand_ros2_v5/src/allegro_hand_driver) by extensions ['ignore', 'ignore_ament_install']
[0.300s] Level 1:colcon.colcon_core.package_identification:_identify(allegro_hand_ros2_v5/src/allegro_hand_driver) by extension 'ignore'
[0.300s] Level 1:colcon.colcon_core.package_identification:_identify(allegro_hand_ros2_v5/src/allegro_hand_driver) by extension 'ignore_ament_install'
[0.300s] Level 1:colcon.colcon_core.package_identification:_identify(allegro_hand_ros2_v5/src/allegro_hand_driver) by extensions ['colcon_pkg']
[0.300s] Level 1:colcon.colcon_core.package_identification:_identify(allegro_hand_ros2_v5/src/allegro_hand_driver) by extension 'colcon_pkg'
[0.300s] Level 1:colcon.colcon_core.package_identification:_identify(allegro_hand_ros2_v5/src/allegro_hand_driver) by extensions ['colcon_meta']
[0.300s] Level 1:colcon.colcon_core.package_identification:_identify(allegro_hand_ros2_v5/src/allegro_hand_driver) by extension 'colcon_meta'
[0.300s] Level 1:colcon.colcon_core.package_identification:_identify(allegro_hand_ros2_v5/src/allegro_hand_driver) by extensions ['ros']
[0.300s] Level 1:colcon.colcon_core.package_identification:_identify(allegro_hand_ros2_v5/src/allegro_hand_driver) by extension 'ros'
[0.301s] DEBUG:colcon.colcon_core.package_identification:Package 'allegro_hand_ros2_v5/src/allegro_hand_driver' with type 'ros.ament_cmake' and name 'allegro_hand_driver'
[0.301s] Level 1:colcon.colcon_core.package_identification:_identify(allegro_hand_ros2_v5/src/allegro_hand_gui) by extensions ['ignore', 'ignore_ament_install']
[0.301s] Level 1:colcon.colcon_core.package_identification:_identify(allegro_hand_ros2_v5/src/allegro_hand_gui) by extension 'ignore'
[0.301s] Level 1:colcon.colcon_core.package_identification:_identify(allegro_hand_ros2_v5/src/allegro_hand_gui) by extension 'ignore_ament_install'
[0.301s] Level 1:colcon.colcon_core.package_identification:_identify(allegro_hand_ros2_v5/src/allegro_hand_gui) by extensions ['colcon_pkg']
[0.301s] Level 1:colcon.colcon_core.package_identification:_identify(allegro_hand_ros2_v5/src/allegro_hand_gui) by extension 'colcon_pkg'
[0.301s] Level 1:colcon.colcon_core.package_identification:_identify(allegro_hand_ros2_v5/src/allegro_hand_gui) by extensions ['colcon_meta']
[0.301s] Level 1:colcon.colcon_core.package_identification:_identify(allegro_hand_ros2_v5/src/allegro_hand_gui) by extension 'colcon_meta'
[0.301s] Level 1:colcon.colcon_core.package_identification:_identify(allegro_hand_ros2_v5/src/allegro_hand_gui) by extensions ['ros']
[0.301s] Level 1:colcon.colcon_core.package_identification:_identify(allegro_hand_ros2_v5/src/allegro_hand_gui) by extension 'ros'
[0.302s] DEBUG:colcon.colcon_core.package_identification:Package 'allegro_hand_ros2_v5/src/allegro_hand_gui' with type 'ros.ament_cmake' and name 'allegro_hand_gui'
[0.302s] Level 1:colcon.colcon_core.package_identification:_identify(allegro_hand_ros2_v5/src/allegro_hand_keyboards) by extensions ['ignore', 'ignore_ament_install']
[0.302s] Level 1:colcon.colcon_core.package_identification:_identify(allegro_hand_ros2_v5/src/allegro_hand_keyboards) by extension 'ignore'
[0.302s] Level 1:colcon.colcon_core.package_identification:_identify(allegro_hand_ros2_v5/src/allegro_hand_keyboards) by extension 'ignore_ament_install'
[0.302s] Level 1:colcon.colcon_core.package_identification:_identify(allegro_hand_ros2_v5/src/allegro_hand_keyboards) by extensions ['colcon_pkg']
[0.302s] Level 1:colcon.colcon_core.package_identification:_identify(allegro_hand_ros2_v5/src/allegro_hand_keyboards) by extension 'colcon_pkg'
[0.302s] Level 1:colcon.colcon_core.package_identification:_identify(allegro_hand_ros2_v5/src/allegro_hand_keyboards) by extensions ['colcon_meta']
[0.302s] Level 1:colcon.colcon_core.package_identification:_identify(allegro_hand_ros2_v5/src/allegro_hand_keyboards) by extension 'colcon_meta'
[0.302s] Level 1:colcon.colcon_core.package_identification:_identify(allegro_hand_ros2_v5/src/allegro_hand_keyboards) by extensions ['ros']
[0.302s] Level 1:colcon.colcon_core.package_identification:_identify(allegro_hand_ros2_v5/src/allegro_hand_keyboards) by extension 'ros'
[0.303s] DEBUG:colcon.colcon_core.package_identification:Package 'allegro_hand_ros2_v5/src/allegro_hand_keyboards' with type 'ros.ament_cmake' and name 'allegro_hand_keyboards'
[0.303s] Level 1:colcon.colcon_core.package_identification:_identify(allegro_hand_ros2_v5/src/allegro_hand_moveit) by extensions ['ignore', 'ignore_ament_install']
[0.303s] Level 1:colcon.colcon_core.package_identification:_identify(allegro_hand_ros2_v5/src/allegro_hand_moveit) by extension 'ignore'
[0.303s] Level 1:colcon.colcon_core.package_identification:_identify(allegro_hand_ros2_v5/src/allegro_hand_moveit) by extension 'ignore_ament_install'
[0.303s] Level 1:colcon.colcon_core.package_identification:_identify(allegro_hand_ros2_v5/src/allegro_hand_moveit) by extensions ['colcon_pkg']
[0.303s] Level 1:colcon.colcon_core.package_identification:_identify(allegro_hand_ros2_v5/src/allegro_hand_moveit) by extension 'colcon_pkg'
[0.303s] Level 1:colcon.colcon_core.package_identification:_identify(allegro_hand_ros2_v5/src/allegro_hand_moveit) by extensions ['colcon_meta']
[0.303s] Level 1:colcon.colcon_core.package_identification:_identify(allegro_hand_ros2_v5/src/allegro_hand_moveit) by extension 'colcon_meta'
[0.303s] Level 1:colcon.colcon_core.package_identification:_identify(allegro_hand_ros2_v5/src/allegro_hand_moveit) by extensions ['ros']
[0.303s] Level 1:colcon.colcon_core.package_identification:_identify(allegro_hand_ros2_v5/src/allegro_hand_moveit) by extension 'ros'
[0.305s] DEBUG:colcon.colcon_core.package_identification:Package 'allegro_hand_ros2_v5/src/allegro_hand_moveit' with type 'ros.ament_cmake' and name 'allegro_hand_moveit'
[0.305s] Level 1:colcon.colcon_core.package_identification:_identify(allegro_hand_ros2_v5/src/bhand) by extensions ['ignore', 'ignore_ament_install']
[0.305s] Level 1:colcon.colcon_core.package_identification:_identify(allegro_hand_ros2_v5/src/bhand) by extension 'ignore'
[0.305s] Level 1:colcon.colcon_core.package_identification:_identify(allegro_hand_ros2_v5/src/bhand) by extension 'ignore_ament_install'
[0.305s] Level 1:colcon.colcon_core.package_identification:_identify(allegro_hand_ros2_v5/src/bhand) by extensions ['colcon_pkg']
[0.305s] Level 1:colcon.colcon_core.package_identification:_identify(allegro_hand_ros2_v5/src/bhand) by extension 'colcon_pkg'
[0.305s] Level 1:colcon.colcon_core.package_identification:_identify(allegro_hand_ros2_v5/src/bhand) by extensions ['colcon_meta']
[0.305s] Level 1:colcon.colcon_core.package_identification:_identify(allegro_hand_ros2_v5/src/bhand) by extension 'colcon_meta'
[0.305s] Level 1:colcon.colcon_core.package_identification:_identify(allegro_hand_ros2_v5/src/bhand) by extensions ['ros']
[0.305s] Level 1:colcon.colcon_core.package_identification:_identify(allegro_hand_ros2_v5/src/bhand) by extension 'ros'
[0.306s] DEBUG:colcon.colcon_core.package_identification:Package 'allegro_hand_ros2_v5/src/bhand' with type 'ros.ament_cmake' and name 'bhand'
[0.306s] Level 1:colcon.colcon_core.package_identification:_identify(build) by extensions ['ignore', 'ignore_ament_install']
[0.306s] Level 1:colcon.colcon_core.package_identification:_identify(build) by extension 'ignore'
[0.306s] Level 1:colcon.colcon_core.package_identification:_identify(build) ignored
[0.306s] Level 1:colcon.colcon_core.package_identification:_identify(install) by extensions ['ignore', 'ignore_ament_install']
[0.306s] Level 1:colcon.colcon_core.package_identification:_identify(install) by extension 'ignore'
[0.306s] Level 1:colcon.colcon_core.package_identification:_identify(install) ignored
[0.306s] Level 1:colcon.colcon_core.package_identification:_identify(log) by extensions ['ignore', 'ignore_ament_install']
[0.306s] Level 1:colcon.colcon_core.package_identification:_identify(log) by extension 'ignore'
[0.306s] Level 1:colcon.colcon_core.package_identification:_identify(log) ignored
[0.306s] Level 1:colcon.colcon_core.package_discovery:discover_packages(recursive) using defaults
[0.306s] Level 1:colcon.colcon_core.package_discovery:discover_packages(ignore) discover
[0.306s] Level 1:colcon.colcon_core.package_discovery:discover_packages(ignore) using defaults
[0.306s] Level 1:colcon.colcon_core.package_discovery:discover_packages(path) discover
[0.306s] Level 1:colcon.colcon_core.package_discovery:discover_packages(path) using defaults
[0.334s] Level 1:colcon.colcon_core.package_discovery:discover_packages(prefix_path) check parameters
[0.334s] Level 1:colcon.colcon_core.package_discovery:discover_packages(prefix_path) discover
[0.336s] DEBUG:colcon.colcon_installed_package_information.package_discovery:Found 6 installed packages in /home/kimsy/workspaces/IsaacSim-ros_workspaces/humble_ws/install
[0.337s] DEBUG:colcon.colcon_installed_package_information.package_discovery:Found 360 installed packages in /opt/ros/humble
[0.339s] Level 1:colcon.colcon_core.package_discovery:discover_packages(prefix_path) using defaults
[0.376s] Level 5:colcon.colcon_core.verb:set package 'allegro_hand_driver' build argument 'cmake_args' from command line to 'None'
[0.376s] Level 5:colcon.colcon_core.verb:set package 'allegro_hand_driver' build argument 'cmake_target' from command line to 'None'
[0.376s] Level 5:colcon.colcon_core.verb:set package 'allegro_hand_driver' build argument 'cmake_target_skip_unavailable' from command line to 'False'
[0.376s] Level 5:colcon.colcon_core.verb:set package 'allegro_hand_driver' build argument 'cmake_clean_cache' from command line to 'False'
[0.376s] Level 5:colcon.colcon_core.verb:set package 'allegro_hand_driver' build argument 'cmake_clean_first' from command line to 'False'
[0.376s] Level 5:colcon.colcon_core.verb:set package 'allegro_hand_driver' build argument 'cmake_force_configure' from command line to 'False'
[0.376s] Level 5:colcon.colcon_core.verb:set package 'allegro_hand_driver' build argument 'ament_cmake_args' from command line to 'None'
[0.376s] Level 5:colcon.colcon_core.verb:set package 'allegro_hand_driver' build argument 'catkin_cmake_args' from command line to 'None'
[0.376s] Level 5:colcon.colcon_core.verb:set package 'allegro_hand_driver' build argument 'catkin_skip_building_tests' from command line to 'False'
[0.376s] DEBUG:colcon.colcon_core.verb:Building package 'allegro_hand_driver' with the following arguments: {'ament_cmake_args': None, 'build_base': '/home/kimsy/allegro_ws/build/allegro_hand_driver', 'catkin_cmake_args': None, 'catkin_skip_building_tests': False, 'cmake_args': None, 'cmake_clean_cache': False, 'cmake_clean_first': False, 'cmake_force_configure': False, 'cmake_target': None, 'cmake_target_skip_unavailable': False, 'install_base': '/home/kimsy/allegro_ws/install/allegro_hand_driver', 'merge_install': False, 'path': '/home/kimsy/allegro_ws/allegro_hand_ros2_v5/src/allegro_hand_driver', 'symlink_install': False, 'test_result_base': None}
[0.376s] Level 5:colcon.colcon_core.verb:set package 'allegro_hand_gui' build argument 'cmake_args' from command line to 'None'
[0.377s] Level 5:colcon.colcon_core.verb:set package 'allegro_hand_gui' build argument 'cmake_target' from command line to 'None'
[0.377s] Level 5:colcon.colcon_core.verb:set package 'allegro_hand_gui' build argument 'cmake_target_skip_unavailable' from command line to 'False'
[0.377s] Level 5:colcon.colcon_core.verb:set package 'allegro_hand_gui' build argument 'cmake_clean_cache' from command line to 'False'
[0.377s] Level 5:colcon.colcon_core.verb:set package 'allegro_hand_gui' build argument 'cmake_clean_first' from command line to 'False'
[0.377s] Level 5:colcon.colcon_core.verb:set package 'allegro_hand_gui' build argument 'cmake_force_configure' from command line to 'False'
[0.377s] Level 5:colcon.colcon_core.verb:set package 'allegro_hand_gui' build argument 'ament_cmake_args' from command line to 'None'
[0.377s] Level 5:colcon.colcon_core.verb:set package 'allegro_hand_gui' build argument 'catkin_cmake_args' from command line to 'None'
[0.377s] Level 5:colcon.colcon_core.verb:set package 'allegro_hand_gui' build argument 'catkin_skip_building_tests' from command line to 'False'
[0.377s] DEBUG:colcon.colcon_core.verb:Building package 'allegro_hand_gui' with the following arguments: {'ament_cmake_args': None, 'build_base': '/home/kimsy/allegro_ws/build/allegro_hand_gui', 'catkin_cmake_args': None, 'catkin_skip_building_tests': False, 'cmake_args': None, 'cmake_clean_cache': False, 'cmake_clean_first': False, 'cmake_force_configure': False, 'cmake_target': None, 'cmake_target_skip_unavailable': False, 'install_base': '/home/kimsy/allegro_ws/install/allegro_hand_gui', 'merge_install': False, 'path': '/home/kimsy/allegro_ws/allegro_hand_ros2_v5/src/allegro_hand_gui', 'symlink_install': False, 'test_result_base': None}
[0.377s] Level 5:colcon.colcon_core.verb:set package 'bhand' build argument 'cmake_args' from command line to 'None'
[0.377s] Level 5:colcon.colcon_core.verb:set package 'bhand' build argument 'cmake_target' from command line to 'None'
[0.377s] Level 5:colcon.colcon_core.verb:set package 'bhand' build argument 'cmake_target_skip_unavailable' from command line to 'False'
[0.377s] Level 5:colcon.colcon_core.verb:set package 'bhand' build argument 'cmake_clean_cache' from command line to 'False'
[0.377s] Level 5:colcon.colcon_core.verb:set package 'bhand' build argument 'cmake_clean_first' from command line to 'False'
[0.377s] Level 5:colcon.colcon_core.verb:set package 'bhand' build argument 'cmake_force_configure' from command line to 'False'
[0.377s] Level 5:colcon.colcon_core.verb:set package 'bhand' build argument 'ament_cmake_args' from command line to 'None'
[0.377s] Level 5:colcon.colcon_core.verb:set package 'bhand' build argument 'catkin_cmake_args' from command line to 'None'
[0.377s] Level 5:colcon.colcon_core.verb:set package 'bhand' build argument 'catkin_skip_building_tests' from command line to 'False'
[0.377s] DEBUG:colcon.colcon_core.verb:Building package 'bhand' with the following arguments: {'ament_cmake_args': None, 'build_base': '/home/kimsy/allegro_ws/build/bhand', 'catkin_cmake_args': None, 'catkin_skip_building_tests': False, 'cmake_args': None, 'cmake_clean_cache': False, 'cmake_clean_first': False, 'cmake_force_configure': False, 'cmake_target': None, 'cmake_target_skip_unavailable': False, 'install_base': '/home/kimsy/allegro_ws/install/bhand', 'merge_install': False, 'path': '/home/kimsy/allegro_ws/allegro_hand_ros2_v5/src/bhand', 'symlink_install': False, 'test_result_base': None}
[0.377s] Level 5:colcon.colcon_core.verb:set package 'allegro_hand_controllers' build argument 'cmake_args' from command line to 'None'
[0.377s] Level 5:colcon.colcon_core.verb:set package 'allegro_hand_controllers' build argument 'cmake_target' from command line to 'None'
[0.377s] Level 5:colcon.colcon_core.verb:set package 'allegro_hand_controllers' build argument 'cmake_target_skip_unavailable' from command line to 'False'
[0.377s] Level 5:colcon.colcon_core.verb:set package 'allegro_hand_controllers' build argument 'cmake_clean_cache' from command line to 'False'
[0.377s] Level 5:colcon.colcon_core.verb:set package 'allegro_hand_controllers' build argument 'cmake_clean_first' from command line to 'False'
[0.377s] Level 5:colcon.colcon_core.verb:set package 'allegro_hand_controllers' build argument 'cmake_force_configure' from command line to 'False'
[0.378s] Level 5:colcon.colcon_core.verb:set package 'allegro_hand_controllers' build argument 'ament_cmake_args' from command line to 'None'
[0.378s] Level 5:colcon.colcon_core.verb:set package 'allegro_hand_controllers' build argument 'catkin_cmake_args' from command line to 'None'
[0.378s] Level 5:colcon.colcon_core.verb:set package 'allegro_hand_controllers' build argument 'catkin_skip_building_tests' from command line to 'False'
[0.378s] DEBUG:colcon.colcon_core.verb:Building package 'allegro_hand_controllers' with the following arguments: {'ament_cmake_args': None, 'build_base': '/home/kimsy/allegro_ws/build/allegro_hand_controllers', 'catkin_cmake_args': None, 'catkin_skip_building_tests': False, 'cmake_args': None, 'cmake_clean_cache': False, 'cmake_clean_first': False, 'cmake_force_configure': False, 'cmake_target': None, 'cmake_target_skip_unavailable': False, 'install_base': '/home/kimsy/allegro_ws/install/allegro_hand_controllers', 'merge_install': False, 'path': '/home/kimsy/allegro_ws/allegro_hand_ros2_v5/src/allegro_hand_controllers', 'symlink_install': False, 'test_result_base': None}
[0.378s] Level 5:colcon.colcon_core.verb:set package 'allegro_hand_keyboards' build argument 'cmake_args' from command line to 'None'
[0.378s] Level 5:colcon.colcon_core.verb:set package 'allegro_hand_keyboards' build argument 'cmake_target' from command line to 'None'
[0.378s] Level 5:colcon.colcon_core.verb:set package 'allegro_hand_keyboards' build argument 'cmake_target_skip_unavailable' from command line to 'False'
[0.378s] Level 5:colcon.colcon_core.verb:set package 'allegro_hand_keyboards' build argument 'cmake_clean_cache' from command line to 'False'
[0.378s] Level 5:colcon.colcon_core.verb:set package 'allegro_hand_keyboards' build argument 'cmake_clean_first' from command line to 'False'
[0.378s] Level 5:colcon.colcon_core.verb:set package 'allegro_hand_keyboards' build argument 'cmake_force_configure' from command line to 'False'
[0.378s] Level 5:colcon.colcon_core.verb:set package 'allegro_hand_keyboards' build argument 'ament_cmake_args' from command line to 'None'
[0.378s] Level 5:colcon.colcon_core.verb:set package 'allegro_hand_keyboards' build argument 'catkin_cmake_args' from command line to 'None'
[0.378s] Level 5:colcon.colcon_core.verb:set package 'allegro_hand_keyboards' build argument 'catkin_skip_building_tests' from command line to 'False'
[0.378s] DEBUG:colcon.colcon_core.verb:Building package 'allegro_hand_keyboards' with the following arguments: {'ament_cmake_args': None, 'build_base': '/home/kimsy/allegro_ws/build/allegro_hand_keyboards', 'catkin_cmake_args': None, 'catkin_skip_building_tests': False, 'cmake_args': None, 'cmake_clean_cache': False, 'cmake_clean_first': False, 'cmake_force_configure': False, 'cmake_target': None, 'cmake_target_skip_unavailable': False, 'install_base': '/home/kimsy/allegro_ws/install/allegro_hand_keyboards', 'merge_install': False, 'path': '/home/kimsy/allegro_ws/allegro_hand_ros2_v5/src/allegro_hand_keyboards', 'symlink_install': False, 'test_result_base': None}
[0.378s] Level 5:colcon.colcon_core.verb:set package 'allegro_hand_moveit' build argument 'cmake_args' from command line to 'None'
[0.378s] Level 5:colcon.colcon_core.verb:set package 'allegro_hand_moveit' build argument 'cmake_target' from command line to 'None'
[0.378s] Level 5:colcon.colcon_core.verb:set package 'allegro_hand_moveit' build argument 'cmake_target_skip_unavailable' from command line to 'False'
[0.378s] Level 5:colcon.colcon_core.verb:set package 'allegro_hand_moveit' build argument 'cmake_clean_cache' from command line to 'False'
[0.378s] Level 5:colcon.colcon_core.verb:set package 'allegro_hand_moveit' build argument 'cmake_clean_first' from command line to 'False'
[0.378s] Level 5:colcon.colcon_core.verb:set package 'allegro_hand_moveit' build argument 'cmake_force_configure' from command line to 'False'
[0.378s] Level 5:colcon.colcon_core.verb:set package 'allegro_hand_moveit' build argument 'ament_cmake_args' from command line to 'None'
[0.378s] Level 5:colcon.colcon_core.verb:set package 'allegro_hand_moveit' build argument 'catkin_cmake_args' from command line to 'None'
[0.378s] Level 5:colcon.colcon_core.verb:set package 'allegro_hand_moveit' build argument 'catkin_skip_building_tests' from command line to 'False'
[0.378s] DEBUG:colcon.colcon_core.verb:Building package 'allegro_hand_moveit' with the following arguments: {'ament_cmake_args': None, 'build_base': '/home/kimsy/allegro_ws/build/allegro_hand_moveit', 'catkin_cmake_args': None, 'catkin_skip_building_tests': False, 'cmake_args': None, 'cmake_clean_cache': False, 'cmake_clean_first': False, 'cmake_force_configure': False, 'cmake_target': None, 'cmake_target_skip_unavailable': False, 'install_base': '/home/kimsy/allegro_ws/install/allegro_hand_moveit', 'merge_install': False, 'path': '/home/kimsy/allegro_ws/allegro_hand_ros2_v5/src/allegro_hand_moveit', 'symlink_install': False, 'test_result_base': None}
[0.378s] INFO:colcon.colcon_core.executor:Executing jobs using 'parallel' executor
[0.379s] DEBUG:colcon.colcon_parallel_executor.executor.parallel:run_until_complete
[0.380s] INFO:colcon.colcon_ros.task.ament_cmake.build:Building ROS package in '/home/kimsy/allegro_ws/allegro_hand_ros2_v5/src/allegro_hand_driver' with build type 'ament_cmake'
[0.380s] INFO:colcon.colcon_cmake.task.cmake.build:Building CMake package in '/home/kimsy/allegro_ws/allegro_hand_ros2_v5/src/allegro_hand_driver'
[0.382s] INFO:colcon.colcon_core.plugin_system:Skipping extension 'colcon_core.shell.bat': Not used on non-Windows systems
[0.382s] INFO:colcon.colcon_core.shell:Skip shell extension 'powershell' for command environment: Not usable outside of PowerShell
[0.382s] DEBUG:colcon.colcon_core.shell:Skip shell extension 'dsv' for command environment
[0.386s] INFO:colcon.colcon_ros.task.ament_cmake.build:Building ROS package in '/home/kimsy/allegro_ws/allegro_hand_ros2_v5/src/bhand' with build type 'ament_cmake'
[0.386s] INFO:colcon.colcon_cmake.task.cmake.build:Building CMake package in '/home/kimsy/allegro_ws/allegro_hand_ros2_v5/src/bhand'
[0.386s] INFO:colcon.colcon_core.shell:Skip shell extension 'powershell' for command environment: Not usable outside of PowerShell
[0.386s] DEBUG:colcon.colcon_core.shell:Skip shell extension 'dsv' for command environment
[0.389s] INFO:colcon.colcon_ros.task.ament_cmake.build:Building ROS package in '/home/kimsy/allegro_ws/allegro_hand_ros2_v5/src/allegro_hand_gui' with build type 'ament_cmake'
[0.389s] INFO:colcon.colcon_cmake.task.cmake.build:Building CMake package in '/home/kimsy/allegro_ws/allegro_hand_ros2_v5/src/allegro_hand_gui'
[0.390s] INFO:colcon.colcon_core.shell:Skip shell extension 'powershell' for command environment: Not usable outside of PowerShell
[0.390s] DEBUG:colcon.colcon_core.shell:Skip shell extension 'dsv' for command environment
[0.396s] DEBUG:colcon.colcon_core.event_handler.log_command:Invoking command in '/home/kimsy/allegro_ws/build/allegro_hand_driver': CMAKE_PREFIX_PATH=${CMAKE_PREFIX_PATH}:/opt/ros/humble:/home/kimsy/workspaces/IsaacSim-ros_workspaces/humble_ws/install/isaac_ros_navigation_goal /usr/bin/cmake --build /home/kimsy/allegro_ws/build/allegro_hand_driver -- -j16 -l16
[0.401s] DEBUG:colcon.colcon_core.event_handler.log_command:Invoking command in '/home/kimsy/allegro_ws/build/bhand': CMAKE_PREFIX_PATH=${CMAKE_PREFIX_PATH}:/opt/ros/humble:/home/kimsy/workspaces/IsaacSim-ros_workspaces/humble_ws/install/isaac_ros_navigation_goal /usr/bin/cmake --build /home/kimsy/allegro_ws/build/bhand -- -j16 -l16
[0.404s] DEBUG:colcon.colcon_core.event_handler.log_command:Invoking command in '/home/kimsy/allegro_ws/build/allegro_hand_gui': CMAKE_PREFIX_PATH=${CMAKE_PREFIX_PATH}:/opt/ros/humble:/home/kimsy/workspaces/IsaacSim-ros_workspaces/humble_ws/install/isaac_ros_navigation_goal /usr/bin/cmake --build /home/kimsy/allegro_ws/build/allegro_hand_gui -- -j16 -l16
[0.446s] DEBUG:colcon.colcon_core.event_handler.log_command:Invoked command in '/home/kimsy/allegro_ws/build/bhand' returned '0': CMAKE_PREFIX_PATH=${CMAKE_PREFIX_PATH}:/opt/ros/humble:/home/kimsy/workspaces/IsaacSim-ros_workspaces/humble_ws/install/isaac_ros_navigation_goal /usr/bin/cmake --build /home/kimsy/allegro_ws/build/bhand -- -j16 -l16
[0.455s] DEBUG:colcon.colcon_core.event_handler.log_command:Invoking command in '/home/kimsy/allegro_ws/build/bhand': CMAKE_PREFIX_PATH=${CMAKE_PREFIX_PATH}:/opt/ros/humble:/home/kimsy/workspaces/IsaacSim-ros_workspaces/humble_ws/install/isaac_ros_navigation_goal /usr/bin/cmake --install /home/kimsy/allegro_ws/build/bhand
[0.464s] Level 1:colcon.colcon_core.environment:create_environment_scripts_only(bhand)
[0.465s] DEBUG:colcon.colcon_core.event_handler.log_command:Invoked command in '/home/kimsy/allegro_ws/build/bhand' returned '0': CMAKE_PREFIX_PATH=${CMAKE_PREFIX_PATH}:/opt/ros/humble:/home/kimsy/workspaces/IsaacSim-ros_workspaces/humble_ws/install/isaac_ros_navigation_goal /usr/bin/cmake --install /home/kimsy/allegro_ws/build/bhand
[0.468s] Level 1:colcon.colcon_core.environment:checking '/home/kimsy/allegro_ws/install/bhand' for CMake module files
[0.468s] Level 1:colcon.colcon_core.environment:checking '/home/kimsy/allegro_ws/install/bhand' for CMake config files
[0.468s] Level 1:colcon.colcon_core.shell:create_environment_hook('bhand', 'cmake_prefix_path')
[0.469s] INFO:colcon.colcon_core.shell:Creating environment hook '/home/kimsy/allegro_ws/install/bhand/share/bhand/hook/cmake_prefix_path.ps1'
[0.469s] INFO:colcon.colcon_core.shell:Creating environment descriptor '/home/kimsy/allegro_ws/install/bhand/share/bhand/hook/cmake_prefix_path.dsv'
[0.470s] INFO:colcon.colcon_core.shell:Creating environment hook '/home/kimsy/allegro_ws/install/bhand/share/bhand/hook/cmake_prefix_path.sh'
[0.470s] Level 1:colcon.colcon_core.environment:checking '/home/kimsy/allegro_ws/install/bhand/lib'
[0.471s] Level 1:colcon.colcon_core.shell:create_environment_hook('bhand', 'ld_library_path_lib')
[0.471s] INFO:colcon.colcon_core.shell:Creating environment hook '/home/kimsy/allegro_ws/install/bhand/share/bhand/hook/ld_library_path_lib.ps1'
[0.471s] INFO:colcon.colcon_core.shell:Creating environment descriptor '/home/kimsy/allegro_ws/install/bhand/share/bhand/hook/ld_library_path_lib.dsv'
[0.471s] INFO:colcon.colcon_core.shell:Creating environment hook '/home/kimsy/allegro_ws/install/bhand/share/bhand/hook/ld_library_path_lib.sh'
[0.472s] Level 1:colcon.colcon_core.environment:checking '/home/kimsy/allegro_ws/install/bhand/bin'
[0.472s] Level 1:colcon.colcon_core.environment:checking '/home/kimsy/allegro_ws/install/bhand/lib/pkgconfig/bhand.pc'
[0.472s] Level 1:colcon.colcon_core.environment:checking '/home/kimsy/allegro_ws/install/bhand/lib/python3.10/site-packages'
[0.472s] Level 1:colcon.colcon_core.environment:checking '/home/kimsy/allegro_ws/install/bhand/bin'
[0.472s] INFO:colcon.colcon_core.shell:Creating package script '/home/kimsy/allegro_ws/install/bhand/share/bhand/package.ps1'
[0.473s] INFO:colcon.colcon_core.shell:Creating package descriptor '/home/kimsy/allegro_ws/install/bhand/share/bhand/package.dsv'
[0.474s] INFO:colcon.colcon_core.shell:Creating package script '/home/kimsy/allegro_ws/install/bhand/share/bhand/package.sh'
[0.474s] INFO:colcon.colcon_core.shell:Creating package script '/home/kimsy/allegro_ws/install/bhand/share/bhand/package.bash'
[0.475s] INFO:colcon.colcon_core.shell:Creating package script '/home/kimsy/allegro_ws/install/bhand/share/bhand/package.zsh'
[0.475s] Level 1:colcon.colcon_core.environment:create_file_with_runtime_dependencies(/home/kimsy/allegro_ws/install/bhand/share/colcon-core/packages/bhand)
[0.476s] Level 1:colcon.colcon_core.environment:create_environment_scripts_only(bhand)
[0.476s] Level 1:colcon.colcon_core.environment:checking '/home/kimsy/allegro_ws/install/bhand' for CMake module files
[0.476s] Level 1:colcon.colcon_core.environment:checking '/home/kimsy/allegro_ws/install/bhand' for CMake config files
[0.477s] Level 1:colcon.colcon_core.shell:create_environment_hook('bhand', 'cmake_prefix_path')
[0.477s] INFO:colcon.colcon_core.shell:Creating environment hook '/home/kimsy/allegro_ws/install/bhand/share/bhand/hook/cmake_prefix_path.ps1'
[0.477s] INFO:colcon.colcon_core.shell:Creating environment descriptor '/home/kimsy/allegro_ws/install/bhand/share/bhand/hook/cmake_prefix_path.dsv'
[0.477s] INFO:colcon.colcon_core.shell:Creating environment hook '/home/kimsy/allegro_ws/install/bhand/share/bhand/hook/cmake_prefix_path.sh'
[0.478s] Level 1:colcon.colcon_core.environment:checking '/home/kimsy/allegro_ws/install/bhand/lib'
[0.478s] Level 1:colcon.colcon_core.shell:create_environment_hook('bhand', 'ld_library_path_lib')
[0.478s] INFO:colcon.colcon_core.shell:Creating environment hook '/home/kimsy/allegro_ws/install/bhand/share/bhand/hook/ld_library_path_lib.ps1'
[0.479s] INFO:colcon.colcon_core.shell:Creating environment descriptor '/home/kimsy/allegro_ws/install/bhand/share/bhand/hook/ld_library_path_lib.dsv'
[0.479s] INFO:colcon.colcon_core.shell:Creating environment hook '/home/kimsy/allegro_ws/install/bhand/share/bhand/hook/ld_library_path_lib.sh'
[0.480s] Level 1:colcon.colcon_core.environment:checking '/home/kimsy/allegro_ws/install/bhand/bin'
[0.480s] Level 1:colcon.colcon_core.environment:checking '/home/kimsy/allegro_ws/install/bhand/lib/pkgconfig/bhand.pc'
[0.480s] Level 1:colcon.colcon_core.environment:checking '/home/kimsy/allegro_ws/install/bhand/lib/python3.10/site-packages'
[0.480s] Level 1:colcon.colcon_core.environment:checking '/home/kimsy/allegro_ws/install/bhand/bin'
[0.480s] INFO:colcon.colcon_core.shell:Creating package script '/home/kimsy/allegro_ws/install/bhand/share/bhand/package.ps1'
[0.481s] INFO:colcon.colcon_core.shell:Creating package descriptor '/home/kimsy/allegro_ws/install/bhand/share/bhand/package.dsv'
[0.481s] INFO:colcon.colcon_core.shell:Creating package script '/home/kimsy/allegro_ws/install/bhand/share/bhand/package.sh'
[0.481s] INFO:colcon.colcon_core.shell:Creating package script '/home/kimsy/allegro_ws/install/bhand/share/bhand/package.bash'
[0.482s] INFO:colcon.colcon_core.shell:Creating package script '/home/kimsy/allegro_ws/install/bhand/share/bhand/package.zsh'
[0.482s] Level 1:colcon.colcon_core.environment:create_file_with_runtime_dependencies(/home/kimsy/allegro_ws/install/bhand/share/colcon-core/packages/bhand)
[0.483s] DEBUG:colcon.colcon_core.event_handler.log_command:Invoked command in '/home/kimsy/allegro_ws/build/allegro_hand_driver' returned '0': CMAKE_PREFIX_PATH=${CMAKE_PREFIX_PATH}:/opt/ros/humble:/home/kimsy/workspaces/IsaacSim-ros_workspaces/humble_ws/install/isaac_ros_navigation_goal /usr/bin/cmake --build /home/kimsy/allegro_ws/build/allegro_hand_driver -- -j16 -l16
[0.484s] DEBUG:colcon.colcon_core.event_handler.log_command:Invoking command in '/home/kimsy/allegro_ws/build/allegro_hand_driver': CMAKE_PREFIX_PATH=${CMAKE_PREFIX_PATH}:/opt/ros/humble:/home/kimsy/workspaces/IsaacSim-ros_workspaces/humble_ws/install/isaac_ros_navigation_goal /usr/bin/cmake --install /home/kimsy/allegro_ws/build/allegro_hand_driver
[0.494s] Level 1:colcon.colcon_core.environment:create_environment_scripts_only(allegro_hand_driver)
[0.494s] Level 1:colcon.colcon_core.environment:checking '/home/kimsy/allegro_ws/install/allegro_hand_driver' for CMake module files
[0.495s] DEBUG:colcon.colcon_core.event_handler.log_command:Invoked command in '/home/kimsy/allegro_ws/build/allegro_hand_driver' returned '0': CMAKE_PREFIX_PATH=${CMAKE_PREFIX_PATH}:/opt/ros/humble:/home/kimsy/workspaces/IsaacSim-ros_workspaces/humble_ws/install/isaac_ros_navigation_goal /usr/bin/cmake --install /home/kimsy/allegro_ws/build/allegro_hand_driver
[0.495s] Level 1:colcon.colcon_core.environment:checking '/home/kimsy/allegro_ws/install/allegro_hand_driver' for CMake config files
[0.495s] Level 1:colcon.colcon_core.shell:create_environment_hook('allegro_hand_driver', 'cmake_prefix_path')
[0.496s] INFO:colcon.colcon_core.shell:Creating environment hook '/home/kimsy/allegro_ws/install/allegro_hand_driver/share/allegro_hand_driver/hook/cmake_prefix_path.ps1'
[0.496s] INFO:colcon.colcon_core.shell:Creating environment descriptor '/home/kimsy/allegro_ws/install/allegro_hand_driver/share/allegro_hand_driver/hook/cmake_prefix_path.dsv'
[0.496s] INFO:colcon.colcon_core.shell:Creating environment hook '/home/kimsy/allegro_ws/install/allegro_hand_driver/share/allegro_hand_driver/hook/cmake_prefix_path.sh'
[0.497s] Level 1:colcon.colcon_core.environment:checking '/home/kimsy/allegro_ws/install/allegro_hand_driver/lib'
[0.497s] Level 1:colcon.colcon_core.environment:checking '/home/kimsy/allegro_ws/install/allegro_hand_driver/bin'
[0.497s] Level 1:colcon.colcon_core.environment:checking '/home/kimsy/allegro_ws/install/allegro_hand_driver/lib/pkgconfig/allegro_hand_driver.pc'
[0.497s] Level 1:colcon.colcon_core.environment:checking '/home/kimsy/allegro_ws/install/allegro_hand_driver/lib/python3.10/site-packages'
[0.497s] Level 1:colcon.colcon_core.environment:checking '/home/kimsy/allegro_ws/install/allegro_hand_driver/bin'
[0.497s] INFO:colcon.colcon_core.shell:Creating package script '/home/kimsy/allegro_ws/install/allegro_hand_driver/share/allegro_hand_driver/package.ps1'
[0.498s] INFO:colcon.colcon_core.shell:Creating package descriptor '/home/kimsy/allegro_ws/install/allegro_hand_driver/share/allegro_hand_driver/package.dsv'
[0.498s] INFO:colcon.colcon_core.shell:Creating package script '/home/kimsy/allegro_ws/install/allegro_hand_driver/share/allegro_hand_driver/package.sh'
[0.498s] INFO:colcon.colcon_core.shell:Creating package script '/home/kimsy/allegro_ws/install/allegro_hand_driver/share/allegro_hand_driver/package.bash'
[0.499s] INFO:colcon.colcon_core.shell:Creating package script '/home/kimsy/allegro_ws/install/allegro_hand_driver/share/allegro_hand_driver/package.zsh'
[0.499s] Level 1:colcon.colcon_core.environment:create_file_with_runtime_dependencies(/home/kimsy/allegro_ws/install/allegro_hand_driver/share/colcon-core/packages/allegro_hand_driver)
[0.499s] Level 1:colcon.colcon_core.environment:create_environment_scripts_only(allegro_hand_driver)
[0.500s] Level 1:colcon.colcon_core.environment:checking '/home/kimsy/allegro_ws/install/allegro_hand_driver' for CMake module files
[0.500s] Level 1:colcon.colcon_core.environment:checking '/home/kimsy/allegro_ws/install/allegro_hand_driver' for CMake config files
[0.500s] Level 1:colcon.colcon_core.shell:create_environment_hook('allegro_hand_driver', 'cmake_prefix_path')
[0.500s] INFO:colcon.colcon_core.shell:Creating environment hook '/home/kimsy/allegro_ws/install/allegro_hand_driver/share/allegro_hand_driver/hook/cmake_prefix_path.ps1'
[0.501s] INFO:colcon.colcon_core.shell:Creating environment descriptor '/home/kimsy/allegro_ws/install/allegro_hand_driver/share/allegro_hand_driver/hook/cmake_prefix_path.dsv'
[0.501s] INFO:colcon.colcon_core.shell:Creating environment hook '/home/kimsy/allegro_ws/install/allegro_hand_driver/share/allegro_hand_driver/hook/cmake_prefix_path.sh'
[0.501s] Level 1:colcon.colcon_core.environment:checking '/home/kimsy/allegro_ws/install/allegro_hand_driver/lib'
[0.501s] Level 1:colcon.colcon_core.environment:checking '/home/kimsy/allegro_ws/install/allegro_hand_driver/bin'
[0.501s] Level 1:colcon.colcon_core.environment:checking '/home/kimsy/allegro_ws/install/allegro_hand_driver/lib/pkgconfig/allegro_hand_driver.pc'
[0.501s] Level 1:colcon.colcon_core.environment:checking '/home/kimsy/allegro_ws/install/allegro_hand_driver/lib/python3.10/site-packages'
[0.502s] Level 1:colcon.colcon_core.environment:checking '/home/kimsy/allegro_ws/install/allegro_hand_driver/bin'
[0.502s] INFO:colcon.colcon_core.shell:Creating package script '/home/kimsy/allegro_ws/install/allegro_hand_driver/share/allegro_hand_driver/package.ps1'
[0.502s] INFO:colcon.colcon_core.shell:Creating package descriptor '/home/kimsy/allegro_ws/install/allegro_hand_driver/share/allegro_hand_driver/package.dsv'
[0.503s] INFO:colcon.colcon_core.shell:Creating package script '/home/kimsy/allegro_ws/install/allegro_hand_driver/share/allegro_hand_driver/package.sh'
[0.503s] INFO:colcon.colcon_core.shell:Creating package script '/home/kimsy/allegro_ws/install/allegro_hand_driver/share/allegro_hand_driver/package.bash'
[0.503s] INFO:colcon.colcon_core.shell:Creating package script '/home/kimsy/allegro_ws/install/allegro_hand_driver/share/allegro_hand_driver/package.zsh'
[0.504s] Level 1:colcon.colcon_core.environment:create_file_with_runtime_dependencies(/home/kimsy/allegro_ws/install/allegro_hand_driver/share/colcon-core/packages/allegro_hand_driver)
[0.504s] INFO:colcon.colcon_ros.task.ament_cmake.build:Building ROS package in '/home/kimsy/allegro_ws/allegro_hand_ros2_v5/src/allegro_hand_controllers' with build type 'ament_cmake'
[0.504s] INFO:colcon.colcon_cmake.task.cmake.build:Building CMake package in '/home/kimsy/allegro_ws/allegro_hand_ros2_v5/src/allegro_hand_controllers'
[0.504s] INFO:colcon.colcon_core.shell:Skip shell extension 'powershell' for command environment: Not usable outside of PowerShell
[0.504s] DEBUG:colcon.colcon_core.shell:Skip shell extension 'dsv' for command environment
[0.508s] INFO:colcon.colcon_ros.task.ament_cmake.build:Building ROS package in '/home/kimsy/allegro_ws/allegro_hand_ros2_v5/src/allegro_hand_keyboards' with build type 'ament_cmake'
[0.508s] INFO:colcon.colcon_cmake.task.cmake.build:Building CMake package in '/home/kimsy/allegro_ws/allegro_hand_ros2_v5/src/allegro_hand_keyboards'
[0.508s] INFO:colcon.colcon_core.shell:Skip shell extension 'powershell' for command environment: Not usable outside of PowerShell
[0.508s] DEBUG:colcon.colcon_core.shell:Skip shell extension 'dsv' for command environment
[0.517s] DEBUG:colcon.colcon_core.event_handler.log_command:Invoking command in '/home/kimsy/allegro_ws/build/allegro_hand_controllers': AMENT_PREFIX_PATH=/home/kimsy/allegro_ws/install/bhand:/home/kimsy/allegro_ws/install/allegro_hand_driver:${AMENT_PREFIX_PATH} CMAKE_PREFIX_PATH=/home/kimsy/allegro_ws/install/bhand:/home/kimsy/allegro_ws/install/allegro_hand_driver:/home/kimsy/workspaces/IsaacSim-ros_workspaces/humble_ws/install/isaacsim:/home/kimsy/workspaces/IsaacSim-ros_workspaces/humble_ws/install/isaac_tutorials:/home/kimsy/workspaces/IsaacSim-ros_workspaces/humble_ws/install/isaac_ros2_messages:/home/kimsy/workspaces/IsaacSim-ros_workspaces/humble_ws/install/custom_message:/home/kimsy/workspaces/IsaacSim-ros_workspaces/humble_ws/install/carter_navigation:/opt/ros/humble:/home/kimsy/workspaces/IsaacSim-ros_workspaces/humble_ws/install/isaac_ros_navigation_goal LD_LIBRARY_PATH=/home/kimsy/allegro_ws/install/bhand/lib:/home/kimsy/allegro_ws/install/allegro_hand_driver/lib:${LD_LIBRARY_PATH} /usr/bin/cmake --build /home/kimsy/allegro_ws/build/allegro_hand_controllers -- -j16 -l16
[0.520s] DEBUG:colcon.colcon_core.event_handler.log_command:Invoking command in '/home/kimsy/allegro_ws/build/allegro_hand_keyboards': AMENT_PREFIX_PATH=/home/kimsy/allegro_ws/install/allegro_hand_driver:${AMENT_PREFIX_PATH} CMAKE_PREFIX_PATH=/home/kimsy/allegro_ws/install/allegro_hand_driver:/home/kimsy/workspaces/IsaacSim-ros_workspaces/humble_ws/install/isaacsim:/home/kimsy/workspaces/IsaacSim-ros_workspaces/humble_ws/install/isaac_tutorials:/home/kimsy/workspaces/IsaacSim-ros_workspaces/humble_ws/install/isaac_ros2_messages:/home/kimsy/workspaces/IsaacSim-ros_workspaces/humble_ws/install/custom_message:/home/kimsy/workspaces/IsaacSim-ros_workspaces/humble_ws/install/carter_navigation:/opt/ros/humble:/home/kimsy/workspaces/IsaacSim-ros_workspaces/humble_ws/install/isaac_ros_navigation_goal LD_LIBRARY_PATH=/home/kimsy/allegro_ws/install/allegro_hand_driver/lib:${LD_LIBRARY_PATH} /usr/bin/cmake --build /home/kimsy/allegro_ws/build/allegro_hand_keyboards -- -j16 -l16
[0.520s] DEBUG:colcon.colcon_core.event_handler.log_command:Invoked command in '/home/kimsy/allegro_ws/build/allegro_hand_gui' returned '0': CMAKE_PREFIX_PATH=${CMAKE_PREFIX_PATH}:/opt/ros/humble:/home/kimsy/workspaces/IsaacSim-ros_workspaces/humble_ws/install/isaac_ros_navigation_goal /usr/bin/cmake --build /home/kimsy/allegro_ws/build/allegro_hand_gui -- -j16 -l16
[0.521s] DEBUG:colcon.colcon_core.event_handler.log_command:Invoking command in '/home/kimsy/allegro_ws/build/allegro_hand_gui': CMAKE_PREFIX_PATH=${CMAKE_PREFIX_PATH}:/opt/ros/humble:/home/kimsy/workspaces/IsaacSim-ros_workspaces/humble_ws/install/isaac_ros_navigation_goal /usr/bin/cmake --install /home/kimsy/allegro_ws/build/allegro_hand_gui
[0.532s] Level 1:colcon.colcon_core.environment:create_environment_scripts_only(allegro_hand_gui)
[0.532s] Level 1:colcon.colcon_core.environment:checking '/home/kimsy/allegro_ws/install/allegro_hand_gui' for CMake module files
[0.532s] DEBUG:colcon.colcon_core.event_handler.log_command:Invoked command in '/home/kimsy/allegro_ws/build/allegro_hand_gui' returned '0': CMAKE_PREFIX_PATH=${CMAKE_PREFIX_PATH}:/opt/ros/humble:/home/kimsy/workspaces/IsaacSim-ros_workspaces/humble_ws/install/isaac_ros_navigation_goal /usr/bin/cmake --install /home/kimsy/allegro_ws/build/allegro_hand_gui
[0.533s] Level 1:colcon.colcon_core.environment:checking '/home/kimsy/allegro_ws/install/allegro_hand_gui' for CMake config files
[0.533s] Level 1:colcon.colcon_core.shell:create_environment_hook('allegro_hand_gui', 'cmake_prefix_path')
[0.534s] INFO:colcon.colcon_core.shell:Creating environment hook '/home/kimsy/allegro_ws/install/allegro_hand_gui/share/allegro_hand_gui/hook/cmake_prefix_path.ps1'
[0.534s] INFO:colcon.colcon_core.shell:Creating environment descriptor '/home/kimsy/allegro_ws/install/allegro_hand_gui/share/allegro_hand_gui/hook/cmake_prefix_path.dsv'
[0.534s] INFO:colcon.colcon_core.shell:Creating environment hook '/home/kimsy/allegro_ws/install/allegro_hand_gui/share/allegro_hand_gui/hook/cmake_prefix_path.sh'
[0.535s] Level 1:colcon.colcon_core.environment:checking '/home/kimsy/allegro_ws/install/allegro_hand_gui/lib'
[0.535s] Level 1:colcon.colcon_core.environment:checking '/home/kimsy/allegro_ws/install/allegro_hand_gui/bin'
[0.535s] Level 1:colcon.colcon_core.environment:checking '/home/kimsy/allegro_ws/install/allegro_hand_gui/lib/pkgconfig/allegro_hand_gui.pc'
[0.535s] Level 1:colcon.colcon_core.environment:checking '/home/kimsy/allegro_ws/install/allegro_hand_gui/lib/python3.10/site-packages'
[0.535s] Level 1:colcon.colcon_core.environment:checking '/home/kimsy/allegro_ws/install/allegro_hand_gui/bin'
[0.536s] INFO:colcon.colcon_core.shell:Creating package script '/home/kimsy/allegro_ws/install/allegro_hand_gui/share/allegro_hand_gui/package.ps1'
[0.536s] INFO:colcon.colcon_core.shell:Creating package descriptor '/home/kimsy/allegro_ws/install/allegro_hand_gui/share/allegro_hand_gui/package.dsv'
[0.536s] INFO:colcon.colcon_core.shell:Creating package script '/home/kimsy/allegro_ws/install/allegro_hand_gui/share/allegro_hand_gui/package.sh'
[0.536s] INFO:colcon.colcon_core.shell:Creating package script '/home/kimsy/allegro_ws/install/allegro_hand_gui/share/allegro_hand_gui/package.bash'
[0.537s] INFO:colcon.colcon_core.shell:Creating package script '/home/kimsy/allegro_ws/install/allegro_hand_gui/share/allegro_hand_gui/package.zsh'
[0.537s] Level 1:colcon.colcon_core.environment:create_file_with_runtime_dependencies(/home/kimsy/allegro_ws/install/allegro_hand_gui/share/colcon-core/packages/allegro_hand_gui)
[0.537s] Level 1:colcon.colcon_core.environment:create_environment_scripts_only(allegro_hand_gui)
[0.538s] Level 1:colcon.colcon_core.environment:checking '/home/kimsy/allegro_ws/install/allegro_hand_gui' for CMake module files
[0.538s] Level 1:colcon.colcon_core.environment:checking '/home/kimsy/allegro_ws/install/allegro_hand_gui' for CMake config files
[0.538s] Level 1:colcon.colcon_core.shell:create_environment_hook('allegro_hand_gui', 'cmake_prefix_path')
[0.538s] INFO:colcon.colcon_core.shell:Creating environment hook '/home/kimsy/allegro_ws/install/allegro_hand_gui/share/allegro_hand_gui/hook/cmake_prefix_path.ps1'
[0.539s] INFO:colcon.colcon_core.shell:Creating environment descriptor '/home/kimsy/allegro_ws/install/allegro_hand_gui/share/allegro_hand_gui/hook/cmake_prefix_path.dsv'
[0.539s] INFO:colcon.colcon_core.shell:Creating environment hook '/home/kimsy/allegro_ws/install/allegro_hand_gui/share/allegro_hand_gui/hook/cmake_prefix_path.sh'
[0.539s] Level 1:colcon.colcon_core.environment:checking '/home/kimsy/allegro_ws/install/allegro_hand_gui/lib'
[0.539s] Level 1:colcon.colcon_core.environment:checking '/home/kimsy/allegro_ws/install/allegro_hand_gui/bin'
[0.539s] Level 1:colcon.colcon_core.environment:checking '/home/kimsy/allegro_ws/install/allegro_hand_gui/lib/pkgconfig/allegro_hand_gui.pc'
[0.540s] Level 1:colcon.colcon_core.environment:checking '/home/kimsy/allegro_ws/install/allegro_hand_gui/lib/python3.10/site-packages'
[0.540s] Level 1:colcon.colcon_core.environment:checking '/home/kimsy/allegro_ws/install/allegro_hand_gui/bin'
[0.540s] INFO:colcon.colcon_core.shell:Creating package script '/home/kimsy/allegro_ws/install/allegro_hand_gui/share/allegro_hand_gui/package.ps1'
[0.540s] INFO:colcon.colcon_core.shell:Creating package descriptor '/home/kimsy/allegro_ws/install/allegro_hand_gui/share/allegro_hand_gui/package.dsv'
[0.541s] INFO:colcon.colcon_core.shell:Creating package script '/home/kimsy/allegro_ws/install/allegro_hand_gui/share/allegro_hand_gui/package.sh'
[0.541s] INFO:colcon.colcon_core.shell:Creating package script '/home/kimsy/allegro_ws/install/allegro_hand_gui/share/allegro_hand_gui/package.bash'
[0.541s] INFO:colcon.colcon_core.shell:Creating package script '/home/kimsy/allegro_ws/install/allegro_hand_gui/share/allegro_hand_gui/package.zsh'
[0.541s] Level 1:colcon.colcon_core.environment:create_file_with_runtime_dependencies(/home/kimsy/allegro_ws/install/allegro_hand_gui/share/colcon-core/packages/allegro_hand_gui)
[0.584s] DEBUG:colcon.colcon_core.event_handler.log_command:Invoked command in '/home/kimsy/allegro_ws/build/allegro_hand_keyboards' returned '0': AMENT_PREFIX_PATH=/home/kimsy/allegro_ws/install/allegro_hand_driver:${AMENT_PREFIX_PATH} CMAKE_PREFIX_PATH=/home/kimsy/allegro_ws/install/allegro_hand_driver:/home/kimsy/workspaces/IsaacSim-ros_workspaces/humble_ws/install/isaacsim:/home/kimsy/workspaces/IsaacSim-ros_workspaces/humble_ws/install/isaac_tutorials:/home/kimsy/workspaces/IsaacSim-ros_workspaces/humble_ws/install/isaac_ros2_messages:/home/kimsy/workspaces/IsaacSim-ros_workspaces/humble_ws/install/custom_message:/home/kimsy/workspaces/IsaacSim-ros_workspaces/humble_ws/install/carter_navigation:/opt/ros/humble:/home/kimsy/workspaces/IsaacSim-ros_workspaces/humble_ws/install/isaac_ros_navigation_goal LD_LIBRARY_PATH=/home/kimsy/allegro_ws/install/allegro_hand_driver/lib:${LD_LIBRARY_PATH} /usr/bin/cmake --build /home/kimsy/allegro_ws/build/allegro_hand_keyboards -- -j16 -l16
[0.586s] DEBUG:colcon.colcon_core.event_handler.log_command:Invoking command in '/home/kimsy/allegro_ws/build/allegro_hand_keyboards': AMENT_PREFIX_PATH=/home/kimsy/allegro_ws/install/allegro_hand_driver:${AMENT_PREFIX_PATH} CMAKE_PREFIX_PATH=/home/kimsy/allegro_ws/install/allegro_hand_driver:/home/kimsy/workspaces/IsaacSim-ros_workspaces/humble_ws/install/isaacsim:/home/kimsy/workspaces/IsaacSim-ros_workspaces/humble_ws/install/isaac_tutorials:/home/kimsy/workspaces/IsaacSim-ros_workspaces/humble_ws/install/isaac_ros2_messages:/home/kimsy/workspaces/IsaacSim-ros_workspaces/humble_ws/install/custom_message:/home/kimsy/workspaces/IsaacSim-ros_workspaces/humble_ws/install/carter_navigation:/opt/ros/humble:/home/kimsy/workspaces/IsaacSim-ros_workspaces/humble_ws/install/isaac_ros_navigation_goal LD_LIBRARY_PATH=/home/kimsy/allegro_ws/install/allegro_hand_driver/lib:${LD_LIBRARY_PATH} /usr/bin/cmake --install /home/kimsy/allegro_ws/build/allegro_hand_keyboards
[0.597s] Level 1:colcon.colcon_core.environment:create_environment_scripts_only(allegro_hand_keyboards)
[0.598s] Level 1:colcon.colcon_core.environment:checking '/home/kimsy/allegro_ws/install/allegro_hand_keyboards' for CMake module files
[0.598s] DEBUG:colcon.colcon_core.event_handler.log_command:Invoked command in '/home/kimsy/allegro_ws/build/allegro_hand_keyboards' returned '0': AMENT_PREFIX_PATH=/home/kimsy/allegro_ws/install/allegro_hand_driver:${AMENT_PREFIX_PATH} CMAKE_PREFIX_PATH=/home/kimsy/allegro_ws/install/allegro_hand_driver:/home/kimsy/workspaces/IsaacSim-ros_workspaces/humble_ws/install/isaacsim:/home/kimsy/workspaces/IsaacSim-ros_workspaces/humble_ws/install/isaac_tutorials:/home/kimsy/workspaces/IsaacSim-ros_workspaces/humble_ws/install/isaac_ros2_messages:/home/kimsy/workspaces/IsaacSim-ros_workspaces/humble_ws/install/custom_message:/home/kimsy/workspaces/IsaacSim-ros_workspaces/humble_ws/install/carter_navigation:/opt/ros/humble:/home/kimsy/workspaces/IsaacSim-ros_workspaces/humble_ws/install/isaac_ros_navigation_goal LD_LIBRARY_PATH=/home/kimsy/allegro_ws/install/allegro_hand_driver/lib:${LD_LIBRARY_PATH} /usr/bin/cmake --install /home/kimsy/allegro_ws/build/allegro_hand_keyboards
[0.598s] Level 1:colcon.colcon_core.environment:checking '/home/kimsy/allegro_ws/install/allegro_hand_keyboards' for CMake config files
[0.598s] Level 1:colcon.colcon_core.shell:create_environment_hook('allegro_hand_keyboards', 'cmake_prefix_path')
[0.599s] INFO:colcon.colcon_core.shell:Creating environment hook '/home/kimsy/allegro_ws/install/allegro_hand_keyboards/share/allegro_hand_keyboards/hook/cmake_prefix_path.ps1'
[0.599s] INFO:colcon.colcon_core.shell:Creating environment descriptor '/home/kimsy/allegro_ws/install/allegro_hand_keyboards/share/allegro_hand_keyboards/hook/cmake_prefix_path.dsv'
[0.599s] INFO:colcon.colcon_core.shell:Creating environment hook '/home/kimsy/allegro_ws/install/allegro_hand_keyboards/share/allegro_hand_keyboards/hook/cmake_prefix_path.sh'
[0.600s] Level 1:colcon.colcon_core.environment:checking '/home/kimsy/allegro_ws/install/allegro_hand_keyboards/lib'
[0.600s] Level 1:colcon.colcon_core.environment:checking '/home/kimsy/allegro_ws/install/allegro_hand_keyboards/bin'
[0.600s] Level 1:colcon.colcon_core.environment:checking '/home/kimsy/allegro_ws/install/allegro_hand_keyboards/lib/pkgconfig/allegro_hand_keyboards.pc'
[0.600s] Level 1:colcon.colcon_core.environment:checking '/home/kimsy/allegro_ws/install/allegro_hand_keyboards/lib/python3.10/site-packages'
[0.600s] Level 1:colcon.colcon_core.environment:checking '/home/kimsy/allegro_ws/install/allegro_hand_keyboards/bin'
[0.600s] INFO:colcon.colcon_core.shell:Creating package script '/home/kimsy/allegro_ws/install/allegro_hand_keyboards/share/allegro_hand_keyboards/package.ps1'
[0.601s] INFO:colcon.colcon_core.shell:Creating package descriptor '/home/kimsy/allegro_ws/install/allegro_hand_keyboards/share/allegro_hand_keyboards/package.dsv'
[0.601s] INFO:colcon.colcon_core.shell:Creating package script '/home/kimsy/allegro_ws/install/allegro_hand_keyboards/share/allegro_hand_keyboards/package.sh'
[0.601s] INFO:colcon.colcon_core.shell:Creating package script '/home/kimsy/allegro_ws/install/allegro_hand_keyboards/share/allegro_hand_keyboards/package.bash'
[0.602s] INFO:colcon.colcon_core.shell:Creating package script '/home/kimsy/allegro_ws/install/allegro_hand_keyboards/share/allegro_hand_keyboards/package.zsh'
[0.602s] Level 1:colcon.colcon_core.environment:create_file_with_runtime_dependencies(/home/kimsy/allegro_ws/install/allegro_hand_keyboards/share/colcon-core/packages/allegro_hand_keyboards)
[0.602s] Level 1:colcon.colcon_core.environment:create_environment_scripts_only(allegro_hand_keyboards)
[0.602s] Level 1:colcon.colcon_core.environment:checking '/home/kimsy/allegro_ws/install/allegro_hand_keyboards' for CMake module files
[0.603s] Level 1:colcon.colcon_core.environment:checking '/home/kimsy/allegro_ws/install/allegro_hand_keyboards' for CMake config files
[0.603s] Level 1:colcon.colcon_core.shell:create_environment_hook('allegro_hand_keyboards', 'cmake_prefix_path')
[0.603s] INFO:colcon.colcon_core.shell:Creating environment hook '/home/kimsy/allegro_ws/install/allegro_hand_keyboards/share/allegro_hand_keyboards/hook/cmake_prefix_path.ps1'
[0.603s] INFO:colcon.colcon_core.shell:Creating environment descriptor '/home/kimsy/allegro_ws/install/allegro_hand_keyboards/share/allegro_hand_keyboards/hook/cmake_prefix_path.dsv'
[0.604s] INFO:colcon.colcon_core.shell:Creating environment hook '/home/kimsy/allegro_ws/install/allegro_hand_keyboards/share/allegro_hand_keyboards/hook/cmake_prefix_path.sh'
[0.604s] Level 1:colcon.colcon_core.environment:checking '/home/kimsy/allegro_ws/install/allegro_hand_keyboards/lib'
[0.604s] Level 1:colcon.colcon_core.environment:checking '/home/kimsy/allegro_ws/install/allegro_hand_keyboards/bin'
[0.604s] Level 1:colcon.colcon_core.environment:checking '/home/kimsy/allegro_ws/install/allegro_hand_keyboards/lib/pkgconfig/allegro_hand_keyboards.pc'
[0.604s] Level 1:colcon.colcon_core.environment:checking '/home/kimsy/allegro_ws/install/allegro_hand_keyboards/lib/python3.10/site-packages'
[0.604s] Level 1:colcon.colcon_core.environment:checking '/home/kimsy/allegro_ws/install/allegro_hand_keyboards/bin'
[0.605s] INFO:colcon.colcon_core.shell:Creating package script '/home/kimsy/allegro_ws/install/allegro_hand_keyboards/share/allegro_hand_keyboards/package.ps1'
[0.605s] INFO:colcon.colcon_core.shell:Creating package descriptor '/home/kimsy/allegro_ws/install/allegro_hand_keyboards/share/allegro_hand_keyboards/package.dsv'
[0.605s] INFO:colcon.colcon_core.shell:Creating package script '/home/kimsy/allegro_ws/install/allegro_hand_keyboards/share/allegro_hand_keyboards/package.sh'
[0.606s] INFO:colcon.colcon_core.shell:Creating package script '/home/kimsy/allegro_ws/install/allegro_hand_keyboards/share/allegro_hand_keyboards/package.bash'
[0.606s] INFO:colcon.colcon_core.shell:Creating package script '/home/kimsy/allegro_ws/install/allegro_hand_keyboards/share/allegro_hand_keyboards/package.zsh'
[0.606s] Level 1:colcon.colcon_core.environment:create_file_with_runtime_dependencies(/home/kimsy/allegro_ws/install/allegro_hand_keyboards/share/colcon-core/packages/allegro_hand_keyboards)
[0.611s] DEBUG:colcon.colcon_core.event_handler.log_command:Invoked command in '/home/kimsy/allegro_ws/build/allegro_hand_controllers' returned '0': AMENT_PREFIX_PATH=/home/kimsy/allegro_ws/install/bhand:/home/kimsy/allegro_ws/install/allegro_hand_driver:${AMENT_PREFIX_PATH} CMAKE_PREFIX_PATH=/home/kimsy/allegro_ws/install/bhand:/home/kimsy/allegro_ws/install/allegro_hand_driver:/home/kimsy/workspaces/IsaacSim-ros_workspaces/humble_ws/install/isaacsim:/home/kimsy/workspaces/IsaacSim-ros_workspaces/humble_ws/install/isaac_tutorials:/home/kimsy/workspaces/IsaacSim-ros_workspaces/humble_ws/install/isaac_ros2_messages:/home/kimsy/workspaces/IsaacSim-ros_workspaces/humble_ws/install/custom_message:/home/kimsy/workspaces/IsaacSim-ros_workspaces/humble_ws/install/carter_navigation:/opt/ros/humble:/home/kimsy/workspaces/IsaacSim-ros_workspaces/humble_ws/install/isaac_ros_navigation_goal LD_LIBRARY_PATH=/home/kimsy/allegro_ws/install/bhand/lib:/home/kimsy/allegro_ws/install/allegro_hand_driver/lib:${LD_LIBRARY_PATH} /usr/bin/cmake --build /home/kimsy/allegro_ws/build/allegro_hand_controllers -- -j16 -l16
[0.613s] DEBUG:colcon.colcon_core.event_handler.log_command:Invoking command in '/home/kimsy/allegro_ws/build/allegro_hand_controllers': AMENT_PREFIX_PATH=/home/kimsy/allegro_ws/install/bhand:/home/kimsy/allegro_ws/install/allegro_hand_driver:${AMENT_PREFIX_PATH} CMAKE_PREFIX_PATH=/home/kimsy/allegro_ws/install/bhand:/home/kimsy/allegro_ws/install/allegro_hand_driver:/home/kimsy/workspaces/IsaacSim-ros_workspaces/humble_ws/install/isaacsim:/home/kimsy/workspaces/IsaacSim-ros_workspaces/humble_ws/install/isaac_tutorials:/home/kimsy/workspaces/IsaacSim-ros_workspaces/humble_ws/install/isaac_ros2_messages:/home/kimsy/workspaces/IsaacSim-ros_workspaces/humble_ws/install/custom_message:/home/kimsy/workspaces/IsaacSim-ros_workspaces/humble_ws/install/carter_navigation:/opt/ros/humble:/home/kimsy/workspaces/IsaacSim-ros_workspaces/humble_ws/install/isaac_ros_navigation_goal LD_LIBRARY_PATH=/home/kimsy/allegro_ws/install/bhand/lib:/home/kimsy/allegro_ws/install/allegro_hand_driver/lib:${LD_LIBRARY_PATH} /usr/bin/cmake --install /home/kimsy/allegro_ws/build/allegro_hand_controllers
[0.625s] Level 1:colcon.colcon_core.environment:create_environment_scripts_only(allegro_hand_controllers)
[0.626s] Level 1:colcon.colcon_core.environment:checking '/home/kimsy/allegro_ws/install/allegro_hand_controllers' for CMake module files
[0.626s] DEBUG:colcon.colcon_core.event_handler.log_command:Invoked command in '/home/kimsy/allegro_ws/build/allegro_hand_controllers' returned '0': AMENT_PREFIX_PATH=/home/kimsy/allegro_ws/install/bhand:/home/kimsy/allegro_ws/install/allegro_hand_driver:${AMENT_PREFIX_PATH} CMAKE_PREFIX_PATH=/home/kimsy/allegro_ws/install/bhand:/home/kimsy/allegro_ws/install/allegro_hand_driver:/home/kimsy/workspaces/IsaacSim-ros_workspaces/humble_ws/install/isaacsim:/home/kimsy/workspaces/IsaacSim-ros_workspaces/humble_ws/install/isaac_tutorials:/home/kimsy/workspaces/IsaacSim-ros_workspaces/humble_ws/install/isaac_ros2_messages:/home/kimsy/workspaces/IsaacSim-ros_workspaces/humble_ws/install/custom_message:/home/kimsy/workspaces/IsaacSim-ros_workspaces/humble_ws/install/carter_navigation:/opt/ros/humble:/home/kimsy/workspaces/IsaacSim-ros_workspaces/humble_ws/install/isaac_ros_navigation_goal LD_LIBRARY_PATH=/home/kimsy/allegro_ws/install/bhand/lib:/home/kimsy/allegro_ws/install/allegro_hand_driver/lib:${LD_LIBRARY_PATH} /usr/bin/cmake --install /home/kimsy/allegro_ws/build/allegro_hand_controllers
[0.627s] Level 1:colcon.colcon_core.environment:checking '/home/kimsy/allegro_ws/install/allegro_hand_controllers' for CMake config files
[0.627s] Level 1:colcon.colcon_core.shell:create_environment_hook('allegro_hand_controllers', 'cmake_prefix_path')
[0.627s] INFO:colcon.colcon_core.shell:Creating environment hook '/home/kimsy/allegro_ws/install/allegro_hand_controllers/share/allegro_hand_controllers/hook/cmake_prefix_path.ps1'
[0.628s] INFO:colcon.colcon_core.shell:Creating environment descriptor '/home/kimsy/allegro_ws/install/allegro_hand_controllers/share/allegro_hand_controllers/hook/cmake_prefix_path.dsv'
[0.628s] INFO:colcon.colcon_core.shell:Creating environment hook '/home/kimsy/allegro_ws/install/allegro_hand_controllers/share/allegro_hand_controllers/hook/cmake_prefix_path.sh'
[0.628s] Level 1:colcon.colcon_core.environment:checking '/home/kimsy/allegro_ws/install/allegro_hand_controllers/lib'
[0.628s] Level 1:colcon.colcon_core.environment:checking '/home/kimsy/allegro_ws/install/allegro_hand_controllers/bin'
[0.628s] Level 1:colcon.colcon_core.environment:checking '/home/kimsy/allegro_ws/install/allegro_hand_controllers/lib/pkgconfig/allegro_hand_controllers.pc'
[0.629s] Level 1:colcon.colcon_core.environment:checking '/home/kimsy/allegro_ws/install/allegro_hand_controllers/lib/python3.10/site-packages'
[0.629s] Level 1:colcon.colcon_core.environment:checking '/home/kimsy/allegro_ws/install/allegro_hand_controllers/bin'
[0.629s] INFO:colcon.colcon_core.shell:Creating package script '/home/kimsy/allegro_ws/install/allegro_hand_controllers/share/allegro_hand_controllers/package.ps1'
[0.629s] INFO:colcon.colcon_core.shell:Creating package descriptor '/home/kimsy/allegro_ws/install/allegro_hand_controllers/share/allegro_hand_controllers/package.dsv'
[0.630s] INFO:colcon.colcon_core.shell:Creating package script '/home/kimsy/allegro_ws/install/allegro_hand_controllers/share/allegro_hand_controllers/package.sh'
[0.630s] INFO:colcon.colcon_core.shell:Creating package script '/home/kimsy/allegro_ws/install/allegro_hand_controllers/share/allegro_hand_controllers/package.bash'
[0.630s] INFO:colcon.colcon_core.shell:Creating package script '/home/kimsy/allegro_ws/install/allegro_hand_controllers/share/allegro_hand_controllers/package.zsh'
[0.630s] Level 1:colcon.colcon_core.environment:create_file_with_runtime_dependencies(/home/kimsy/allegro_ws/install/allegro_hand_controllers/share/colcon-core/packages/allegro_hand_controllers)
[0.631s] Level 1:colcon.colcon_core.environment:create_environment_scripts_only(allegro_hand_controllers)
[0.631s] Level 1:colcon.colcon_core.environment:checking '/home/kimsy/allegro_ws/install/allegro_hand_controllers' for CMake module files
[0.631s] Level 1:colcon.colcon_core.environment:checking '/home/kimsy/allegro_ws/install/allegro_hand_controllers' for CMake config files
[0.632s] Level 1:colcon.colcon_core.shell:create_environment_hook('allegro_hand_controllers', 'cmake_prefix_path')
[0.632s] INFO:colcon.colcon_core.shell:Creating environment hook '/home/kimsy/allegro_ws/install/allegro_hand_controllers/share/allegro_hand_controllers/hook/cmake_prefix_path.ps1'
[0.632s] INFO:colcon.colcon_core.shell:Creating environment descriptor '/home/kimsy/allegro_ws/install/allegro_hand_controllers/share/allegro_hand_controllers/hook/cmake_prefix_path.dsv'
[0.632s] INFO:colcon.colcon_core.shell:Creating environment hook '/home/kimsy/allegro_ws/install/allegro_hand_controllers/share/allegro_hand_controllers/hook/cmake_prefix_path.sh'
[0.633s] Level 1:colcon.colcon_core.environment:checking '/home/kimsy/allegro_ws/install/allegro_hand_controllers/lib'
[0.633s] Level 1:colcon.colcon_core.environment:checking '/home/kimsy/allegro_ws/install/allegro_hand_controllers/bin'
[0.633s] Level 1:colcon.colcon_core.environment:checking '/home/kimsy/allegro_ws/install/allegro_hand_controllers/lib/pkgconfig/allegro_hand_controllers.pc'
[0.633s] Level 1:colcon.colcon_core.environment:checking '/home/kimsy/allegro_ws/install/allegro_hand_controllers/lib/python3.10/site-packages'
[0.633s] Level 1:colcon.colcon_core.environment:checking '/home/kimsy/allegro_ws/install/allegro_hand_controllers/bin'
[0.633s] INFO:colcon.colcon_core.shell:Creating package script '/home/kimsy/allegro_ws/install/allegro_hand_controllers/share/allegro_hand_controllers/package.ps1'
[0.634s] INFO:colcon.colcon_core.shell:Creating package descriptor '/home/kimsy/allegro_ws/install/allegro_hand_controllers/share/allegro_hand_controllers/package.dsv'
[0.634s] INFO:colcon.colcon_core.shell:Creating package script '/home/kimsy/allegro_ws/install/allegro_hand_controllers/share/allegro_hand_controllers/package.sh'
[0.634s] INFO:colcon.colcon_core.shell:Creating package script '/home/kimsy/allegro_ws/install/allegro_hand_controllers/share/allegro_hand_controllers/package.bash'
[0.635s] INFO:colcon.colcon_core.shell:Creating package script '/home/kimsy/allegro_ws/install/allegro_hand_controllers/share/allegro_hand_controllers/package.zsh'
[0.635s] Level 1:colcon.colcon_core.environment:create_file_with_runtime_dependencies(/home/kimsy/allegro_ws/install/allegro_hand_controllers/share/colcon-core/packages/allegro_hand_controllers)
[0.635s] INFO:colcon.colcon_ros.task.ament_cmake.build:Building ROS package in '/home/kimsy/allegro_ws/allegro_hand_ros2_v5/src/allegro_hand_moveit' with build type 'ament_cmake'
[0.635s] INFO:colcon.colcon_cmake.task.cmake.build:Building CMake package in '/home/kimsy/allegro_ws/allegro_hand_ros2_v5/src/allegro_hand_moveit'
[0.635s] INFO:colcon.colcon_core.shell:Skip shell extension 'powershell' for command environment: Not usable outside of PowerShell
[0.636s] DEBUG:colcon.colcon_core.shell:Skip shell extension 'dsv' for command environment
[0.647s] DEBUG:colcon.colcon_core.event_handler.log_command:Invoking command in '/home/kimsy/allegro_ws/build/allegro_hand_moveit': AMENT_PREFIX_PATH=/home/kimsy/allegro_ws/install/allegro_hand_controllers:/home/kimsy/allegro_ws/install/bhand:/home/kimsy/allegro_ws/install/allegro_hand_driver:${AMENT_PREFIX_PATH} CMAKE_PREFIX_PATH=/home/kimsy/allegro_ws/install/allegro_hand_controllers:/home/kimsy/allegro_ws/install/bhand:/home/kimsy/allegro_ws/install/allegro_hand_driver:/home/kimsy/workspaces/IsaacSim-ros_workspaces/humble_ws/install/isaacsim:/home/kimsy/workspaces/IsaacSim-ros_workspaces/humble_ws/install/isaac_tutorials:/home/kimsy/workspaces/IsaacSim-ros_workspaces/humble_ws/install/isaac_ros2_messages:/home/kimsy/workspaces/IsaacSim-ros_workspaces/humble_ws/install/custom_message:/home/kimsy/workspaces/IsaacSim-ros_workspaces/humble_ws/install/carter_navigation:/opt/ros/humble:/home/kimsy/workspaces/IsaacSim-ros_workspaces/humble_ws/install/isaac_ros_navigation_goal LD_LIBRARY_PATH=/home/kimsy/allegro_ws/install/bhand/lib:/home/kimsy/allegro_ws/install/allegro_hand_driver/lib:${LD_LIBRARY_PATH} /usr/bin/cmake --build /home/kimsy/allegro_ws/build/allegro_hand_moveit -- -j16 -l16
[0.746s] DEBUG:colcon.colcon_core.event_handler.log_command:Invoked command in '/home/kimsy/allegro_ws/build/allegro_hand_moveit' returned '0': AMENT_PREFIX_PATH=/home/kimsy/allegro_ws/install/allegro_hand_controllers:/home/kimsy/allegro_ws/install/bhand:/home/kimsy/allegro_ws/install/allegro_hand_driver:${AMENT_PREFIX_PATH} CMAKE_PREFIX_PATH=/home/kimsy/allegro_ws/install/allegro_hand_controllers:/home/kimsy/allegro_ws/install/bhand:/home/kimsy/allegro_ws/install/allegro_hand_driver:/home/kimsy/workspaces/IsaacSim-ros_workspaces/humble_ws/install/isaacsim:/home/kimsy/workspaces/IsaacSim-ros_workspaces/humble_ws/install/isaac_tutorials:/home/kimsy/workspaces/IsaacSim-ros_workspaces/humble_ws/install/isaac_ros2_messages:/home/kimsy/workspaces/IsaacSim-ros_workspaces/humble_ws/install/custom_message:/home/kimsy/workspaces/IsaacSim-ros_workspaces/humble_ws/install/carter_navigation:/opt/ros/humble:/home/kimsy/workspaces/IsaacSim-ros_workspaces/humble_ws/install/isaac_ros_navigation_goal LD_LIBRARY_PATH=/home/kimsy/allegro_ws/install/bhand/lib:/home/kimsy/allegro_ws/install/allegro_hand_driver/lib:${LD_LIBRARY_PATH} /usr/bin/cmake --build /home/kimsy/allegro_ws/build/allegro_hand_moveit -- -j16 -l16
[0.748s] DEBUG:colcon.colcon_core.event_handler.log_command:Invoking command in '/home/kimsy/allegro_ws/build/allegro_hand_moveit': AMENT_PREFIX_PATH=/home/kimsy/allegro_ws/install/allegro_hand_controllers:/home/kimsy/allegro_ws/install/bhand:/home/kimsy/allegro_ws/install/allegro_hand_driver:${AMENT_PREFIX_PATH} CMAKE_PREFIX_PATH=/home/kimsy/allegro_ws/install/allegro_hand_controllers:/home/kimsy/allegro_ws/install/bhand:/home/kimsy/allegro_ws/install/allegro_hand_driver:/home/kimsy/workspaces/IsaacSim-ros_workspaces/humble_ws/install/isaacsim:/home/kimsy/workspaces/IsaacSim-ros_workspaces/humble_ws/install/isaac_tutorials:/home/kimsy/workspaces/IsaacSim-ros_workspaces/humble_ws/install/isaac_ros2_messages:/home/kimsy/workspaces/IsaacSim-ros_workspaces/humble_ws/install/custom_message:/home/kimsy/workspaces/IsaacSim-ros_workspaces/humble_ws/install/carter_navigation:/opt/ros/humble:/home/kimsy/workspaces/IsaacSim-ros_workspaces/humble_ws/install/isaac_ros_navigation_goal LD_LIBRARY_PATH=/home/kimsy/allegro_ws/install/bhand/lib:/home/kimsy/allegro_ws/install/allegro_hand_driver/lib:${LD_LIBRARY_PATH} /usr/bin/cmake --install /home/kimsy/allegro_ws/build/allegro_hand_moveit
[0.759s] Level 1:colcon.colcon_core.environment:create_environment_scripts_only(allegro_hand_moveit)
[0.760s] Level 1:colcon.colcon_core.environment:checking '/home/kimsy/allegro_ws/install/allegro_hand_moveit' for CMake module files
[0.760s] DEBUG:colcon.colcon_core.event_handler.log_command:Invoked command in '/home/kimsy/allegro_ws/build/allegro_hand_moveit' returned '0': AMENT_PREFIX_PATH=/home/kimsy/allegro_ws/install/allegro_hand_controllers:/home/kimsy/allegro_ws/install/bhand:/home/kimsy/allegro_ws/install/allegro_hand_driver:${AMENT_PREFIX_PATH} CMAKE_PREFIX_PATH=/home/kimsy/allegro_ws/install/allegro_hand_controllers:/home/kimsy/allegro_ws/install/bhand:/home/kimsy/allegro_ws/install/allegro_hand_driver:/home/kimsy/workspaces/IsaacSim-ros_workspaces/humble_ws/install/isaacsim:/home/kimsy/workspaces/IsaacSim-ros_workspaces/humble_ws/install/isaac_tutorials:/home/kimsy/workspaces/IsaacSim-ros_workspaces/humble_ws/install/isaac_ros2_messages:/home/kimsy/workspaces/IsaacSim-ros_workspaces/humble_ws/install/custom_message:/home/kimsy/workspaces/IsaacSim-ros_workspaces/humble_ws/install/carter_navigation:/opt/ros/humble:/home/kimsy/workspaces/IsaacSim-ros_workspaces/humble_ws/install/isaac_ros_navigation_goal LD_LIBRARY_PATH=/home/kimsy/allegro_ws/install/bhand/lib:/home/kimsy/allegro_ws/install/allegro_hand_driver/lib:${LD_LIBRARY_PATH} /usr/bin/cmake --install /home/kimsy/allegro_ws/build/allegro_hand_moveit
[0.760s] Level 1:colcon.colcon_core.environment:checking '/home/kimsy/allegro_ws/install/allegro_hand_moveit' for CMake config files
[0.761s] Level 1:colcon.colcon_core.shell:create_environment_hook('allegro_hand_moveit', 'cmake_prefix_path')
[0.761s] INFO:colcon.colcon_core.shell:Creating environment hook '/home/kimsy/allegro_ws/install/allegro_hand_moveit/share/allegro_hand_moveit/hook/cmake_prefix_path.ps1'
[0.761s] INFO:colcon.colcon_core.shell:Creating environment descriptor '/home/kimsy/allegro_ws/install/allegro_hand_moveit/share/allegro_hand_moveit/hook/cmake_prefix_path.dsv'
[0.762s] INFO:colcon.colcon_core.shell:Creating environment hook '/home/kimsy/allegro_ws/install/allegro_hand_moveit/share/allegro_hand_moveit/hook/cmake_prefix_path.sh'
[0.762s] Level 1:colcon.colcon_core.environment:checking '/home/kimsy/allegro_ws/install/allegro_hand_moveit/lib'
[0.762s] Level 1:colcon.colcon_core.environment:checking '/home/kimsy/allegro_ws/install/allegro_hand_moveit/bin'
[0.762s] Level 1:colcon.colcon_core.environment:checking '/home/kimsy/allegro_ws/install/allegro_hand_moveit/lib/pkgconfig/allegro_hand_moveit.pc'
[0.763s] Level 1:colcon.colcon_core.environment:checking '/home/kimsy/allegro_ws/install/allegro_hand_moveit/lib/python3.10/site-packages'
[0.763s] Level 1:colcon.colcon_core.environment:checking '/home/kimsy/allegro_ws/install/allegro_hand_moveit/bin'
[0.763s] INFO:colcon.colcon_core.shell:Creating package script '/home/kimsy/allegro_ws/install/allegro_hand_moveit/share/allegro_hand_moveit/package.ps1'
[0.763s] INFO:colcon.colcon_core.shell:Creating package descriptor '/home/kimsy/allegro_ws/install/allegro_hand_moveit/share/allegro_hand_moveit/package.dsv'
[0.764s] INFO:colcon.colcon_core.shell:Creating package script '/home/kimsy/allegro_ws/install/allegro_hand_moveit/share/allegro_hand_moveit/package.sh'
[0.764s] INFO:colcon.colcon_core.shell:Creating package script '/home/kimsy/allegro_ws/install/allegro_hand_moveit/share/allegro_hand_moveit/package.bash'
[0.764s] INFO:colcon.colcon_core.shell:Creating package script '/home/kimsy/allegro_ws/install/allegro_hand_moveit/share/allegro_hand_moveit/package.zsh'
[0.765s] Level 1:colcon.colcon_core.environment:create_file_with_runtime_dependencies(/home/kimsy/allegro_ws/install/allegro_hand_moveit/share/colcon-core/packages/allegro_hand_moveit)
[0.765s] Level 1:colcon.colcon_core.environment:create_environment_scripts_only(allegro_hand_moveit)
[0.765s] Level 1:colcon.colcon_core.environment:checking '/home/kimsy/allegro_ws/install/allegro_hand_moveit' for CMake module files
[0.766s] Level 1:colcon.colcon_core.environment:checking '/home/kimsy/allegro_ws/install/allegro_hand_moveit' for CMake config files
[0.766s] Level 1:colcon.colcon_core.shell:create_environment_hook('allegro_hand_moveit', 'cmake_prefix_path')
[0.766s] INFO:colcon.colcon_core.shell:Creating environment hook '/home/kimsy/allegro_ws/install/allegro_hand_moveit/share/allegro_hand_moveit/hook/cmake_prefix_path.ps1'
[0.766s] INFO:colcon.colcon_core.shell:Creating environment descriptor '/home/kimsy/allegro_ws/install/allegro_hand_moveit/share/allegro_hand_moveit/hook/cmake_prefix_path.dsv'
[0.767s] INFO:colcon.colcon_core.shell:Creating environment hook '/home/kimsy/allegro_ws/install/allegro_hand_moveit/share/allegro_hand_moveit/hook/cmake_prefix_path.sh'
[0.767s] Level 1:colcon.colcon_core.environment:checking '/home/kimsy/allegro_ws/install/allegro_hand_moveit/lib'
[0.767s] Level 1:colcon.colcon_core.environment:checking '/home/kimsy/allegro_ws/install/allegro_hand_moveit/bin'
[0.767s] Level 1:colcon.colcon_core.environment:checking '/home/kimsy/allegro_ws/install/allegro_hand_moveit/lib/pkgconfig/allegro_hand_moveit.pc'
[0.767s] Level 1:colcon.colcon_core.environment:checking '/home/kimsy/allegro_ws/install/allegro_hand_moveit/lib/python3.10/site-packages'
[0.767s] Level 1:colcon.colcon_core.environment:checking '/home/kimsy/allegro_ws/install/allegro_hand_moveit/bin'
[0.767s] INFO:colcon.colcon_core.shell:Creating package script '/home/kimsy/allegro_ws/install/allegro_hand_moveit/share/allegro_hand_moveit/package.ps1'
[0.768s] INFO:colcon.colcon_core.shell:Creating package descriptor '/home/kimsy/allegro_ws/install/allegro_hand_moveit/share/allegro_hand_moveit/package.dsv'
[0.768s] INFO:colcon.colcon_core.shell:Creating package script '/home/kimsy/allegro_ws/install/allegro_hand_moveit/share/allegro_hand_moveit/package.sh'
[0.769s] INFO:colcon.colcon_core.shell:Creating package script '/home/kimsy/allegro_ws/install/allegro_hand_moveit/share/allegro_hand_moveit/package.bash'
[0.769s] INFO:colcon.colcon_core.shell:Creating package script '/home/kimsy/allegro_ws/install/allegro_hand_moveit/share/allegro_hand_moveit/package.zsh'
[0.769s] Level 1:colcon.colcon_core.environment:create_file_with_runtime_dependencies(/home/kimsy/allegro_ws/install/allegro_hand_moveit/share/colcon-core/packages/allegro_hand_moveit)
[0.769s] DEBUG:colcon.colcon_parallel_executor.executor.parallel:closing loop
[0.770s] DEBUG:colcon.colcon_parallel_executor.executor.parallel:loop closed
[0.770s] DEBUG:colcon.colcon_parallel_executor.executor.parallel:run_until_complete finished with '0'
[0.770s] DEBUG:colcon.colcon_core.event_reactor:joining thread
[0.775s] INFO:colcon.colcon_core.plugin_system:Skipping extension 'colcon_notification.desktop_notification.terminal_notifier': Not used on non-Darwin systems
[0.776s] INFO:colcon.colcon_core.plugin_system:Skipping extension 'colcon_notification.desktop_notification.win32': Not used on non-Windows systems
[0.776s] INFO:colcon.colcon_notification.desktop_notification:Sending desktop notification using 'notify2'
[0.781s] DEBUG:colcon.colcon_core.event_reactor:joined thread
[0.781s] INFO:colcon.colcon_core.shell:Creating prefix script '/home/kimsy/allegro_ws/install/local_setup.ps1'
[0.782s] INFO:colcon.colcon_core.shell:Creating prefix util module '/home/kimsy/allegro_ws/install/_local_setup_util_ps1.py'
[0.783s] INFO:colcon.colcon_core.shell:Creating prefix chain script '/home/kimsy/allegro_ws/install/setup.ps1'
[0.784s] INFO:colcon.colcon_core.shell:Creating prefix script '/home/kimsy/allegro_ws/install/local_setup.sh'
[0.785s] INFO:colcon.colcon_core.shell:Creating prefix util module '/home/kimsy/allegro_ws/install/_local_setup_util_sh.py'
[0.786s] INFO:colcon.colcon_core.shell:Creating prefix chain script '/home/kimsy/allegro_ws/install/setup.sh'
[0.787s] INFO:colcon.colcon_core.shell:Creating prefix script '/home/kimsy/allegro_ws/install/local_setup.bash'
[0.787s] INFO:colcon.colcon_core.shell:Creating prefix chain script '/home/kimsy/allegro_ws/install/setup.bash'
[0.788s] INFO:colcon.colcon_core.shell:Creating prefix script '/home/kimsy/allegro_ws/install/local_setup.zsh'
[0.789s] INFO:colcon.colcon_core.shell:Creating prefix chain script '/home/kimsy/allegro_ws/install/setup.zsh'
