[0.012s] Invoking command in '/home/kimsy/allegro_ws/build/allegro_hand_controllers': AMENT_PREFIX_PATH=/home/kimsy/allegro_ws/install/bhand:/home/kimsy/allegro_ws/install/allegro_hand_driver:${AMENT_PREFIX_PATH} CMAKE_PREFIX_PATH=/home/kimsy/allegro_ws/install/bhand:/home/kimsy/allegro_ws/install/allegro_hand_driver:/home/kimsy/workspaces/IsaacSim-ros_workspaces/humble_ws/install/isaacsim:/home/kimsy/workspaces/IsaacSim-ros_workspaces/humble_ws/install/isaac_tutorials:/home/kimsy/workspaces/IsaacSim-ros_workspaces/humble_ws/install/isaac_ros2_messages:/home/kimsy/workspaces/IsaacSim-ros_workspaces/humble_ws/install/custom_message:/home/kimsy/workspaces/IsaacSim-ros_workspaces/humble_ws/install/carter_navigation:/opt/ros/humble:/home/kimsy/workspaces/IsaacSim-ros_workspaces/humble_ws/install/isaac_ros_navigation_goal LD_LIBRARY_PATH=/home/kimsy/allegro_ws/install/bhand/lib:/home/kimsy/allegro_ws/install/allegro_hand_driver/lib:${LD_LIBRARY_PATH} /usr/bin/cmake --build /home/kimsy/allegro_ws/build/allegro_hand_controllers -- -j16 -l16
[0.069s] [ 50%] Built target allegro_node
[0.096s] [100%] Built target allegro_node_grasp
[0.107s] Invoked command in '/home/kimsy/allegro_ws/build/allegro_hand_controllers' returned '0': AMENT_PREFIX_PATH=/home/kimsy/allegro_ws/install/bhand:/home/kimsy/allegro_ws/install/allegro_hand_driver:${AMENT_PREFIX_PATH} CMAKE_PREFIX_PATH=/home/kimsy/allegro_ws/install/bhand:/home/kimsy/allegro_ws/install/allegro_hand_driver:/home/kimsy/workspaces/IsaacSim-ros_workspaces/humble_ws/install/isaacsim:/home/kimsy/workspaces/IsaacSim-ros_workspaces/humble_ws/install/isaac_tutorials:/home/kimsy/workspaces/IsaacSim-ros_workspaces/humble_ws/install/isaac_ros2_messages:/home/kimsy/workspaces/IsaacSim-ros_workspaces/humble_ws/install/custom_message:/home/kimsy/workspaces/IsaacSim-ros_workspaces/humble_ws/install/carter_navigation:/opt/ros/humble:/home/kimsy/workspaces/IsaacSim-ros_workspaces/humble_ws/install/isaac_ros_navigation_goal LD_LIBRARY_PATH=/home/kimsy/allegro_ws/install/bhand/lib:/home/kimsy/allegro_ws/install/allegro_hand_driver/lib:${LD_LIBRARY_PATH} /usr/bin/cmake --build /home/kimsy/allegro_ws/build/allegro_hand_controllers -- -j16 -l16
[0.108s] Invoking command in '/home/kimsy/allegro_ws/build/allegro_hand_controllers': AMENT_PREFIX_PATH=/home/kimsy/allegro_ws/install/bhand:/home/kimsy/allegro_ws/install/allegro_hand_driver:${AMENT_PREFIX_PATH} CMAKE_PREFIX_PATH=/home/kimsy/allegro_ws/install/bhand:/home/kimsy/allegro_ws/install/allegro_hand_driver:/home/kimsy/workspaces/IsaacSim-ros_workspaces/humble_ws/install/isaacsim:/home/kimsy/workspaces/IsaacSim-ros_workspaces/humble_ws/install/isaac_tutorials:/home/kimsy/workspaces/IsaacSim-ros_workspaces/humble_ws/install/isaac_ros2_messages:/home/kimsy/workspaces/IsaacSim-ros_workspaces/humble_ws/install/custom_message:/home/kimsy/workspaces/IsaacSim-ros_workspaces/humble_ws/install/carter_navigation:/opt/ros/humble:/home/kimsy/workspaces/IsaacSim-ros_workspaces/humble_ws/install/isaac_ros_navigation_goal LD_LIBRARY_PATH=/home/kimsy/allegro_ws/install/bhand/lib:/home/kimsy/allegro_ws/install/allegro_hand_driver/lib:${LD_LIBRARY_PATH} /usr/bin/cmake --install /home/kimsy/allegro_ws/build/allegro_hand_controllers
[0.116s] -- Install configuration: ""
[0.116s] -- Up-to-date: /home/kimsy/allegro_ws/install/allegro_hand_controllers/lib/allegro_hand_controllers/liballegro_node.a
[0.116s] -- Up-to-date: /home/kimsy/allegro_ws/install/allegro_hand_controllers/lib/allegro_hand_controllers/allegro_node_grasp
[0.116s] -- Up-to-date: /home/kimsy/allegro_ws/install/allegro_hand_controllers/share/allegro_hand_controllers/launch
[0.116s] -- Up-to-date: /home/kimsy/allegro_ws/install/allegro_hand_controllers/share/allegro_hand_controllers/launch/allegro_hand.launch.py
[0.116s] -- Up-to-date: /home/kimsy/allegro_ws/install/allegro_hand_controllers/share/allegro_hand_controllers/launch/allegro_viz.launch.py
[0.117s] -- Up-to-date: /home/kimsy/allegro_ws/install/allegro_hand_controllers/share/allegro_hand_controllers/scripts
[0.117s] -- Up-to-date: /home/kimsy/allegro_ws/install/allegro_hand_controllers/share/allegro_hand_controllers/scripts/setup_can0.sh
[0.117s] -- Up-to-date: /home/kimsy/allegro_ws/install/allegro_hand_controllers/share/allegro_hand_controllers/meshes
[0.117s] -- Up-to-date: /home/kimsy/allegro_ws/install/allegro_hand_controllers/share/allegro_hand_controllers/meshes/t5.stl
[0.117s] -- Up-to-date: /home/kimsy/allegro_ws/install/allegro_hand_controllers/share/allegro_hand_controllers/meshes/t4_set.stl
[0.117s] -- Up-to-date: /home/kimsy/allegro_ws/install/allegro_hand_controllers/share/allegro_hand_controllers/meshes/new_l2.stl
[0.117s] -- Up-to-date: /home/kimsy/allegro_ws/install/allegro_hand_controllers/share/allegro_hand_controllers/meshes/t1.stl
[0.117s] -- Up-to-date: /home/kimsy/allegro_ws/install/allegro_hand_controllers/share/allegro_hand_controllers/meshes/l4.stl
[0.117s] -- Up-to-date: /home/kimsy/allegro_ws/install/allegro_hand_controllers/share/allegro_hand_controllers/meshes/l1.stl
[0.117s] -- Up-to-date: /home/kimsy/allegro_ws/install/allegro_hand_controllers/share/allegro_hand_controllers/meshes/temp
[0.117s] -- Up-to-date: /home/kimsy/allegro_ws/install/allegro_hand_controllers/share/allegro_hand_controllers/meshes/g0.stl
[0.117s] -- Up-to-date: /home/kimsy/allegro_ws/install/allegro_hand_controllers/share/allegro_hand_controllers/meshes/left_hand_G.stl
[0.117s] -- Up-to-date: /home/kimsy/allegro_ws/install/allegro_hand_controllers/share/allegro_hand_controllers/meshes/finger_tip.stl
[0.117s] -- Up-to-date: /home/kimsy/allegro_ws/install/allegro_hand_controllers/share/allegro_hand_controllers/meshes/t1_set.stl
[0.117s] -- Up-to-date: /home/kimsy/allegro_ws/install/allegro_hand_controllers/share/allegro_hand_controllers/meshes/t2_set.stl
[0.117s] -- Up-to-date: /home/kimsy/allegro_ws/install/allegro_hand_controllers/share/allegro_hand_controllers/meshes/t4.stl
[0.117s] -- Up-to-date: /home/kimsy/allegro_ws/install/allegro_hand_controllers/share/allegro_hand_controllers/meshes/new_l1.stl
[0.117s] -- Up-to-date: /home/kimsy/allegro_ws/install/allegro_hand_controllers/share/allegro_hand_controllers/meshes/new_l4.stl
[0.117s] -- Up-to-date: /home/kimsy/allegro_ws/install/allegro_hand_controllers/share/allegro_hand_controllers/meshes/l2.stl
[0.117s] -- Up-to-date: /home/kimsy/allegro_ws/install/allegro_hand_controllers/share/allegro_hand_controllers/meshes/l3.stl
[0.117s] -- Up-to-date: /home/kimsy/allegro_ws/install/allegro_hand_controllers/share/allegro_hand_controllers/meshes/t2.stl
[0.118s] -- Up-to-date: /home/kimsy/allegro_ws/install/allegro_hand_controllers/share/allegro_hand_controllers/meshes/palm.stl
[0.118s] -- Up-to-date: /home/kimsy/allegro_ws/install/allegro_hand_controllers/share/allegro_hand_controllers/meshes/finger_tip_silicon.stl
[0.118s] -- Up-to-date: /home/kimsy/allegro_ws/install/allegro_hand_controllers/share/allegro_hand_controllers/meshes/t3.stl
[0.118s] -- Up-to-date: /home/kimsy/allegro_ws/install/allegro_hand_controllers/share/allegro_hand_controllers/meshes/t3_set.stl
[0.118s] -- Up-to-date: /home/kimsy/allegro_ws/install/allegro_hand_controllers/share/allegro_hand_controllers/meshes/l5.stl
[0.118s] -- Up-to-date: /home/kimsy/allegro_ws/install/allegro_hand_controllers/share/allegro_hand_controllers/meshes/new_l3.stl
[0.118s] -- Up-to-date: /home/kimsy/allegro_ws/install/allegro_hand_controllers/share/allegro_hand_controllers/pose
[0.118s] -- Up-to-date: /home/kimsy/allegro_ws/install/allegro_hand_controllers/share/allegro_hand_controllers/urdf
[0.118s] -- Up-to-date: /home/kimsy/allegro_ws/install/allegro_hand_controllers/share/allegro_hand_controllers/urdf/allegro_hand_description_left_A.urdf
[0.118s] -- Up-to-date: /home/kimsy/allegro_ws/install/allegro_hand_controllers/share/allegro_hand_controllers/urdf/allegro_hand_config.rviz
[0.118s] -- Up-to-date: /home/kimsy/allegro_ws/install/allegro_hand_controllers/share/allegro_hand_controllers/urdf/allegro_hand_description_left_B.urdf
[0.118s] -- Up-to-date: /home/kimsy/allegro_ws/install/allegro_hand_controllers/share/allegro_hand_controllers/urdf/allegro_hand_description_right_B.urdf
[0.118s] -- Up-to-date: /home/kimsy/allegro_ws/install/allegro_hand_controllers/share/allegro_hand_controllers/urdf/allegro_hand_description_right_A.urdf
[0.118s] -- Up-to-date: /home/kimsy/allegro_ws/install/allegro_hand_controllers/share/ament_index/resource_index/package_run_dependencies/allegro_hand_controllers
[0.118s] -- Up-to-date: /home/kimsy/allegro_ws/install/allegro_hand_controllers/share/ament_index/resource_index/parent_prefix_path/allegro_hand_controllers
[0.118s] -- Up-to-date: /home/kimsy/allegro_ws/install/allegro_hand_controllers/share/allegro_hand_controllers/environment/ament_prefix_path.dsv
[0.118s] -- Up-to-date: /home/kimsy/allegro_ws/install/allegro_hand_controllers/share/allegro_hand_controllers/environment/path.dsv
[0.118s] -- Up-to-date: /home/kimsy/allegro_ws/install/allegro_hand_controllers/share/allegro_hand_controllers/local_setup.bash
[0.118s] -- Up-to-date: /home/kimsy/allegro_ws/install/allegro_hand_controllers/share/allegro_hand_controllers/local_setup.sh
[0.118s] -- Up-to-date: /home/kimsy/allegro_ws/install/allegro_hand_controllers/share/allegro_hand_controllers/local_setup.zsh
[0.118s] -- Up-to-date: /home/kimsy/allegro_ws/install/allegro_hand_controllers/share/allegro_hand_controllers/local_setup.dsv
[0.118s] -- Installing: /home/kimsy/allegro_ws/install/allegro_hand_controllers/share/allegro_hand_controllers/package.dsv
[0.118s] -- Up-to-date: /home/kimsy/allegro_ws/install/allegro_hand_controllers/share/ament_index/resource_index/packages/allegro_hand_controllers
[0.119s] -- Up-to-date: /home/kimsy/allegro_ws/install/allegro_hand_controllers/share/allegro_hand_controllers/cmake/allegro_hand_controllersConfig.cmake
[0.119s] -- Up-to-date: /home/kimsy/allegro_ws/install/allegro_hand_controllers/share/allegro_hand_controllers/cmake/allegro_hand_controllersConfig-version.cmake
[0.119s] -- Up-to-date: /home/kimsy/allegro_ws/install/allegro_hand_controllers/share/allegro_hand_controllers/package.xml
[0.121s] Invoked command in '/home/kimsy/allegro_ws/build/allegro_hand_controllers' returned '0': AMENT_PREFIX_PATH=/home/kimsy/allegro_ws/install/bhand:/home/kimsy/allegro_ws/install/allegro_hand_driver:${AMENT_PREFIX_PATH} CMAKE_PREFIX_PATH=/home/kimsy/allegro_ws/install/bhand:/home/kimsy/allegro_ws/install/allegro_hand_driver:/home/kimsy/workspaces/IsaacSim-ros_workspaces/humble_ws/install/isaacsim:/home/kimsy/workspaces/IsaacSim-ros_workspaces/humble_ws/install/isaac_tutorials:/home/kimsy/workspaces/IsaacSim-ros_workspaces/humble_ws/install/isaac_ros2_messages:/home/kimsy/workspaces/IsaacSim-ros_workspaces/humble_ws/install/custom_message:/home/kimsy/workspaces/IsaacSim-ros_workspaces/humble_ws/install/carter_navigation:/opt/ros/humble:/home/kimsy/workspaces/IsaacSim-ros_workspaces/humble_ws/install/isaac_ros_navigation_goal LD_LIBRARY_PATH=/home/kimsy/allegro_ws/install/bhand/lib:/home/kimsy/allegro_ws/install/allegro_hand_driver/lib:${LD_LIBRARY_PATH} /usr/bin/cmake --install /home/kimsy/allegro_ws/build/allegro_hand_controllers
