[01m[K/home/kimsy/allegro_ws/allegro_hand_ros2_v5/src/allegro_hand_controllers/src/allegro_node_grasp.cpp:[m[K In member function ‘[01m[Kvoid AllegroNodeGrasp::setJointCallback(sensor_msgs::msg::JointState_<std::allocator<void> >::SharedPtr)[m[K’:
[01m[K/home/kimsy/allegro_ws/allegro_hand_ros2_v5/src/allegro_hand_controllers/src/allegro_node_grasp.cpp:155:39:[m[K [01;35m[Kwarning: [m[Kcomparison of integer expressions of different signedness: ‘[01m[Kint[m[K’ and ‘[01m[Kstd::vector<double, std::allocator<double> >::size_type[m[K’ {aka ‘[01m[Klong unsigned int[m[K’} [[01;35m[K]8;;https://gcc.gnu.org/onlinedocs/gcc/Warning-Options.html#index-Wsign-compare-Wsign-compare]8;;[m[K]
  155 |   for (int i = 0; i < DOF_JOINTS && [01;35m[Ki < msg->position.size()[m[K; i++)
      |                                     [01;35m[K~~^~~~~~~~~~~~~~~~~~~~~~[m[K
[01m[K/home/kimsy/allegro_ws/allegro_hand_ros2_v5/src/allegro_hand_controllers/src/allegro_node_grasp.cpp:158:10:[m[K [01;31m[Kerror: [m[Kcannot convert ‘[01m[Kdouble*[m[K’ to ‘[01m[Kconst char*[m[K’
  158 |   printf([01;31m[Kdesired_position[m[K);
      |          [01;31m[K^~~~~~~~~~~~~~~~[m[K
      |          [01;31m[K|[m[K
      |          [01;31m[Kdouble*[m[K
In file included from [01m[K/usr/include/c++/11/cstdio:42[m[K,
                 from [01m[K/usr/include/c++/11/ext/string_conversions.h:43[m[K,
                 from [01m[K/usr/include/c++/11/bits/basic_string.h:6608[m[K,
                 from [01m[K/usr/include/c++/11/string:55[m[K,
                 from [01m[K/usr/include/c++/11/stdexcept:39[m[K,
                 from [01m[K/usr/include/c++/11/system_error:41[m[K,
                 from [01m[K/usr/include/c++/11/mutex:42[m[K,
                 from [01m[K/usr/include/c++/11/future:38[m[K,
                 from [01m[K/home/kimsy/ros2_humble/install/rclcpp/include/rclcpp/rclcpp/executors.hpp:18[m[K,
                 from [01m[K/home/kimsy/ros2_humble/install/rclcpp/include/rclcpp/rclcpp/rclcpp.hpp:155[m[K,
                 from [01m[K/home/kimsy/allegro_ws/allegro_hand_ros2_v5/src/allegro_hand_controllers/src/allegro_node_grasp.h:5[m[K,
                 from [01m[K/home/kimsy/allegro_ws/allegro_hand_ros2_v5/src/allegro_hand_controllers/src/allegro_node_grasp.cpp:1[m[K:
[01m[K/usr/include/stdio.h:356:43:[m[K [01;36m[Knote: [m[K  initializing argument 1 of ‘[01m[Kint printf(const char*, ...)[m[K’
  356 | extern int printf ([01;36m[Kconst char *__restrict __format[m[K, ...);
      |                    [01;36m[K~~~~~~~~~~~~~~~~~~~~~~~^~~~~~~~[m[K
gmake[2]: *** [CMakeFiles/allegro_node_grasp.dir/build.make:76: CMakeFiles/allegro_node_grasp.dir/src/allegro_node_grasp.cpp.o] Error 1
gmake[1]: *** [CMakeFiles/Makefile2:165: CMakeFiles/allegro_node_grasp.dir/all] Error 2
gmake: *** [Makefile:146: all] Error 2
