[01m[K/home/kimsy/allegro_ws/allegro_hand_ros2_v5/src/allegro_hand_controllers/src/allegro_node_grasp.cpp:[m[K In member function ‘[01m[Kvoid AllegroNodeGrasp::setJointCallback(sensor_msgs::msg::JointState_<std::allocator<void> >::SharedPtr)[m[K’:
[01m[K/home/kimsy/allegro_ws/allegro_hand_ros2_v5/src/allegro_hand_controllers/src/allegro_node_grasp.cpp:155:39:[m[K [01;35m[Kwarning: [m[Kcomparison of integer expressions of different signedness: ‘[01m[Kint[m[K’ and ‘[01m[Kstd::vector<double, std::allocator<double> >::size_type[m[K’ {aka ‘[01m[Klong unsigned int[m[K’} [[01;35m[K]8;;https://gcc.gnu.org/onlinedocs/gcc/Warning-Options.html#index-Wsign-compare-Wsign-compare]8;;[m[K]
  155 |   for (int i = 0; i < DOF_JOINTS && [01;35m[Ki < msg->position.size()[m[K; i++)
      |                                     [01;35m[K~~^~~~~~~~~~~~~~~~~~~~~~[m[K
In file included from [01m[K/home/kimsy/ros2_humble/build/rclcpp/include/rclcpp/logging.hpp:24[m[K,
                 from [01m[K/home/kimsy/ros2_humble/install/rclcpp/include/rclcpp/rclcpp/client.hpp:40[m[K,
                 from [01m[K/home/kimsy/ros2_humble/install/rclcpp/include/rclcpp/rclcpp/callback_group.hpp:24[m[K,
                 from [01m[K/home/kimsy/ros2_humble/install/rclcpp/include/rclcpp/rclcpp/any_executable.hpp:20[m[K,
                 from [01m[K/home/kimsy/ros2_humble/install/rclcpp/include/rclcpp/rclcpp/memory_strategy.hpp:25[m[K,
                 from [01m[K/home/kimsy/ros2_humble/install/rclcpp/include/rclcpp/rclcpp/memory_strategies.hpp:18[m[K,
                 from [01m[K/home/kimsy/ros2_humble/install/rclcpp/include/rclcpp/rclcpp/executor_options.hpp:20[m[K,
                 from [01m[K/home/kimsy/ros2_humble/install/rclcpp/include/rclcpp/rclcpp/executor.hpp:37[m[K,
                 from [01m[K/home/kimsy/ros2_humble/install/rclcpp/include/rclcpp/rclcpp/executors/multi_threaded_executor.hpp:25[m[K,
                 from [01m[K/home/kimsy/ros2_humble/install/rclcpp/include/rclcpp/rclcpp/executors.hpp:21[m[K,
                 from [01m[K/home/kimsy/ros2_humble/install/rclcpp/include/rclcpp/rclcpp/rclcpp.hpp:155[m[K,
                 from [01m[K/home/kimsy/allegro_ws/allegro_hand_ros2_v5/src/allegro_hand_controllers/src/allegro_node_grasp.h:5[m[K,
                 from [01m[K/home/kimsy/allegro_ws/allegro_hand_ros2_v5/src/allegro_hand_controllers/src/allegro_node_grasp.cpp:1[m[K:
[01m[K/home/kimsy/allegro_ws/allegro_hand_ros2_v5/src/allegro_hand_controllers/src/allegro_node_grasp.cpp:[m[K In member function ‘[01m[Kvoid AllegroNodeGrasp::initController(const string&, const string&)[m[K’:
[01m[K/home/kimsy/allegro_ws/allegro_hand_ros2_v5/src/allegro_hand_controllers/src/allegro_node_grasp.cpp:219:35:[m[K [01;35m[Kwarning: [m[Kformat ‘[01m[K%f[m[K’ expects argument of type ‘[01m[Kdouble[m[K’, but argument 5 has type ‘[01m[Kdouble*[m[K’ [[01;35m[K]8;;https://gcc.gnu.org/onlinedocs/gcc/Warning-Options.html#index-Wformat=-Wformat=]8;;[m[K]
  219 |   RCLCPP_INFO(this->get_logger(), [01;35m[K"Desired position set to current position: %.3f"[m[K, [32m[Kdesired_position[m[K);
      |                                   [01;35m[K^~~~~~~~~~~~~~~~~~~~~~~~~~~~~~~~~~~~~~~~~~~~~~~~[m[K  [32m[K~~~~~~~~~~~~~~~~[m[K
      |                                                                                     [32m[K|[m[K
      |                                                                                     [32m[Kdouble*[m[K
[01m[K/home/kimsy/allegro_ws/allegro_hand_ros2_v5/src/allegro_hand_controllers/src/allegro_node_grasp.cpp:219:81:[m[K [01;36m[Knote: [m[Kformat string is defined here
  219 |   RCLCPP_INFO(this->get_logger(), "Desired position set to current position: [01;36m[K%.3f[m[K", desired_position);
      |                                                                              [01;36m[K~~~^[m[K
      |                                                                                 [01;36m[K|[m[K
      |                                                                                 [01;36m[Kdouble[m[K
