[0.089s] DEBUG:colcon:Command line arguments: ['/usr/bin/colcon', 'build']
[0.089s] DEBUG:colcon:Parsed command line arguments: Namespace(log_base=None, log_level=None, verb_name='build', build_base='build', install_base='install', merge_install=False, symlink_install=False, test_result_base=None, continue_on_error=False, executor='parallel', parallel_workers=16, event_handlers=None, ignore_user_meta=False, metas=['./colcon.meta'], base_paths=['.'], packages_ignore=None, packages_ignore_regex=None, paths=None, packages_up_to=None, packages_up_to_regex=None, packages_above=None, packages_above_and_dependencies=None, packages_above_depth=None, packages_select_by_dep=None, packages_skip_by_dep=None, packages_skip_up_to=None, packages_select_build_failed=False, packages_skip_build_finished=False, packages_select_test_failures=False, packages_skip_test_passed=False, packages_select=None, packages_skip=None, packages_select_regex=None, packages_skip_regex=None, packages_start=None, packages_end=None, allow_overriding=[], cmake_args=None, cmake_target=None, cmake_target_skip_unavailable=False, cmake_clean_cache=False, cmake_clean_first=False, cmake_force_configure=False, ament_cmake_args=None, catkin_cmake_args=None, catkin_skip_building_tests=False, mixin_files=None, mixin=None, verb_parser=<colcon_mixin.mixin.mixin_argument.MixinArgumentDecorator object at 0x71b96e43f850>, verb_extension=<colcon_core.verb.build.BuildVerb object at 0x71b96e43ee90>, main=<bound method BuildVerb.main of <colcon_core.verb.build.BuildVerb object at 0x71b96e43ee90>>, mixin_verb=('build',))
[0.243s] Level 1:colcon.colcon_core.package_discovery:discover_packages(colcon_meta) check parameters
[0.243s] Level 1:colcon.colcon_core.package_discovery:discover_packages(recursive) check parameters
[0.243s] Level 1:colcon.colcon_core.package_discovery:discover_packages(ignore) check parameters
[0.243s] Level 1:colcon.colcon_core.package_discovery:discover_packages(path) check parameters
[0.243s] Level 1:colcon.colcon_core.package_discovery:discover_packages(colcon_meta) discover
[0.243s] Level 1:colcon.colcon_core.package_discovery:discover_packages(recursive) discover
[0.243s] INFO:colcon.colcon_core.package_discovery:Crawling recursively for packages in '/home/kimsy/allegro_ws'
[0.244s] Level 1:colcon.colcon_core.package_identification:_identify(.) by extensions ['ignore', 'ignore_ament_install']
[0.244s] Level 1:colcon.colcon_core.package_identification:_identify(.) by extension 'ignore'
[0.244s] Level 1:colcon.colcon_core.package_identification:_identify(.) by extension 'ignore_ament_install'
[0.244s] Level 1:colcon.colcon_core.package_identification:_identify(.) by extensions ['colcon_pkg']
[0.244s] Level 1:colcon.colcon_core.package_identification:_identify(.) by extension 'colcon_pkg'
[0.244s] Level 1:colcon.colcon_core.package_identification:_identify(.) by extensions ['colcon_meta']
[0.244s] Level 1:colcon.colcon_core.package_identification:_identify(.) by extension 'colcon_meta'
[0.244s] Level 1:colcon.colcon_core.package_identification:_identify(.) by extensions ['ros']
[0.244s] Level 1:colcon.colcon_core.package_identification:_identify(.) by extension 'ros'
[0.253s] Level 1:colcon.colcon_core.package_identification:_identify(.) by extensions ['cmake', 'python']
[0.253s] Level 1:colcon.colcon_core.package_identification:_identify(.) by extension 'cmake'
[0.253s] Level 1:colcon.colcon_core.package_identification:_identify(.) by extension 'python'
[0.253s] Level 1:colcon.colcon_core.package_identification:_identify(.) by extensions ['python_setup_py']
[0.253s] Level 1:colcon.colcon_core.package_identification:_identify(.) by extension 'python_setup_py'
[0.253s] Level 1:colcon.colcon_core.package_identification:_identify(allegro_hand_ros2_v5) by extensions ['ignore', 'ignore_ament_install']
[0.253s] Level 1:colcon.colcon_core.package_identification:_identify(allegro_hand_ros2_v5) by extension 'ignore'
[0.253s] Level 1:colcon.colcon_core.package_identification:_identify(allegro_hand_ros2_v5) by extension 'ignore_ament_install'
[0.253s] Level 1:colcon.colcon_core.package_identification:_identify(allegro_hand_ros2_v5) by extensions ['colcon_pkg']
[0.253s] Level 1:colcon.colcon_core.package_identification:_identify(allegro_hand_ros2_v5) by extension 'colcon_pkg'
[0.253s] Level 1:colcon.colcon_core.package_identification:_identify(allegro_hand_ros2_v5) by extensions ['colcon_meta']
[0.253s] Level 1:colcon.colcon_core.package_identification:_identify(allegro_hand_ros2_v5) by extension 'colcon_meta'
[0.253s] Level 1:colcon.colcon_core.package_identification:_identify(allegro_hand_ros2_v5) by extensions ['ros']
[0.253s] Level 1:colcon.colcon_core.package_identification:_identify(allegro_hand_ros2_v5) by extension 'ros'
[0.253s] Level 1:colcon.colcon_core.package_identification:_identify(allegro_hand_ros2_v5) by extensions ['cmake', 'python']
[0.253s] Level 1:colcon.colcon_core.package_identification:_identify(allegro_hand_ros2_v5) by extension 'cmake'
[0.253s] Level 1:colcon.colcon_core.package_identification:_identify(allegro_hand_ros2_v5) by extension 'python'
[0.253s] Level 1:colcon.colcon_core.package_identification:_identify(allegro_hand_ros2_v5) by extensions ['python_setup_py']
[0.253s] Level 1:colcon.colcon_core.package_identification:_identify(allegro_hand_ros2_v5) by extension 'python_setup_py'
[0.253s] Level 1:colcon.colcon_core.package_identification:_identify(allegro_hand_ros2_v5/src) by extensions ['ignore', 'ignore_ament_install']
[0.253s] Level 1:colcon.colcon_core.package_identification:_identify(allegro_hand_ros2_v5/src) by extension 'ignore'
[0.253s] Level 1:colcon.colcon_core.package_identification:_identify(allegro_hand_ros2_v5/src) by extension 'ignore_ament_install'
[0.254s] Level 1:colcon.colcon_core.package_identification:_identify(allegro_hand_ros2_v5/src) by extensions ['colcon_pkg']
[0.254s] Level 1:colcon.colcon_core.package_identification:_identify(allegro_hand_ros2_v5/src) by extension 'colcon_pkg'
[0.254s] Level 1:colcon.colcon_core.package_identification:_identify(allegro_hand_ros2_v5/src) by extensions ['colcon_meta']
[0.254s] Level 1:colcon.colcon_core.package_identification:_identify(allegro_hand_ros2_v5/src) by extension 'colcon_meta'
[0.254s] Level 1:colcon.colcon_core.package_identification:_identify(allegro_hand_ros2_v5/src) by extensions ['ros']
[0.254s] Level 1:colcon.colcon_core.package_identification:_identify(allegro_hand_ros2_v5/src) by extension 'ros'
[0.254s] Level 1:colcon.colcon_core.package_identification:_identify(allegro_hand_ros2_v5/src) by extensions ['cmake', 'python']
[0.254s] Level 1:colcon.colcon_core.package_identification:_identify(allegro_hand_ros2_v5/src) by extension 'cmake'
[0.254s] Level 1:colcon.colcon_core.package_identification:_identify(allegro_hand_ros2_v5/src) by extension 'python'
[0.254s] Level 1:colcon.colcon_core.package_identification:_identify(allegro_hand_ros2_v5/src) by extensions ['python_setup_py']
[0.254s] Level 1:colcon.colcon_core.package_identification:_identify(allegro_hand_ros2_v5/src) by extension 'python_setup_py'
[0.254s] Level 1:colcon.colcon_core.package_identification:_identify(allegro_hand_ros2_v5/src/allegro_hand_controllers) by extensions ['ignore', 'ignore_ament_install']
[0.254s] Level 1:colcon.colcon_core.package_identification:_identify(allegro_hand_ros2_v5/src/allegro_hand_controllers) by extension 'ignore'
[0.254s] Level 1:colcon.colcon_core.package_identification:_identify(allegro_hand_ros2_v5/src/allegro_hand_controllers) by extension 'ignore_ament_install'
[0.254s] Level 1:colcon.colcon_core.package_identification:_identify(allegro_hand_ros2_v5/src/allegro_hand_controllers) by extensions ['colcon_pkg']
[0.254s] Level 1:colcon.colcon_core.package_identification:_identify(allegro_hand_ros2_v5/src/allegro_hand_controllers) by extension 'colcon_pkg'
[0.254s] Level 1:colcon.colcon_core.package_identification:_identify(allegro_hand_ros2_v5/src/allegro_hand_controllers) by extensions ['colcon_meta']
[0.254s] Level 1:colcon.colcon_core.package_identification:_identify(allegro_hand_ros2_v5/src/allegro_hand_controllers) by extension 'colcon_meta'
[0.254s] Level 1:colcon.colcon_core.package_identification:_identify(allegro_hand_ros2_v5/src/allegro_hand_controllers) by extensions ['ros']
[0.254s] Level 1:colcon.colcon_core.package_identification:_identify(allegro_hand_ros2_v5/src/allegro_hand_controllers) by extension 'ros'
[0.257s] DEBUG:colcon.colcon_core.package_identification:Package 'allegro_hand_ros2_v5/src/allegro_hand_controllers' with type 'ros.ament_cmake' and name 'allegro_hand_controllers'
[0.257s] Level 1:colcon.colcon_core.package_identification:_identify(allegro_hand_ros2_v5/src/allegro_hand_driver) by extensions ['ignore', 'ignore_ament_install']
[0.257s] Level 1:colcon.colcon_core.package_identification:_identify(allegro_hand_ros2_v5/src/allegro_hand_driver) by extension 'ignore'
[0.257s] Level 1:colcon.colcon_core.package_identification:_identify(allegro_hand_ros2_v5/src/allegro_hand_driver) by extension 'ignore_ament_install'
[0.257s] Level 1:colcon.colcon_core.package_identification:_identify(allegro_hand_ros2_v5/src/allegro_hand_driver) by extensions ['colcon_pkg']
[0.257s] Level 1:colcon.colcon_core.package_identification:_identify(allegro_hand_ros2_v5/src/allegro_hand_driver) by extension 'colcon_pkg'
[0.257s] Level 1:colcon.colcon_core.package_identification:_identify(allegro_hand_ros2_v5/src/allegro_hand_driver) by extensions ['colcon_meta']
[0.257s] Level 1:colcon.colcon_core.package_identification:_identify(allegro_hand_ros2_v5/src/allegro_hand_driver) by extension 'colcon_meta'
[0.257s] Level 1:colcon.colcon_core.package_identification:_identify(allegro_hand_ros2_v5/src/allegro_hand_driver) by extensions ['ros']
[0.257s] Level 1:colcon.colcon_core.package_identification:_identify(allegro_hand_ros2_v5/src/allegro_hand_driver) by extension 'ros'
[0.258s] DEBUG:colcon.colcon_core.package_identification:Package 'allegro_hand_ros2_v5/src/allegro_hand_driver' with type 'ros.ament_cmake' and name 'allegro_hand_driver'
[0.258s] Level 1:colcon.colcon_core.package_identification:_identify(allegro_hand_ros2_v5/src/allegro_hand_gui) by extensions ['ignore', 'ignore_ament_install']
[0.258s] Level 1:colcon.colcon_core.package_identification:_identify(allegro_hand_ros2_v5/src/allegro_hand_gui) by extension 'ignore'
[0.258s] Level 1:colcon.colcon_core.package_identification:_identify(allegro_hand_ros2_v5/src/allegro_hand_gui) by extension 'ignore_ament_install'
[0.258s] Level 1:colcon.colcon_core.package_identification:_identify(allegro_hand_ros2_v5/src/allegro_hand_gui) by extensions ['colcon_pkg']
[0.258s] Level 1:colcon.colcon_core.package_identification:_identify(allegro_hand_ros2_v5/src/allegro_hand_gui) by extension 'colcon_pkg'
[0.258s] Level 1:colcon.colcon_core.package_identification:_identify(allegro_hand_ros2_v5/src/allegro_hand_gui) by extensions ['colcon_meta']
[0.258s] Level 1:colcon.colcon_core.package_identification:_identify(allegro_hand_ros2_v5/src/allegro_hand_gui) by extension 'colcon_meta'
[0.258s] Level 1:colcon.colcon_core.package_identification:_identify(allegro_hand_ros2_v5/src/allegro_hand_gui) by extensions ['ros']
[0.258s] Level 1:colcon.colcon_core.package_identification:_identify(allegro_hand_ros2_v5/src/allegro_hand_gui) by extension 'ros'
[0.259s] DEBUG:colcon.colcon_core.package_identification:Package 'allegro_hand_ros2_v5/src/allegro_hand_gui' with type 'ros.ament_cmake' and name 'allegro_hand_gui'
[0.259s] Level 1:colcon.colcon_core.package_identification:_identify(allegro_hand_ros2_v5/src/allegro_hand_keyboards) by extensions ['ignore', 'ignore_ament_install']
[0.259s] Level 1:colcon.colcon_core.package_identification:_identify(allegro_hand_ros2_v5/src/allegro_hand_keyboards) by extension 'ignore'
[0.259s] Level 1:colcon.colcon_core.package_identification:_identify(allegro_hand_ros2_v5/src/allegro_hand_keyboards) by extension 'ignore_ament_install'
[0.259s] Level 1:colcon.colcon_core.package_identification:_identify(allegro_hand_ros2_v5/src/allegro_hand_keyboards) by extensions ['colcon_pkg']
[0.259s] Level 1:colcon.colcon_core.package_identification:_identify(allegro_hand_ros2_v5/src/allegro_hand_keyboards) by extension 'colcon_pkg'
[0.259s] Level 1:colcon.colcon_core.package_identification:_identify(allegro_hand_ros2_v5/src/allegro_hand_keyboards) by extensions ['colcon_meta']
[0.259s] Level 1:colcon.colcon_core.package_identification:_identify(allegro_hand_ros2_v5/src/allegro_hand_keyboards) by extension 'colcon_meta'
[0.259s] Level 1:colcon.colcon_core.package_identification:_identify(allegro_hand_ros2_v5/src/allegro_hand_keyboards) by extensions ['ros']
[0.259s] Level 1:colcon.colcon_core.package_identification:_identify(allegro_hand_ros2_v5/src/allegro_hand_keyboards) by extension 'ros'
[0.260s] DEBUG:colcon.colcon_core.package_identification:Package 'allegro_hand_ros2_v5/src/allegro_hand_keyboards' with type 'ros.ament_cmake' and name 'allegro_hand_keyboards'
[0.260s] Level 1:colcon.colcon_core.package_identification:_identify(allegro_hand_ros2_v5/src/allegro_hand_moveit) by extensions ['ignore', 'ignore_ament_install']
[0.260s] Level 1:colcon.colcon_core.package_identification:_identify(allegro_hand_ros2_v5/src/allegro_hand_moveit) by extension 'ignore'
[0.260s] Level 1:colcon.colcon_core.package_identification:_identify(allegro_hand_ros2_v5/src/allegro_hand_moveit) by extension 'ignore_ament_install'
[0.260s] Level 1:colcon.colcon_core.package_identification:_identify(allegro_hand_ros2_v5/src/allegro_hand_moveit) by extensions ['colcon_pkg']
[0.260s] Level 1:colcon.colcon_core.package_identification:_identify(allegro_hand_ros2_v5/src/allegro_hand_moveit) by extension 'colcon_pkg'
[0.260s] Level 1:colcon.colcon_core.package_identification:_identify(allegro_hand_ros2_v5/src/allegro_hand_moveit) by extensions ['colcon_meta']
[0.260s] Level 1:colcon.colcon_core.package_identification:_identify(allegro_hand_ros2_v5/src/allegro_hand_moveit) by extension 'colcon_meta'
[0.260s] Level 1:colcon.colcon_core.package_identification:_identify(allegro_hand_ros2_v5/src/allegro_hand_moveit) by extensions ['ros']
[0.260s] Level 1:colcon.colcon_core.package_identification:_identify(allegro_hand_ros2_v5/src/allegro_hand_moveit) by extension 'ros'
[0.262s] DEBUG:colcon.colcon_core.package_identification:Package 'allegro_hand_ros2_v5/src/allegro_hand_moveit' with type 'ros.ament_cmake' and name 'allegro_hand_moveit'
[0.262s] Level 1:colcon.colcon_core.package_identification:_identify(allegro_hand_ros2_v5/src/bhand) by extensions ['ignore', 'ignore_ament_install']
[0.262s] Level 1:colcon.colcon_core.package_identification:_identify(allegro_hand_ros2_v5/src/bhand) by extension 'ignore'
[0.262s] Level 1:colcon.colcon_core.package_identification:_identify(allegro_hand_ros2_v5/src/bhand) by extension 'ignore_ament_install'
[0.262s] Level 1:colcon.colcon_core.package_identification:_identify(allegro_hand_ros2_v5/src/bhand) by extensions ['colcon_pkg']
[0.262s] Level 1:colcon.colcon_core.package_identification:_identify(allegro_hand_ros2_v5/src/bhand) by extension 'colcon_pkg'
[0.262s] Level 1:colcon.colcon_core.package_identification:_identify(allegro_hand_ros2_v5/src/bhand) by extensions ['colcon_meta']
[0.262s] Level 1:colcon.colcon_core.package_identification:_identify(allegro_hand_ros2_v5/src/bhand) by extension 'colcon_meta'
[0.262s] Level 1:colcon.colcon_core.package_identification:_identify(allegro_hand_ros2_v5/src/bhand) by extensions ['ros']
[0.262s] Level 1:colcon.colcon_core.package_identification:_identify(allegro_hand_ros2_v5/src/bhand) by extension 'ros'
[0.263s] DEBUG:colcon.colcon_core.package_identification:Package 'allegro_hand_ros2_v5/src/bhand' with type 'ros.ament_cmake' and name 'bhand'
[0.263s] Level 1:colcon.colcon_core.package_identification:_identify(build) by extensions ['ignore', 'ignore_ament_install']
[0.263s] Level 1:colcon.colcon_core.package_identification:_identify(build) by extension 'ignore'
[0.263s] Level 1:colcon.colcon_core.package_identification:_identify(build) ignored
[0.263s] Level 1:colcon.colcon_core.package_identification:_identify(install) by extensions ['ignore', 'ignore_ament_install']
[0.263s] Level 1:colcon.colcon_core.package_identification:_identify(install) by extension 'ignore'
[0.263s] Level 1:colcon.colcon_core.package_identification:_identify(install) ignored
[0.263s] Level 1:colcon.colcon_core.package_identification:_identify(log) by extensions ['ignore', 'ignore_ament_install']
[0.263s] Level 1:colcon.colcon_core.package_identification:_identify(log) by extension 'ignore'
[0.263s] Level 1:colcon.colcon_core.package_identification:_identify(log) ignored
[0.263s] Level 1:colcon.colcon_core.package_discovery:discover_packages(recursive) using defaults
[0.263s] Level 1:colcon.colcon_core.package_discovery:discover_packages(ignore) discover
[0.264s] Level 1:colcon.colcon_core.package_discovery:discover_packages(ignore) using defaults
[0.264s] Level 1:colcon.colcon_core.package_discovery:discover_packages(path) discover
[0.264s] Level 1:colcon.colcon_core.package_discovery:discover_packages(path) using defaults
[0.289s] Level 1:colcon.colcon_core.package_discovery:discover_packages(prefix_path) check parameters
[0.289s] Level 1:colcon.colcon_core.package_discovery:discover_packages(prefix_path) discover
[0.291s] DEBUG:colcon.colcon_installed_package_information.package_discovery:Found 6 installed packages in /home/kimsy/allegro_ws/install
[0.291s] DEBUG:colcon.colcon_installed_package_information.package_discovery:Found 6 installed packages in /home/kimsy/workspaces/IsaacSim-ros_workspaces/humble_ws/install
[0.293s] DEBUG:colcon.colcon_installed_package_information.package_discovery:Found 360 installed packages in /opt/ros/humble
[0.294s] Level 1:colcon.colcon_core.package_discovery:discover_packages(prefix_path) using defaults
[0.331s] Level 5:colcon.colcon_core.verb:set package 'allegro_hand_driver' build argument 'cmake_args' from command line to 'None'
[0.331s] Level 5:colcon.colcon_core.verb:set package 'allegro_hand_driver' build argument 'cmake_target' from command line to 'None'
[0.331s] Level 5:colcon.colcon_core.verb:set package 'allegro_hand_driver' build argument 'cmake_target_skip_unavailable' from command line to 'False'
[0.331s] Level 5:colcon.colcon_core.verb:set package 'allegro_hand_driver' build argument 'cmake_clean_cache' from command line to 'False'
[0.331s] Level 5:colcon.colcon_core.verb:set package 'allegro_hand_driver' build argument 'cmake_clean_first' from command line to 'False'
[0.331s] Level 5:colcon.colcon_core.verb:set package 'allegro_hand_driver' build argument 'cmake_force_configure' from command line to 'False'
[0.331s] Level 5:colcon.colcon_core.verb:set package 'allegro_hand_driver' build argument 'ament_cmake_args' from command line to 'None'
[0.331s] Level 5:colcon.colcon_core.verb:set package 'allegro_hand_driver' build argument 'catkin_cmake_args' from command line to 'None'
[0.331s] Level 5:colcon.colcon_core.verb:set package 'allegro_hand_driver' build argument 'catkin_skip_building_tests' from command line to 'False'
[0.331s] DEBUG:colcon.colcon_core.verb:Building package 'allegro_hand_driver' with the following arguments: {'ament_cmake_args': None, 'build_base': '/home/kimsy/allegro_ws/build/allegro_hand_driver', 'catkin_cmake_args': None, 'catkin_skip_building_tests': False, 'cmake_args': None, 'cmake_clean_cache': False, 'cmake_clean_first': False, 'cmake_force_configure': False, 'cmake_target': None, 'cmake_target_skip_unavailable': False, 'install_base': '/home/kimsy/allegro_ws/install/allegro_hand_driver', 'merge_install': False, 'path': '/home/kimsy/allegro_ws/allegro_hand_ros2_v5/src/allegro_hand_driver', 'symlink_install': False, 'test_result_base': None}
[0.331s] Level 5:colcon.colcon_core.verb:set package 'allegro_hand_gui' build argument 'cmake_args' from command line to 'None'
[0.331s] Level 5:colcon.colcon_core.verb:set package 'allegro_hand_gui' build argument 'cmake_target' from command line to 'None'
[0.331s] Level 5:colcon.colcon_core.verb:set package 'allegro_hand_gui' build argument 'cmake_target_skip_unavailable' from command line to 'False'
[0.331s] Level 5:colcon.colcon_core.verb:set package 'allegro_hand_gui' build argument 'cmake_clean_cache' from command line to 'False'
[0.331s] Level 5:colcon.colcon_core.verb:set package 'allegro_hand_gui' build argument 'cmake_clean_first' from command line to 'False'
[0.331s] Level 5:colcon.colcon_core.verb:set package 'allegro_hand_gui' build argument 'cmake_force_configure' from command line to 'False'
[0.331s] Level 5:colcon.colcon_core.verb:set package 'allegro_hand_gui' build argument 'ament_cmake_args' from command line to 'None'
[0.331s] Level 5:colcon.colcon_core.verb:set package 'allegro_hand_gui' build argument 'catkin_cmake_args' from command line to 'None'
[0.331s] Level 5:colcon.colcon_core.verb:set package 'allegro_hand_gui' build argument 'catkin_skip_building_tests' from command line to 'False'
[0.331s] DEBUG:colcon.colcon_core.verb:Building package 'allegro_hand_gui' with the following arguments: {'ament_cmake_args': None, 'build_base': '/home/kimsy/allegro_ws/build/allegro_hand_gui', 'catkin_cmake_args': None, 'catkin_skip_building_tests': False, 'cmake_args': None, 'cmake_clean_cache': False, 'cmake_clean_first': False, 'cmake_force_configure': False, 'cmake_target': None, 'cmake_target_skip_unavailable': False, 'install_base': '/home/kimsy/allegro_ws/install/allegro_hand_gui', 'merge_install': False, 'path': '/home/kimsy/allegro_ws/allegro_hand_ros2_v5/src/allegro_hand_gui', 'symlink_install': False, 'test_result_base': None}
[0.332s] Level 5:colcon.colcon_core.verb:set package 'bhand' build argument 'cmake_args' from command line to 'None'
[0.332s] Level 5:colcon.colcon_core.verb:set package 'bhand' build argument 'cmake_target' from command line to 'None'
[0.332s] Level 5:colcon.colcon_core.verb:set package 'bhand' build argument 'cmake_target_skip_unavailable' from command line to 'False'
[0.332s] Level 5:colcon.colcon_core.verb:set package 'bhand' build argument 'cmake_clean_cache' from command line to 'False'
[0.332s] Level 5:colcon.colcon_core.verb:set package 'bhand' build argument 'cmake_clean_first' from command line to 'False'
[0.332s] Level 5:colcon.colcon_core.verb:set package 'bhand' build argument 'cmake_force_configure' from command line to 'False'
[0.332s] Level 5:colcon.colcon_core.verb:set package 'bhand' build argument 'ament_cmake_args' from command line to 'None'
[0.332s] Level 5:colcon.colcon_core.verb:set package 'bhand' build argument 'catkin_cmake_args' from command line to 'None'
[0.332s] Level 5:colcon.colcon_core.verb:set package 'bhand' build argument 'catkin_skip_building_tests' from command line to 'False'
[0.332s] DEBUG:colcon.colcon_core.verb:Building package 'bhand' with the following arguments: {'ament_cmake_args': None, 'build_base': '/home/kimsy/allegro_ws/build/bhand', 'catkin_cmake_args': None, 'catkin_skip_building_tests': False, 'cmake_args': None, 'cmake_clean_cache': False, 'cmake_clean_first': False, 'cmake_force_configure': False, 'cmake_target': None, 'cmake_target_skip_unavailable': False, 'install_base': '/home/kimsy/allegro_ws/install/bhand', 'merge_install': False, 'path': '/home/kimsy/allegro_ws/allegro_hand_ros2_v5/src/bhand', 'symlink_install': False, 'test_result_base': None}
[0.332s] Level 5:colcon.colcon_core.verb:set package 'allegro_hand_controllers' build argument 'cmake_args' from command line to 'None'
[0.332s] Level 5:colcon.colcon_core.verb:set package 'allegro_hand_controllers' build argument 'cmake_target' from command line to 'None'
[0.332s] Level 5:colcon.colcon_core.verb:set package 'allegro_hand_controllers' build argument 'cmake_target_skip_unavailable' from command line to 'False'
[0.332s] Level 5:colcon.colcon_core.verb:set package 'allegro_hand_controllers' build argument 'cmake_clean_cache' from command line to 'False'
[0.332s] Level 5:colcon.colcon_core.verb:set package 'allegro_hand_controllers' build argument 'cmake_clean_first' from command line to 'False'
[0.332s] Level 5:colcon.colcon_core.verb:set package 'allegro_hand_controllers' build argument 'cmake_force_configure' from command line to 'False'
[0.332s] Level 5:colcon.colcon_core.verb:set package 'allegro_hand_controllers' build argument 'ament_cmake_args' from command line to 'None'
[0.332s] Level 5:colcon.colcon_core.verb:set package 'allegro_hand_controllers' build argument 'catkin_cmake_args' from command line to 'None'
[0.332s] Level 5:colcon.colcon_core.verb:set package 'allegro_hand_controllers' build argument 'catkin_skip_building_tests' from command line to 'False'
[0.332s] DEBUG:colcon.colcon_core.verb:Building package 'allegro_hand_controllers' with the following arguments: {'ament_cmake_args': None, 'build_base': '/home/kimsy/allegro_ws/build/allegro_hand_controllers', 'catkin_cmake_args': None, 'catkin_skip_building_tests': False, 'cmake_args': None, 'cmake_clean_cache': False, 'cmake_clean_first': False, 'cmake_force_configure': False, 'cmake_target': None, 'cmake_target_skip_unavailable': False, 'install_base': '/home/kimsy/allegro_ws/install/allegro_hand_controllers', 'merge_install': False, 'path': '/home/kimsy/allegro_ws/allegro_hand_ros2_v5/src/allegro_hand_controllers', 'symlink_install': False, 'test_result_base': None}
[0.333s] Level 5:colcon.colcon_core.verb:set package 'allegro_hand_keyboards' build argument 'cmake_args' from command line to 'None'
[0.333s] Level 5:colcon.colcon_core.verb:set package 'allegro_hand_keyboards' build argument 'cmake_target' from command line to 'None'
[0.333s] Level 5:colcon.colcon_core.verb:set package 'allegro_hand_keyboards' build argument 'cmake_target_skip_unavailable' from command line to 'False'
[0.333s] Level 5:colcon.colcon_core.verb:set package 'allegro_hand_keyboards' build argument 'cmake_clean_cache' from command line to 'False'
[0.333s] Level 5:colcon.colcon_core.verb:set package 'allegro_hand_keyboards' build argument 'cmake_clean_first' from command line to 'False'
[0.333s] Level 5:colcon.colcon_core.verb:set package 'allegro_hand_keyboards' build argument 'cmake_force_configure' from command line to 'False'
[0.333s] Level 5:colcon.colcon_core.verb:set package 'allegro_hand_keyboards' build argument 'ament_cmake_args' from command line to 'None'
[0.333s] Level 5:colcon.colcon_core.verb:set package 'allegro_hand_keyboards' build argument 'catkin_cmake_args' from command line to 'None'
[0.333s] Level 5:colcon.colcon_core.verb:set package 'allegro_hand_keyboards' build argument 'catkin_skip_building_tests' from command line to 'False'
[0.333s] DEBUG:colcon.colcon_core.verb:Building package 'allegro_hand_keyboards' with the following arguments: {'ament_cmake_args': None, 'build_base': '/home/kimsy/allegro_ws/build/allegro_hand_keyboards', 'catkin_cmake_args': None, 'catkin_skip_building_tests': False, 'cmake_args': None, 'cmake_clean_cache': False, 'cmake_clean_first': False, 'cmake_force_configure': False, 'cmake_target': None, 'cmake_target_skip_unavailable': False, 'install_base': '/home/kimsy/allegro_ws/install/allegro_hand_keyboards', 'merge_install': False, 'path': '/home/kimsy/allegro_ws/allegro_hand_ros2_v5/src/allegro_hand_keyboards', 'symlink_install': False, 'test_result_base': None}
[0.333s] Level 5:colcon.colcon_core.verb:set package 'allegro_hand_moveit' build argument 'cmake_args' from command line to 'None'
[0.333s] Level 5:colcon.colcon_core.verb:set package 'allegro_hand_moveit' build argument 'cmake_target' from command line to 'None'
[0.333s] Level 5:colcon.colcon_core.verb:set package 'allegro_hand_moveit' build argument 'cmake_target_skip_unavailable' from command line to 'False'
[0.333s] Level 5:colcon.colcon_core.verb:set package 'allegro_hand_moveit' build argument 'cmake_clean_cache' from command line to 'False'
[0.333s] Level 5:colcon.colcon_core.verb:set package 'allegro_hand_moveit' build argument 'cmake_clean_first' from command line to 'False'
[0.333s] Level 5:colcon.colcon_core.verb:set package 'allegro_hand_moveit' build argument 'cmake_force_configure' from command line to 'False'
[0.333s] Level 5:colcon.colcon_core.verb:set package 'allegro_hand_moveit' build argument 'ament_cmake_args' from command line to 'None'
[0.333s] Level 5:colcon.colcon_core.verb:set package 'allegro_hand_moveit' build argument 'catkin_cmake_args' from command line to 'None'
[0.333s] Level 5:colcon.colcon_core.verb:set package 'allegro_hand_moveit' build argument 'catkin_skip_building_tests' from command line to 'False'
[0.333s] DEBUG:colcon.colcon_core.verb:Building package 'allegro_hand_moveit' with the following arguments: {'ament_cmake_args': None, 'build_base': '/home/kimsy/allegro_ws/build/allegro_hand_moveit', 'catkin_cmake_args': None, 'catkin_skip_building_tests': False, 'cmake_args': None, 'cmake_clean_cache': False, 'cmake_clean_first': False, 'cmake_force_configure': False, 'cmake_target': None, 'cmake_target_skip_unavailable': False, 'install_base': '/home/kimsy/allegro_ws/install/allegro_hand_moveit', 'merge_install': False, 'path': '/home/kimsy/allegro_ws/allegro_hand_ros2_v5/src/allegro_hand_moveit', 'symlink_install': False, 'test_result_base': None}
[0.333s] INFO:colcon.colcon_core.executor:Executing jobs using 'parallel' executor
[0.334s] DEBUG:colcon.colcon_parallel_executor.executor.parallel:run_until_complete
[0.334s] INFO:colcon.colcon_ros.task.ament_cmake.build:Building ROS package in '/home/kimsy/allegro_ws/allegro_hand_ros2_v5/src/allegro_hand_driver' with build type 'ament_cmake'
[0.334s] INFO:colcon.colcon_cmake.task.cmake.build:Building CMake package in '/home/kimsy/allegro_ws/allegro_hand_ros2_v5/src/allegro_hand_driver'
[0.336s] INFO:colcon.colcon_core.plugin_system:Skipping extension 'colcon_core.shell.bat': Not used on non-Windows systems
[0.336s] INFO:colcon.colcon_core.shell:Skip shell extension 'powershell' for command environment: Not usable outside of PowerShell
[0.336s] DEBUG:colcon.colcon_core.shell:Skip shell extension 'dsv' for command environment
[0.340s] INFO:colcon.colcon_ros.task.ament_cmake.build:Building ROS package in '/home/kimsy/allegro_ws/allegro_hand_ros2_v5/src/bhand' with build type 'ament_cmake'
[0.340s] INFO:colcon.colcon_cmake.task.cmake.build:Building CMake package in '/home/kimsy/allegro_ws/allegro_hand_ros2_v5/src/bhand'
[0.340s] INFO:colcon.colcon_core.shell:Skip shell extension 'powershell' for command environment: Not usable outside of PowerShell
[0.340s] DEBUG:colcon.colcon_core.shell:Skip shell extension 'dsv' for command environment
[0.344s] INFO:colcon.colcon_ros.task.ament_cmake.build:Building ROS package in '/home/kimsy/allegro_ws/allegro_hand_ros2_v5/src/allegro_hand_gui' with build type 'ament_cmake'
[0.344s] INFO:colcon.colcon_cmake.task.cmake.build:Building CMake package in '/home/kimsy/allegro_ws/allegro_hand_ros2_v5/src/allegro_hand_gui'
[0.344s] INFO:colcon.colcon_core.shell:Skip shell extension 'powershell' for command environment: Not usable outside of PowerShell
[0.344s] DEBUG:colcon.colcon_core.shell:Skip shell extension 'dsv' for command environment
[0.352s] DEBUG:colcon.colcon_core.event_handler.log_command:Invoking command in '/home/kimsy/allegro_ws/build/allegro_hand_driver': CMAKE_PREFIX_PATH=${CMAKE_PREFIX_PATH}:/opt/ros/humble:/home/kimsy/workspaces/IsaacSim-ros_workspaces/humble_ws/install/isaac_ros_navigation_goal /usr/bin/cmake --build /home/kimsy/allegro_ws/build/allegro_hand_driver -- -j16 -l16
[0.354s] DEBUG:colcon.colcon_core.event_handler.log_command:Invoking command in '/home/kimsy/allegro_ws/build/bhand': CMAKE_PREFIX_PATH=${CMAKE_PREFIX_PATH}:/opt/ros/humble:/home/kimsy/workspaces/IsaacSim-ros_workspaces/humble_ws/install/isaac_ros_navigation_goal /usr/bin/cmake --build /home/kimsy/allegro_ws/build/bhand -- -j16 -l16
[0.357s] DEBUG:colcon.colcon_core.event_handler.log_command:Invoking command in '/home/kimsy/allegro_ws/build/allegro_hand_gui': CMAKE_PREFIX_PATH=${CMAKE_PREFIX_PATH}:/opt/ros/humble:/home/kimsy/workspaces/IsaacSim-ros_workspaces/humble_ws/install/isaac_ros_navigation_goal /usr/bin/cmake --build /home/kimsy/allegro_ws/build/allegro_hand_gui -- -j16 -l16
[0.388s] DEBUG:colcon.colcon_core.event_handler.log_command:Invoked command in '/home/kimsy/allegro_ws/build/bhand' returned '0': CMAKE_PREFIX_PATH=${CMAKE_PREFIX_PATH}:/opt/ros/humble:/home/kimsy/workspaces/IsaacSim-ros_workspaces/humble_ws/install/isaac_ros_navigation_goal /usr/bin/cmake --build /home/kimsy/allegro_ws/build/bhand -- -j16 -l16
[0.398s] DEBUG:colcon.colcon_core.event_handler.log_command:Invoking command in '/home/kimsy/allegro_ws/build/bhand': CMAKE_PREFIX_PATH=${CMAKE_PREFIX_PATH}:/opt/ros/humble:/home/kimsy/workspaces/IsaacSim-ros_workspaces/humble_ws/install/isaac_ros_navigation_goal /usr/bin/cmake --install /home/kimsy/allegro_ws/build/bhand
[0.406s] Level 1:colcon.colcon_core.environment:create_environment_scripts_only(bhand)
[0.407s] DEBUG:colcon.colcon_core.event_handler.log_command:Invoked command in '/home/kimsy/allegro_ws/build/bhand' returned '0': CMAKE_PREFIX_PATH=${CMAKE_PREFIX_PATH}:/opt/ros/humble:/home/kimsy/workspaces/IsaacSim-ros_workspaces/humble_ws/install/isaac_ros_navigation_goal /usr/bin/cmake --install /home/kimsy/allegro_ws/build/bhand
[0.408s] Level 1:colcon.colcon_core.environment:checking '/home/kimsy/allegro_ws/install/bhand' for CMake module files
[0.409s] Level 1:colcon.colcon_core.environment:checking '/home/kimsy/allegro_ws/install/bhand' for CMake config files
[0.409s] Level 1:colcon.colcon_core.shell:create_environment_hook('bhand', 'cmake_prefix_path')
[0.409s] INFO:colcon.colcon_core.shell:Creating environment hook '/home/kimsy/allegro_ws/install/bhand/share/bhand/hook/cmake_prefix_path.ps1'
[0.410s] INFO:colcon.colcon_core.shell:Creating environment descriptor '/home/kimsy/allegro_ws/install/bhand/share/bhand/hook/cmake_prefix_path.dsv'
[0.410s] INFO:colcon.colcon_core.shell:Creating environment hook '/home/kimsy/allegro_ws/install/bhand/share/bhand/hook/cmake_prefix_path.sh'
[0.411s] Level 1:colcon.colcon_core.environment:checking '/home/kimsy/allegro_ws/install/bhand/lib'
[0.411s] Level 1:colcon.colcon_core.shell:create_environment_hook('bhand', 'ld_library_path_lib')
[0.411s] INFO:colcon.colcon_core.shell:Creating environment hook '/home/kimsy/allegro_ws/install/bhand/share/bhand/hook/ld_library_path_lib.ps1'
[0.411s] INFO:colcon.colcon_core.shell:Creating environment descriptor '/home/kimsy/allegro_ws/install/bhand/share/bhand/hook/ld_library_path_lib.dsv'
[0.411s] INFO:colcon.colcon_core.shell:Creating environment hook '/home/kimsy/allegro_ws/install/bhand/share/bhand/hook/ld_library_path_lib.sh'
[0.412s] Level 1:colcon.colcon_core.environment:checking '/home/kimsy/allegro_ws/install/bhand/bin'
[0.412s] Level 1:colcon.colcon_core.environment:checking '/home/kimsy/allegro_ws/install/bhand/lib/pkgconfig/bhand.pc'
[0.412s] Level 1:colcon.colcon_core.environment:checking '/home/kimsy/allegro_ws/install/bhand/lib/python3.10/site-packages'
[0.412s] Level 1:colcon.colcon_core.environment:checking '/home/kimsy/allegro_ws/install/bhand/bin'
[0.412s] INFO:colcon.colcon_core.shell:Creating package script '/home/kimsy/allegro_ws/install/bhand/share/bhand/package.ps1'
[0.413s] INFO:colcon.colcon_core.shell:Creating package descriptor '/home/kimsy/allegro_ws/install/bhand/share/bhand/package.dsv'
[0.413s] INFO:colcon.colcon_core.shell:Creating package script '/home/kimsy/allegro_ws/install/bhand/share/bhand/package.sh'
[0.414s] INFO:colcon.colcon_core.shell:Creating package script '/home/kimsy/allegro_ws/install/bhand/share/bhand/package.bash'
[0.414s] INFO:colcon.colcon_core.shell:Creating package script '/home/kimsy/allegro_ws/install/bhand/share/bhand/package.zsh'
[0.415s] Level 1:colcon.colcon_core.environment:create_file_with_runtime_dependencies(/home/kimsy/allegro_ws/install/bhand/share/colcon-core/packages/bhand)
[0.415s] Level 1:colcon.colcon_core.environment:create_environment_scripts_only(bhand)
[0.416s] Level 1:colcon.colcon_core.environment:checking '/home/kimsy/allegro_ws/install/bhand' for CMake module files
[0.416s] Level 1:colcon.colcon_core.environment:checking '/home/kimsy/allegro_ws/install/bhand' for CMake config files
[0.416s] Level 1:colcon.colcon_core.shell:create_environment_hook('bhand', 'cmake_prefix_path')
[0.416s] INFO:colcon.colcon_core.shell:Creating environment hook '/home/kimsy/allegro_ws/install/bhand/share/bhand/hook/cmake_prefix_path.ps1'
[0.417s] INFO:colcon.colcon_core.shell:Creating environment descriptor '/home/kimsy/allegro_ws/install/bhand/share/bhand/hook/cmake_prefix_path.dsv'
[0.417s] INFO:colcon.colcon_core.shell:Creating environment hook '/home/kimsy/allegro_ws/install/bhand/share/bhand/hook/cmake_prefix_path.sh'
[0.417s] Level 1:colcon.colcon_core.environment:checking '/home/kimsy/allegro_ws/install/bhand/lib'
[0.417s] Level 1:colcon.colcon_core.shell:create_environment_hook('bhand', 'ld_library_path_lib')
[0.417s] INFO:colcon.colcon_core.shell:Creating environment hook '/home/kimsy/allegro_ws/install/bhand/share/bhand/hook/ld_library_path_lib.ps1'
[0.418s] INFO:colcon.colcon_core.shell:Creating environment descriptor '/home/kimsy/allegro_ws/install/bhand/share/bhand/hook/ld_library_path_lib.dsv'
[0.418s] INFO:colcon.colcon_core.shell:Creating environment hook '/home/kimsy/allegro_ws/install/bhand/share/bhand/hook/ld_library_path_lib.sh'
[0.418s] Level 1:colcon.colcon_core.environment:checking '/home/kimsy/allegro_ws/install/bhand/bin'
[0.418s] Level 1:colcon.colcon_core.environment:checking '/home/kimsy/allegro_ws/install/bhand/lib/pkgconfig/bhand.pc'
[0.419s] Level 1:colcon.colcon_core.environment:checking '/home/kimsy/allegro_ws/install/bhand/lib/python3.10/site-packages'
[0.419s] Level 1:colcon.colcon_core.environment:checking '/home/kimsy/allegro_ws/install/bhand/bin'
[0.419s] INFO:colcon.colcon_core.shell:Creating package script '/home/kimsy/allegro_ws/install/bhand/share/bhand/package.ps1'
[0.419s] INFO:colcon.colcon_core.shell:Creating package descriptor '/home/kimsy/allegro_ws/install/bhand/share/bhand/package.dsv'
[0.420s] INFO:colcon.colcon_core.shell:Creating package script '/home/kimsy/allegro_ws/install/bhand/share/bhand/package.sh'
[0.420s] INFO:colcon.colcon_core.shell:Creating package script '/home/kimsy/allegro_ws/install/bhand/share/bhand/package.bash'
[0.420s] INFO:colcon.colcon_core.shell:Creating package script '/home/kimsy/allegro_ws/install/bhand/share/bhand/package.zsh'
[0.421s] Level 1:colcon.colcon_core.environment:create_file_with_runtime_dependencies(/home/kimsy/allegro_ws/install/bhand/share/colcon-core/packages/bhand)
[0.422s] DEBUG:colcon.colcon_core.event_handler.log_command:Invoked command in '/home/kimsy/allegro_ws/build/allegro_hand_driver' returned '0': CMAKE_PREFIX_PATH=${CMAKE_PREFIX_PATH}:/opt/ros/humble:/home/kimsy/workspaces/IsaacSim-ros_workspaces/humble_ws/install/isaac_ros_navigation_goal /usr/bin/cmake --build /home/kimsy/allegro_ws/build/allegro_hand_driver -- -j16 -l16
[0.424s] DEBUG:colcon.colcon_core.event_handler.log_command:Invoking command in '/home/kimsy/allegro_ws/build/allegro_hand_driver': CMAKE_PREFIX_PATH=${CMAKE_PREFIX_PATH}:/opt/ros/humble:/home/kimsy/workspaces/IsaacSim-ros_workspaces/humble_ws/install/isaac_ros_navigation_goal /usr/bin/cmake --install /home/kimsy/allegro_ws/build/allegro_hand_driver
[0.433s] Level 1:colcon.colcon_core.environment:create_environment_scripts_only(allegro_hand_driver)
[0.434s] Level 1:colcon.colcon_core.environment:checking '/home/kimsy/allegro_ws/install/allegro_hand_driver' for CMake module files
[0.434s] DEBUG:colcon.colcon_core.event_handler.log_command:Invoked command in '/home/kimsy/allegro_ws/build/allegro_hand_driver' returned '0': CMAKE_PREFIX_PATH=${CMAKE_PREFIX_PATH}:/opt/ros/humble:/home/kimsy/workspaces/IsaacSim-ros_workspaces/humble_ws/install/isaac_ros_navigation_goal /usr/bin/cmake --install /home/kimsy/allegro_ws/build/allegro_hand_driver
[0.435s] Level 1:colcon.colcon_core.environment:checking '/home/kimsy/allegro_ws/install/allegro_hand_driver' for CMake config files
[0.435s] Level 1:colcon.colcon_core.shell:create_environment_hook('allegro_hand_driver', 'cmake_prefix_path')
[0.435s] INFO:colcon.colcon_core.shell:Creating environment hook '/home/kimsy/allegro_ws/install/allegro_hand_driver/share/allegro_hand_driver/hook/cmake_prefix_path.ps1'
[0.436s] INFO:colcon.colcon_core.shell:Creating environment descriptor '/home/kimsy/allegro_ws/install/allegro_hand_driver/share/allegro_hand_driver/hook/cmake_prefix_path.dsv'
[0.436s] INFO:colcon.colcon_core.shell:Creating environment hook '/home/kimsy/allegro_ws/install/allegro_hand_driver/share/allegro_hand_driver/hook/cmake_prefix_path.sh'
[0.436s] Level 1:colcon.colcon_core.environment:checking '/home/kimsy/allegro_ws/install/allegro_hand_driver/lib'
[0.436s] Level 1:colcon.colcon_core.environment:checking '/home/kimsy/allegro_ws/install/allegro_hand_driver/bin'
[0.436s] Level 1:colcon.colcon_core.environment:checking '/home/kimsy/allegro_ws/install/allegro_hand_driver/lib/pkgconfig/allegro_hand_driver.pc'
[0.436s] Level 1:colcon.colcon_core.environment:checking '/home/kimsy/allegro_ws/install/allegro_hand_driver/lib/python3.10/site-packages'
[0.437s] Level 1:colcon.colcon_core.environment:checking '/home/kimsy/allegro_ws/install/allegro_hand_driver/bin'
[0.437s] INFO:colcon.colcon_core.shell:Creating package script '/home/kimsy/allegro_ws/install/allegro_hand_driver/share/allegro_hand_driver/package.ps1'
[0.437s] INFO:colcon.colcon_core.shell:Creating package descriptor '/home/kimsy/allegro_ws/install/allegro_hand_driver/share/allegro_hand_driver/package.dsv'
[0.437s] INFO:colcon.colcon_core.shell:Creating package script '/home/kimsy/allegro_ws/install/allegro_hand_driver/share/allegro_hand_driver/package.sh'
[0.438s] INFO:colcon.colcon_core.shell:Creating package script '/home/kimsy/allegro_ws/install/allegro_hand_driver/share/allegro_hand_driver/package.bash'
[0.438s] INFO:colcon.colcon_core.shell:Creating package script '/home/kimsy/allegro_ws/install/allegro_hand_driver/share/allegro_hand_driver/package.zsh'
[0.438s] Level 1:colcon.colcon_core.environment:create_file_with_runtime_dependencies(/home/kimsy/allegro_ws/install/allegro_hand_driver/share/colcon-core/packages/allegro_hand_driver)
[0.439s] Level 1:colcon.colcon_core.environment:create_environment_scripts_only(allegro_hand_driver)
[0.439s] Level 1:colcon.colcon_core.environment:checking '/home/kimsy/allegro_ws/install/allegro_hand_driver' for CMake module files
[0.439s] Level 1:colcon.colcon_core.environment:checking '/home/kimsy/allegro_ws/install/allegro_hand_driver' for CMake config files
[0.439s] Level 1:colcon.colcon_core.shell:create_environment_hook('allegro_hand_driver', 'cmake_prefix_path')
[0.439s] INFO:colcon.colcon_core.shell:Creating environment hook '/home/kimsy/allegro_ws/install/allegro_hand_driver/share/allegro_hand_driver/hook/cmake_prefix_path.ps1'
[0.440s] INFO:colcon.colcon_core.shell:Creating environment descriptor '/home/kimsy/allegro_ws/install/allegro_hand_driver/share/allegro_hand_driver/hook/cmake_prefix_path.dsv'
[0.440s] INFO:colcon.colcon_core.shell:Creating environment hook '/home/kimsy/allegro_ws/install/allegro_hand_driver/share/allegro_hand_driver/hook/cmake_prefix_path.sh'
[0.440s] Level 1:colcon.colcon_core.environment:checking '/home/kimsy/allegro_ws/install/allegro_hand_driver/lib'
[0.440s] Level 1:colcon.colcon_core.environment:checking '/home/kimsy/allegro_ws/install/allegro_hand_driver/bin'
[0.440s] Level 1:colcon.colcon_core.environment:checking '/home/kimsy/allegro_ws/install/allegro_hand_driver/lib/pkgconfig/allegro_hand_driver.pc'
[0.441s] Level 1:colcon.colcon_core.environment:checking '/home/kimsy/allegro_ws/install/allegro_hand_driver/lib/python3.10/site-packages'
[0.441s] Level 1:colcon.colcon_core.environment:checking '/home/kimsy/allegro_ws/install/allegro_hand_driver/bin'
[0.441s] INFO:colcon.colcon_core.shell:Creating package script '/home/kimsy/allegro_ws/install/allegro_hand_driver/share/allegro_hand_driver/package.ps1'
[0.441s] INFO:colcon.colcon_core.shell:Creating package descriptor '/home/kimsy/allegro_ws/install/allegro_hand_driver/share/allegro_hand_driver/package.dsv'
[0.442s] INFO:colcon.colcon_core.shell:Creating package script '/home/kimsy/allegro_ws/install/allegro_hand_driver/share/allegro_hand_driver/package.sh'
[0.442s] INFO:colcon.colcon_core.shell:Creating package script '/home/kimsy/allegro_ws/install/allegro_hand_driver/share/allegro_hand_driver/package.bash'
[0.442s] INFO:colcon.colcon_core.shell:Creating package script '/home/kimsy/allegro_ws/install/allegro_hand_driver/share/allegro_hand_driver/package.zsh'
[0.442s] Level 1:colcon.colcon_core.environment:create_file_with_runtime_dependencies(/home/kimsy/allegro_ws/install/allegro_hand_driver/share/colcon-core/packages/allegro_hand_driver)
[0.443s] INFO:colcon.colcon_ros.task.ament_cmake.build:Building ROS package in '/home/kimsy/allegro_ws/allegro_hand_ros2_v5/src/allegro_hand_controllers' with build type 'ament_cmake'
[0.443s] INFO:colcon.colcon_cmake.task.cmake.build:Building CMake package in '/home/kimsy/allegro_ws/allegro_hand_ros2_v5/src/allegro_hand_controllers'
[0.443s] INFO:colcon.colcon_core.shell:Skip shell extension 'powershell' for command environment: Not usable outside of PowerShell
[0.443s] DEBUG:colcon.colcon_core.shell:Skip shell extension 'dsv' for command environment
[0.447s] INFO:colcon.colcon_ros.task.ament_cmake.build:Building ROS package in '/home/kimsy/allegro_ws/allegro_hand_ros2_v5/src/allegro_hand_keyboards' with build type 'ament_cmake'
[0.447s] INFO:colcon.colcon_cmake.task.cmake.build:Building CMake package in '/home/kimsy/allegro_ws/allegro_hand_ros2_v5/src/allegro_hand_keyboards'
[0.447s] INFO:colcon.colcon_core.shell:Skip shell extension 'powershell' for command environment: Not usable outside of PowerShell
[0.447s] DEBUG:colcon.colcon_core.shell:Skip shell extension 'dsv' for command environment
[0.455s] DEBUG:colcon.colcon_core.event_handler.log_command:Invoking command in '/home/kimsy/allegro_ws/build/allegro_hand_controllers': CMAKE_PREFIX_PATH=/home/kimsy/allegro_ws/install/bhand:/home/kimsy/allegro_ws/install/allegro_hand_driver:/home/kimsy/allegro_ws/install/allegro_hand_moveit:/home/kimsy/allegro_ws/install/allegro_hand_controllers:/home/kimsy/allegro_ws/install/allegro_hand_keyboards:/home/kimsy/allegro_ws/install/allegro_hand_gui:/home/kimsy/workspaces/IsaacSim-ros_workspaces/humble_ws/install/isaacsim:/home/kimsy/workspaces/IsaacSim-ros_workspaces/humble_ws/install/isaac_tutorials:/home/kimsy/workspaces/IsaacSim-ros_workspaces/humble_ws/install/isaac_ros2_messages:/home/kimsy/workspaces/IsaacSim-ros_workspaces/humble_ws/install/custom_message:/home/kimsy/workspaces/IsaacSim-ros_workspaces/humble_ws/install/carter_navigation:/opt/ros/humble:/home/kimsy/workspaces/IsaacSim-ros_workspaces/humble_ws/install/isaac_ros_navigation_goal /usr/bin/cmake --build /home/kimsy/allegro_ws/build/allegro_hand_controllers -- -j16 -l16
[0.457s] DEBUG:colcon.colcon_core.event_handler.log_command:Invoking command in '/home/kimsy/allegro_ws/build/allegro_hand_keyboards': CMAKE_PREFIX_PATH=/home/kimsy/allegro_ws/install/allegro_hand_driver:/home/kimsy/allegro_ws/install/allegro_hand_moveit:/home/kimsy/allegro_ws/install/allegro_hand_controllers:/home/kimsy/allegro_ws/install/bhand:/home/kimsy/allegro_ws/install/allegro_hand_keyboards:/home/kimsy/allegro_ws/install/allegro_hand_gui:/home/kimsy/workspaces/IsaacSim-ros_workspaces/humble_ws/install/isaacsim:/home/kimsy/workspaces/IsaacSim-ros_workspaces/humble_ws/install/isaac_tutorials:/home/kimsy/workspaces/IsaacSim-ros_workspaces/humble_ws/install/isaac_ros2_messages:/home/kimsy/workspaces/IsaacSim-ros_workspaces/humble_ws/install/custom_message:/home/kimsy/workspaces/IsaacSim-ros_workspaces/humble_ws/install/carter_navigation:/opt/ros/humble:/home/kimsy/workspaces/IsaacSim-ros_workspaces/humble_ws/install/isaac_ros_navigation_goal /usr/bin/cmake --build /home/kimsy/allegro_ws/build/allegro_hand_keyboards -- -j16 -l16
[0.462s] DEBUG:colcon.colcon_core.event_handler.log_command:Invoked command in '/home/kimsy/allegro_ws/build/allegro_hand_gui' returned '0': CMAKE_PREFIX_PATH=${CMAKE_PREFIX_PATH}:/opt/ros/humble:/home/kimsy/workspaces/IsaacSim-ros_workspaces/humble_ws/install/isaac_ros_navigation_goal /usr/bin/cmake --build /home/kimsy/allegro_ws/build/allegro_hand_gui -- -j16 -l16
[0.464s] DEBUG:colcon.colcon_core.event_handler.log_command:Invoking command in '/home/kimsy/allegro_ws/build/allegro_hand_gui': CMAKE_PREFIX_PATH=${CMAKE_PREFIX_PATH}:/opt/ros/humble:/home/kimsy/workspaces/IsaacSim-ros_workspaces/humble_ws/install/isaac_ros_navigation_goal /usr/bin/cmake --install /home/kimsy/allegro_ws/build/allegro_hand_gui
[0.472s] Level 1:colcon.colcon_core.environment:create_environment_scripts_only(allegro_hand_gui)
[0.472s] Level 1:colcon.colcon_core.environment:checking '/home/kimsy/allegro_ws/install/allegro_hand_gui' for CMake module files
[0.473s] DEBUG:colcon.colcon_core.event_handler.log_command:Invoked command in '/home/kimsy/allegro_ws/build/allegro_hand_gui' returned '0': CMAKE_PREFIX_PATH=${CMAKE_PREFIX_PATH}:/opt/ros/humble:/home/kimsy/workspaces/IsaacSim-ros_workspaces/humble_ws/install/isaac_ros_navigation_goal /usr/bin/cmake --install /home/kimsy/allegro_ws/build/allegro_hand_gui
[0.473s] Level 1:colcon.colcon_core.environment:checking '/home/kimsy/allegro_ws/install/allegro_hand_gui' for CMake config files
[0.473s] Level 1:colcon.colcon_core.shell:create_environment_hook('allegro_hand_gui', 'cmake_prefix_path')
[0.474s] INFO:colcon.colcon_core.shell:Creating environment hook '/home/kimsy/allegro_ws/install/allegro_hand_gui/share/allegro_hand_gui/hook/cmake_prefix_path.ps1'
[0.474s] INFO:colcon.colcon_core.shell:Creating environment descriptor '/home/kimsy/allegro_ws/install/allegro_hand_gui/share/allegro_hand_gui/hook/cmake_prefix_path.dsv'
[0.474s] INFO:colcon.colcon_core.shell:Creating environment hook '/home/kimsy/allegro_ws/install/allegro_hand_gui/share/allegro_hand_gui/hook/cmake_prefix_path.sh'
[0.475s] Level 1:colcon.colcon_core.environment:checking '/home/kimsy/allegro_ws/install/allegro_hand_gui/lib'
[0.475s] Level 1:colcon.colcon_core.environment:checking '/home/kimsy/allegro_ws/install/allegro_hand_gui/bin'
[0.475s] Level 1:colcon.colcon_core.environment:checking '/home/kimsy/allegro_ws/install/allegro_hand_gui/lib/pkgconfig/allegro_hand_gui.pc'
[0.475s] Level 1:colcon.colcon_core.environment:checking '/home/kimsy/allegro_ws/install/allegro_hand_gui/lib/python3.10/site-packages'
[0.475s] Level 1:colcon.colcon_core.environment:checking '/home/kimsy/allegro_ws/install/allegro_hand_gui/bin'
[0.475s] INFO:colcon.colcon_core.shell:Creating package script '/home/kimsy/allegro_ws/install/allegro_hand_gui/share/allegro_hand_gui/package.ps1'
[0.476s] INFO:colcon.colcon_core.shell:Creating package descriptor '/home/kimsy/allegro_ws/install/allegro_hand_gui/share/allegro_hand_gui/package.dsv'
[0.476s] INFO:colcon.colcon_core.shell:Creating package script '/home/kimsy/allegro_ws/install/allegro_hand_gui/share/allegro_hand_gui/package.sh'
[0.477s] INFO:colcon.colcon_core.shell:Creating package script '/home/kimsy/allegro_ws/install/allegro_hand_gui/share/allegro_hand_gui/package.bash'
[0.477s] INFO:colcon.colcon_core.shell:Creating package script '/home/kimsy/allegro_ws/install/allegro_hand_gui/share/allegro_hand_gui/package.zsh'
[0.477s] Level 1:colcon.colcon_core.environment:create_file_with_runtime_dependencies(/home/kimsy/allegro_ws/install/allegro_hand_gui/share/colcon-core/packages/allegro_hand_gui)
[0.478s] Level 1:colcon.colcon_core.environment:create_environment_scripts_only(allegro_hand_gui)
[0.478s] Level 1:colcon.colcon_core.environment:checking '/home/kimsy/allegro_ws/install/allegro_hand_gui' for CMake module files
[0.478s] Level 1:colcon.colcon_core.environment:checking '/home/kimsy/allegro_ws/install/allegro_hand_gui' for CMake config files
[0.478s] Level 1:colcon.colcon_core.shell:create_environment_hook('allegro_hand_gui', 'cmake_prefix_path')
[0.478s] INFO:colcon.colcon_core.shell:Creating environment hook '/home/kimsy/allegro_ws/install/allegro_hand_gui/share/allegro_hand_gui/hook/cmake_prefix_path.ps1'
[0.479s] INFO:colcon.colcon_core.shell:Creating environment descriptor '/home/kimsy/allegro_ws/install/allegro_hand_gui/share/allegro_hand_gui/hook/cmake_prefix_path.dsv'
[0.479s] INFO:colcon.colcon_core.shell:Creating environment hook '/home/kimsy/allegro_ws/install/allegro_hand_gui/share/allegro_hand_gui/hook/cmake_prefix_path.sh'
[0.480s] Level 1:colcon.colcon_core.environment:checking '/home/kimsy/allegro_ws/install/allegro_hand_gui/lib'
[0.480s] Level 1:colcon.colcon_core.environment:checking '/home/kimsy/allegro_ws/install/allegro_hand_gui/bin'
[0.480s] Level 1:colcon.colcon_core.environment:checking '/home/kimsy/allegro_ws/install/allegro_hand_gui/lib/pkgconfig/allegro_hand_gui.pc'
[0.480s] Level 1:colcon.colcon_core.environment:checking '/home/kimsy/allegro_ws/install/allegro_hand_gui/lib/python3.10/site-packages'
[0.480s] Level 1:colcon.colcon_core.environment:checking '/home/kimsy/allegro_ws/install/allegro_hand_gui/bin'
[0.480s] INFO:colcon.colcon_core.shell:Creating package script '/home/kimsy/allegro_ws/install/allegro_hand_gui/share/allegro_hand_gui/package.ps1'
[0.481s] INFO:colcon.colcon_core.shell:Creating package descriptor '/home/kimsy/allegro_ws/install/allegro_hand_gui/share/allegro_hand_gui/package.dsv'
[0.481s] INFO:colcon.colcon_core.shell:Creating package script '/home/kimsy/allegro_ws/install/allegro_hand_gui/share/allegro_hand_gui/package.sh'
[0.481s] INFO:colcon.colcon_core.shell:Creating package script '/home/kimsy/allegro_ws/install/allegro_hand_gui/share/allegro_hand_gui/package.bash'
[0.482s] INFO:colcon.colcon_core.shell:Creating package script '/home/kimsy/allegro_ws/install/allegro_hand_gui/share/allegro_hand_gui/package.zsh'
[0.482s] Level 1:colcon.colcon_core.environment:create_file_with_runtime_dependencies(/home/kimsy/allegro_ws/install/allegro_hand_gui/share/colcon-core/packages/allegro_hand_gui)
[0.518s] DEBUG:colcon.colcon_core.event_handler.log_command:Invoked command in '/home/kimsy/allegro_ws/build/allegro_hand_keyboards' returned '0': CMAKE_PREFIX_PATH=/home/kimsy/allegro_ws/install/allegro_hand_driver:/home/kimsy/allegro_ws/install/allegro_hand_moveit:/home/kimsy/allegro_ws/install/allegro_hand_controllers:/home/kimsy/allegro_ws/install/bhand:/home/kimsy/allegro_ws/install/allegro_hand_keyboards:/home/kimsy/allegro_ws/install/allegro_hand_gui:/home/kimsy/workspaces/IsaacSim-ros_workspaces/humble_ws/install/isaacsim:/home/kimsy/workspaces/IsaacSim-ros_workspaces/humble_ws/install/isaac_tutorials:/home/kimsy/workspaces/IsaacSim-ros_workspaces/humble_ws/install/isaac_ros2_messages:/home/kimsy/workspaces/IsaacSim-ros_workspaces/humble_ws/install/custom_message:/home/kimsy/workspaces/IsaacSim-ros_workspaces/humble_ws/install/carter_navigation:/opt/ros/humble:/home/kimsy/workspaces/IsaacSim-ros_workspaces/humble_ws/install/isaac_ros_navigation_goal /usr/bin/cmake --build /home/kimsy/allegro_ws/build/allegro_hand_keyboards -- -j16 -l16
[0.519s] DEBUG:colcon.colcon_core.event_handler.log_command:Invoking command in '/home/kimsy/allegro_ws/build/allegro_hand_keyboards': CMAKE_PREFIX_PATH=/home/kimsy/allegro_ws/install/allegro_hand_driver:/home/kimsy/allegro_ws/install/allegro_hand_moveit:/home/kimsy/allegro_ws/install/allegro_hand_controllers:/home/kimsy/allegro_ws/install/bhand:/home/kimsy/allegro_ws/install/allegro_hand_keyboards:/home/kimsy/allegro_ws/install/allegro_hand_gui:/home/kimsy/workspaces/IsaacSim-ros_workspaces/humble_ws/install/isaacsim:/home/kimsy/workspaces/IsaacSim-ros_workspaces/humble_ws/install/isaac_tutorials:/home/kimsy/workspaces/IsaacSim-ros_workspaces/humble_ws/install/isaac_ros2_messages:/home/kimsy/workspaces/IsaacSim-ros_workspaces/humble_ws/install/custom_message:/home/kimsy/workspaces/IsaacSim-ros_workspaces/humble_ws/install/carter_navigation:/opt/ros/humble:/home/kimsy/workspaces/IsaacSim-ros_workspaces/humble_ws/install/isaac_ros_navigation_goal /usr/bin/cmake --install /home/kimsy/allegro_ws/build/allegro_hand_keyboards
[0.528s] Level 1:colcon.colcon_core.environment:create_environment_scripts_only(allegro_hand_keyboards)
[0.529s] Level 1:colcon.colcon_core.environment:checking '/home/kimsy/allegro_ws/install/allegro_hand_keyboards' for CMake module files
[0.529s] DEBUG:colcon.colcon_core.event_handler.log_command:Invoked command in '/home/kimsy/allegro_ws/build/allegro_hand_keyboards' returned '0': CMAKE_PREFIX_PATH=/home/kimsy/allegro_ws/install/allegro_hand_driver:/home/kimsy/allegro_ws/install/allegro_hand_moveit:/home/kimsy/allegro_ws/install/allegro_hand_controllers:/home/kimsy/allegro_ws/install/bhand:/home/kimsy/allegro_ws/install/allegro_hand_keyboards:/home/kimsy/allegro_ws/install/allegro_hand_gui:/home/kimsy/workspaces/IsaacSim-ros_workspaces/humble_ws/install/isaacsim:/home/kimsy/workspaces/IsaacSim-ros_workspaces/humble_ws/install/isaac_tutorials:/home/kimsy/workspaces/IsaacSim-ros_workspaces/humble_ws/install/isaac_ros2_messages:/home/kimsy/workspaces/IsaacSim-ros_workspaces/humble_ws/install/custom_message:/home/kimsy/workspaces/IsaacSim-ros_workspaces/humble_ws/install/carter_navigation:/opt/ros/humble:/home/kimsy/workspaces/IsaacSim-ros_workspaces/humble_ws/install/isaac_ros_navigation_goal /usr/bin/cmake --install /home/kimsy/allegro_ws/build/allegro_hand_keyboards
[0.529s] Level 1:colcon.colcon_core.environment:checking '/home/kimsy/allegro_ws/install/allegro_hand_keyboards' for CMake config files
[0.530s] Level 1:colcon.colcon_core.shell:create_environment_hook('allegro_hand_keyboards', 'cmake_prefix_path')
[0.530s] INFO:colcon.colcon_core.shell:Creating environment hook '/home/kimsy/allegro_ws/install/allegro_hand_keyboards/share/allegro_hand_keyboards/hook/cmake_prefix_path.ps1'
[0.530s] INFO:colcon.colcon_core.shell:Creating environment descriptor '/home/kimsy/allegro_ws/install/allegro_hand_keyboards/share/allegro_hand_keyboards/hook/cmake_prefix_path.dsv'
[0.530s] INFO:colcon.colcon_core.shell:Creating environment hook '/home/kimsy/allegro_ws/install/allegro_hand_keyboards/share/allegro_hand_keyboards/hook/cmake_prefix_path.sh'
[0.531s] Level 1:colcon.colcon_core.environment:checking '/home/kimsy/allegro_ws/install/allegro_hand_keyboards/lib'
[0.531s] Level 1:colcon.colcon_core.environment:checking '/home/kimsy/allegro_ws/install/allegro_hand_keyboards/bin'
[0.531s] Level 1:colcon.colcon_core.environment:checking '/home/kimsy/allegro_ws/install/allegro_hand_keyboards/lib/pkgconfig/allegro_hand_keyboards.pc'
[0.531s] Level 1:colcon.colcon_core.environment:checking '/home/kimsy/allegro_ws/install/allegro_hand_keyboards/lib/python3.10/site-packages'
[0.531s] Level 1:colcon.colcon_core.environment:checking '/home/kimsy/allegro_ws/install/allegro_hand_keyboards/bin'
[0.531s] INFO:colcon.colcon_core.shell:Creating package script '/home/kimsy/allegro_ws/install/allegro_hand_keyboards/share/allegro_hand_keyboards/package.ps1'
[0.532s] INFO:colcon.colcon_core.shell:Creating package descriptor '/home/kimsy/allegro_ws/install/allegro_hand_keyboards/share/allegro_hand_keyboards/package.dsv'
[0.532s] INFO:colcon.colcon_core.shell:Creating package script '/home/kimsy/allegro_ws/install/allegro_hand_keyboards/share/allegro_hand_keyboards/package.sh'
[0.532s] INFO:colcon.colcon_core.shell:Creating package script '/home/kimsy/allegro_ws/install/allegro_hand_keyboards/share/allegro_hand_keyboards/package.bash'
[0.533s] INFO:colcon.colcon_core.shell:Creating package script '/home/kimsy/allegro_ws/install/allegro_hand_keyboards/share/allegro_hand_keyboards/package.zsh'
[0.533s] Level 1:colcon.colcon_core.environment:create_file_with_runtime_dependencies(/home/kimsy/allegro_ws/install/allegro_hand_keyboards/share/colcon-core/packages/allegro_hand_keyboards)
[0.534s] Level 1:colcon.colcon_core.environment:create_environment_scripts_only(allegro_hand_keyboards)
[0.534s] Level 1:colcon.colcon_core.environment:checking '/home/kimsy/allegro_ws/install/allegro_hand_keyboards' for CMake module files
[0.534s] Level 1:colcon.colcon_core.environment:checking '/home/kimsy/allegro_ws/install/allegro_hand_keyboards' for CMake config files
[0.534s] Level 1:colcon.colcon_core.shell:create_environment_hook('allegro_hand_keyboards', 'cmake_prefix_path')
[0.534s] INFO:colcon.colcon_core.shell:Creating environment hook '/home/kimsy/allegro_ws/install/allegro_hand_keyboards/share/allegro_hand_keyboards/hook/cmake_prefix_path.ps1'
[0.535s] INFO:colcon.colcon_core.shell:Creating environment descriptor '/home/kimsy/allegro_ws/install/allegro_hand_keyboards/share/allegro_hand_keyboards/hook/cmake_prefix_path.dsv'
[0.535s] INFO:colcon.colcon_core.shell:Creating environment hook '/home/kimsy/allegro_ws/install/allegro_hand_keyboards/share/allegro_hand_keyboards/hook/cmake_prefix_path.sh'
[0.536s] Level 1:colcon.colcon_core.environment:checking '/home/kimsy/allegro_ws/install/allegro_hand_keyboards/lib'
[0.536s] Level 1:colcon.colcon_core.environment:checking '/home/kimsy/allegro_ws/install/allegro_hand_keyboards/bin'
[0.536s] Level 1:colcon.colcon_core.environment:checking '/home/kimsy/allegro_ws/install/allegro_hand_keyboards/lib/pkgconfig/allegro_hand_keyboards.pc'
[0.536s] Level 1:colcon.colcon_core.environment:checking '/home/kimsy/allegro_ws/install/allegro_hand_keyboards/lib/python3.10/site-packages'
[0.536s] Level 1:colcon.colcon_core.environment:checking '/home/kimsy/allegro_ws/install/allegro_hand_keyboards/bin'
[0.536s] INFO:colcon.colcon_core.shell:Creating package script '/home/kimsy/allegro_ws/install/allegro_hand_keyboards/share/allegro_hand_keyboards/package.ps1'
[0.537s] INFO:colcon.colcon_core.shell:Creating package descriptor '/home/kimsy/allegro_ws/install/allegro_hand_keyboards/share/allegro_hand_keyboards/package.dsv'
[0.537s] INFO:colcon.colcon_core.shell:Creating package script '/home/kimsy/allegro_ws/install/allegro_hand_keyboards/share/allegro_hand_keyboards/package.sh'
[0.537s] INFO:colcon.colcon_core.shell:Creating package script '/home/kimsy/allegro_ws/install/allegro_hand_keyboards/share/allegro_hand_keyboards/package.bash'
[0.538s] INFO:colcon.colcon_core.shell:Creating package script '/home/kimsy/allegro_ws/install/allegro_hand_keyboards/share/allegro_hand_keyboards/package.zsh'
[0.538s] Level 1:colcon.colcon_core.environment:create_file_with_runtime_dependencies(/home/kimsy/allegro_ws/install/allegro_hand_keyboards/share/colcon-core/packages/allegro_hand_keyboards)
[0.544s] DEBUG:colcon.colcon_core.event_handler.log_command:Invoked command in '/home/kimsy/allegro_ws/build/allegro_hand_controllers' returned '0': CMAKE_PREFIX_PATH=/home/kimsy/allegro_ws/install/bhand:/home/kimsy/allegro_ws/install/allegro_hand_driver:/home/kimsy/allegro_ws/install/allegro_hand_moveit:/home/kimsy/allegro_ws/install/allegro_hand_controllers:/home/kimsy/allegro_ws/install/allegro_hand_keyboards:/home/kimsy/allegro_ws/install/allegro_hand_gui:/home/kimsy/workspaces/IsaacSim-ros_workspaces/humble_ws/install/isaacsim:/home/kimsy/workspaces/IsaacSim-ros_workspaces/humble_ws/install/isaac_tutorials:/home/kimsy/workspaces/IsaacSim-ros_workspaces/humble_ws/install/isaac_ros2_messages:/home/kimsy/workspaces/IsaacSim-ros_workspaces/humble_ws/install/custom_message:/home/kimsy/workspaces/IsaacSim-ros_workspaces/humble_ws/install/carter_navigation:/opt/ros/humble:/home/kimsy/workspaces/IsaacSim-ros_workspaces/humble_ws/install/isaac_ros_navigation_goal /usr/bin/cmake --build /home/kimsy/allegro_ws/build/allegro_hand_controllers -- -j16 -l16
[0.546s] DEBUG:colcon.colcon_core.event_handler.log_command:Invoking command in '/home/kimsy/allegro_ws/build/allegro_hand_controllers': CMAKE_PREFIX_PATH=/home/kimsy/allegro_ws/install/bhand:/home/kimsy/allegro_ws/install/allegro_hand_driver:/home/kimsy/allegro_ws/install/allegro_hand_moveit:/home/kimsy/allegro_ws/install/allegro_hand_controllers:/home/kimsy/allegro_ws/install/allegro_hand_keyboards:/home/kimsy/allegro_ws/install/allegro_hand_gui:/home/kimsy/workspaces/IsaacSim-ros_workspaces/humble_ws/install/isaacsim:/home/kimsy/workspaces/IsaacSim-ros_workspaces/humble_ws/install/isaac_tutorials:/home/kimsy/workspaces/IsaacSim-ros_workspaces/humble_ws/install/isaac_ros2_messages:/home/kimsy/workspaces/IsaacSim-ros_workspaces/humble_ws/install/custom_message:/home/kimsy/workspaces/IsaacSim-ros_workspaces/humble_ws/install/carter_navigation:/opt/ros/humble:/home/kimsy/workspaces/IsaacSim-ros_workspaces/humble_ws/install/isaac_ros_navigation_goal /usr/bin/cmake --install /home/kimsy/allegro_ws/build/allegro_hand_controllers
[0.557s] Level 1:colcon.colcon_core.environment:create_environment_scripts_only(allegro_hand_controllers)
[0.557s] Level 1:colcon.colcon_core.environment:checking '/home/kimsy/allegro_ws/install/allegro_hand_controllers' for CMake module files
[0.558s] DEBUG:colcon.colcon_core.event_handler.log_command:Invoked command in '/home/kimsy/allegro_ws/build/allegro_hand_controllers' returned '0': CMAKE_PREFIX_PATH=/home/kimsy/allegro_ws/install/bhand:/home/kimsy/allegro_ws/install/allegro_hand_driver:/home/kimsy/allegro_ws/install/allegro_hand_moveit:/home/kimsy/allegro_ws/install/allegro_hand_controllers:/home/kimsy/allegro_ws/install/allegro_hand_keyboards:/home/kimsy/allegro_ws/install/allegro_hand_gui:/home/kimsy/workspaces/IsaacSim-ros_workspaces/humble_ws/install/isaacsim:/home/kimsy/workspaces/IsaacSim-ros_workspaces/humble_ws/install/isaac_tutorials:/home/kimsy/workspaces/IsaacSim-ros_workspaces/humble_ws/install/isaac_ros2_messages:/home/kimsy/workspaces/IsaacSim-ros_workspaces/humble_ws/install/custom_message:/home/kimsy/workspaces/IsaacSim-ros_workspaces/humble_ws/install/carter_navigation:/opt/ros/humble:/home/kimsy/workspaces/IsaacSim-ros_workspaces/humble_ws/install/isaac_ros_navigation_goal /usr/bin/cmake --install /home/kimsy/allegro_ws/build/allegro_hand_controllers
[0.558s] Level 1:colcon.colcon_core.environment:checking '/home/kimsy/allegro_ws/install/allegro_hand_controllers' for CMake config files
[0.558s] Level 1:colcon.colcon_core.shell:create_environment_hook('allegro_hand_controllers', 'cmake_prefix_path')
[0.558s] INFO:colcon.colcon_core.shell:Creating environment hook '/home/kimsy/allegro_ws/install/allegro_hand_controllers/share/allegro_hand_controllers/hook/cmake_prefix_path.ps1'
[0.559s] INFO:colcon.colcon_core.shell:Creating environment descriptor '/home/kimsy/allegro_ws/install/allegro_hand_controllers/share/allegro_hand_controllers/hook/cmake_prefix_path.dsv'
[0.559s] INFO:colcon.colcon_core.shell:Creating environment hook '/home/kimsy/allegro_ws/install/allegro_hand_controllers/share/allegro_hand_controllers/hook/cmake_prefix_path.sh'
[0.560s] Level 1:colcon.colcon_core.environment:checking '/home/kimsy/allegro_ws/install/allegro_hand_controllers/lib'
[0.560s] Level 1:colcon.colcon_core.environment:checking '/home/kimsy/allegro_ws/install/allegro_hand_controllers/bin'
[0.560s] Level 1:colcon.colcon_core.environment:checking '/home/kimsy/allegro_ws/install/allegro_hand_controllers/lib/pkgconfig/allegro_hand_controllers.pc'
[0.560s] Level 1:colcon.colcon_core.environment:checking '/home/kimsy/allegro_ws/install/allegro_hand_controllers/lib/python3.10/site-packages'
[0.560s] Level 1:colcon.colcon_core.environment:checking '/home/kimsy/allegro_ws/install/allegro_hand_controllers/bin'
[0.561s] INFO:colcon.colcon_core.shell:Creating package script '/home/kimsy/allegro_ws/install/allegro_hand_controllers/share/allegro_hand_controllers/package.ps1'
[0.561s] INFO:colcon.colcon_core.shell:Creating package descriptor '/home/kimsy/allegro_ws/install/allegro_hand_controllers/share/allegro_hand_controllers/package.dsv'
[0.561s] INFO:colcon.colcon_core.shell:Creating package script '/home/kimsy/allegro_ws/install/allegro_hand_controllers/share/allegro_hand_controllers/package.sh'
[0.562s] INFO:colcon.colcon_core.shell:Creating package script '/home/kimsy/allegro_ws/install/allegro_hand_controllers/share/allegro_hand_controllers/package.bash'
[0.562s] INFO:colcon.colcon_core.shell:Creating package script '/home/kimsy/allegro_ws/install/allegro_hand_controllers/share/allegro_hand_controllers/package.zsh'
[0.562s] Level 1:colcon.colcon_core.environment:create_file_with_runtime_dependencies(/home/kimsy/allegro_ws/install/allegro_hand_controllers/share/colcon-core/packages/allegro_hand_controllers)
[0.563s] Level 1:colcon.colcon_core.environment:create_environment_scripts_only(allegro_hand_controllers)
[0.563s] Level 1:colcon.colcon_core.environment:checking '/home/kimsy/allegro_ws/install/allegro_hand_controllers' for CMake module files
[0.563s] Level 1:colcon.colcon_core.environment:checking '/home/kimsy/allegro_ws/install/allegro_hand_controllers' for CMake config files
[0.564s] Level 1:colcon.colcon_core.shell:create_environment_hook('allegro_hand_controllers', 'cmake_prefix_path')
[0.564s] INFO:colcon.colcon_core.shell:Creating environment hook '/home/kimsy/allegro_ws/install/allegro_hand_controllers/share/allegro_hand_controllers/hook/cmake_prefix_path.ps1'
[0.564s] INFO:colcon.colcon_core.shell:Creating environment descriptor '/home/kimsy/allegro_ws/install/allegro_hand_controllers/share/allegro_hand_controllers/hook/cmake_prefix_path.dsv'
[0.564s] INFO:colcon.colcon_core.shell:Creating environment hook '/home/kimsy/allegro_ws/install/allegro_hand_controllers/share/allegro_hand_controllers/hook/cmake_prefix_path.sh'
[0.565s] Level 1:colcon.colcon_core.environment:checking '/home/kimsy/allegro_ws/install/allegro_hand_controllers/lib'
[0.565s] Level 1:colcon.colcon_core.environment:checking '/home/kimsy/allegro_ws/install/allegro_hand_controllers/bin'
[0.565s] Level 1:colcon.colcon_core.environment:checking '/home/kimsy/allegro_ws/install/allegro_hand_controllers/lib/pkgconfig/allegro_hand_controllers.pc'
[0.565s] Level 1:colcon.colcon_core.environment:checking '/home/kimsy/allegro_ws/install/allegro_hand_controllers/lib/python3.10/site-packages'
[0.565s] Level 1:colcon.colcon_core.environment:checking '/home/kimsy/allegro_ws/install/allegro_hand_controllers/bin'
[0.565s] INFO:colcon.colcon_core.shell:Creating package script '/home/kimsy/allegro_ws/install/allegro_hand_controllers/share/allegro_hand_controllers/package.ps1'
[0.566s] INFO:colcon.colcon_core.shell:Creating package descriptor '/home/kimsy/allegro_ws/install/allegro_hand_controllers/share/allegro_hand_controllers/package.dsv'
[0.566s] INFO:colcon.colcon_core.shell:Creating package script '/home/kimsy/allegro_ws/install/allegro_hand_controllers/share/allegro_hand_controllers/package.sh'
[0.567s] INFO:colcon.colcon_core.shell:Creating package script '/home/kimsy/allegro_ws/install/allegro_hand_controllers/share/allegro_hand_controllers/package.bash'
[0.567s] INFO:colcon.colcon_core.shell:Creating package script '/home/kimsy/allegro_ws/install/allegro_hand_controllers/share/allegro_hand_controllers/package.zsh'
[0.567s] Level 1:colcon.colcon_core.environment:create_file_with_runtime_dependencies(/home/kimsy/allegro_ws/install/allegro_hand_controllers/share/colcon-core/packages/allegro_hand_controllers)
[0.568s] INFO:colcon.colcon_ros.task.ament_cmake.build:Building ROS package in '/home/kimsy/allegro_ws/allegro_hand_ros2_v5/src/allegro_hand_moveit' with build type 'ament_cmake'
[0.568s] INFO:colcon.colcon_cmake.task.cmake.build:Building CMake package in '/home/kimsy/allegro_ws/allegro_hand_ros2_v5/src/allegro_hand_moveit'
[0.568s] INFO:colcon.colcon_core.shell:Skip shell extension 'powershell' for command environment: Not usable outside of PowerShell
[0.568s] DEBUG:colcon.colcon_core.shell:Skip shell extension 'dsv' for command environment
[0.580s] DEBUG:colcon.colcon_core.event_handler.log_command:Invoking command in '/home/kimsy/allegro_ws/build/allegro_hand_moveit': CMAKE_PREFIX_PATH=/home/kimsy/allegro_ws/install/allegro_hand_controllers:/home/kimsy/allegro_ws/install/bhand:/home/kimsy/allegro_ws/install/allegro_hand_driver:/home/kimsy/allegro_ws/install/allegro_hand_moveit:/home/kimsy/allegro_ws/install/allegro_hand_keyboards:/home/kimsy/allegro_ws/install/allegro_hand_gui:/home/kimsy/workspaces/IsaacSim-ros_workspaces/humble_ws/install/isaacsim:/home/kimsy/workspaces/IsaacSim-ros_workspaces/humble_ws/install/isaac_tutorials:/home/kimsy/workspaces/IsaacSim-ros_workspaces/humble_ws/install/isaac_ros2_messages:/home/kimsy/workspaces/IsaacSim-ros_workspaces/humble_ws/install/custom_message:/home/kimsy/workspaces/IsaacSim-ros_workspaces/humble_ws/install/carter_navigation:/opt/ros/humble:/home/kimsy/workspaces/IsaacSim-ros_workspaces/humble_ws/install/isaac_ros_navigation_goal /usr/bin/cmake --build /home/kimsy/allegro_ws/build/allegro_hand_moveit -- -j16 -l16
[0.655s] DEBUG:colcon.colcon_core.event_handler.log_command:Invoked command in '/home/kimsy/allegro_ws/build/allegro_hand_moveit' returned '0': CMAKE_PREFIX_PATH=/home/kimsy/allegro_ws/install/allegro_hand_controllers:/home/kimsy/allegro_ws/install/bhand:/home/kimsy/allegro_ws/install/allegro_hand_driver:/home/kimsy/allegro_ws/install/allegro_hand_moveit:/home/kimsy/allegro_ws/install/allegro_hand_keyboards:/home/kimsy/allegro_ws/install/allegro_hand_gui:/home/kimsy/workspaces/IsaacSim-ros_workspaces/humble_ws/install/isaacsim:/home/kimsy/workspaces/IsaacSim-ros_workspaces/humble_ws/install/isaac_tutorials:/home/kimsy/workspaces/IsaacSim-ros_workspaces/humble_ws/install/isaac_ros2_messages:/home/kimsy/workspaces/IsaacSim-ros_workspaces/humble_ws/install/custom_message:/home/kimsy/workspaces/IsaacSim-ros_workspaces/humble_ws/install/carter_navigation:/opt/ros/humble:/home/kimsy/workspaces/IsaacSim-ros_workspaces/humble_ws/install/isaac_ros_navigation_goal /usr/bin/cmake --build /home/kimsy/allegro_ws/build/allegro_hand_moveit -- -j16 -l16
[0.656s] DEBUG:colcon.colcon_core.event_handler.log_command:Invoking command in '/home/kimsy/allegro_ws/build/allegro_hand_moveit': CMAKE_PREFIX_PATH=/home/kimsy/allegro_ws/install/allegro_hand_controllers:/home/kimsy/allegro_ws/install/bhand:/home/kimsy/allegro_ws/install/allegro_hand_driver:/home/kimsy/allegro_ws/install/allegro_hand_moveit:/home/kimsy/allegro_ws/install/allegro_hand_keyboards:/home/kimsy/allegro_ws/install/allegro_hand_gui:/home/kimsy/workspaces/IsaacSim-ros_workspaces/humble_ws/install/isaacsim:/home/kimsy/workspaces/IsaacSim-ros_workspaces/humble_ws/install/isaac_tutorials:/home/kimsy/workspaces/IsaacSim-ros_workspaces/humble_ws/install/isaac_ros2_messages:/home/kimsy/workspaces/IsaacSim-ros_workspaces/humble_ws/install/custom_message:/home/kimsy/workspaces/IsaacSim-ros_workspaces/humble_ws/install/carter_navigation:/opt/ros/humble:/home/kimsy/workspaces/IsaacSim-ros_workspaces/humble_ws/install/isaac_ros_navigation_goal /usr/bin/cmake --install /home/kimsy/allegro_ws/build/allegro_hand_moveit
[0.667s] Level 1:colcon.colcon_core.environment:create_environment_scripts_only(allegro_hand_moveit)
[0.667s] Level 1:colcon.colcon_core.environment:checking '/home/kimsy/allegro_ws/install/allegro_hand_moveit' for CMake module files
[0.668s] DEBUG:colcon.colcon_core.event_handler.log_command:Invoked command in '/home/kimsy/allegro_ws/build/allegro_hand_moveit' returned '0': CMAKE_PREFIX_PATH=/home/kimsy/allegro_ws/install/allegro_hand_controllers:/home/kimsy/allegro_ws/install/bhand:/home/kimsy/allegro_ws/install/allegro_hand_driver:/home/kimsy/allegro_ws/install/allegro_hand_moveit:/home/kimsy/allegro_ws/install/allegro_hand_keyboards:/home/kimsy/allegro_ws/install/allegro_hand_gui:/home/kimsy/workspaces/IsaacSim-ros_workspaces/humble_ws/install/isaacsim:/home/kimsy/workspaces/IsaacSim-ros_workspaces/humble_ws/install/isaac_tutorials:/home/kimsy/workspaces/IsaacSim-ros_workspaces/humble_ws/install/isaac_ros2_messages:/home/kimsy/workspaces/IsaacSim-ros_workspaces/humble_ws/install/custom_message:/home/kimsy/workspaces/IsaacSim-ros_workspaces/humble_ws/install/carter_navigation:/opt/ros/humble:/home/kimsy/workspaces/IsaacSim-ros_workspaces/humble_ws/install/isaac_ros_navigation_goal /usr/bin/cmake --install /home/kimsy/allegro_ws/build/allegro_hand_moveit
[0.668s] Level 1:colcon.colcon_core.environment:checking '/home/kimsy/allegro_ws/install/allegro_hand_moveit' for CMake config files
[0.668s] Level 1:colcon.colcon_core.shell:create_environment_hook('allegro_hand_moveit', 'cmake_prefix_path')
[0.668s] INFO:colcon.colcon_core.shell:Creating environment hook '/home/kimsy/allegro_ws/install/allegro_hand_moveit/share/allegro_hand_moveit/hook/cmake_prefix_path.ps1'
[0.669s] INFO:colcon.colcon_core.shell:Creating environment descriptor '/home/kimsy/allegro_ws/install/allegro_hand_moveit/share/allegro_hand_moveit/hook/cmake_prefix_path.dsv'
[0.669s] INFO:colcon.colcon_core.shell:Creating environment hook '/home/kimsy/allegro_ws/install/allegro_hand_moveit/share/allegro_hand_moveit/hook/cmake_prefix_path.sh'
[0.669s] Level 1:colcon.colcon_core.environment:checking '/home/kimsy/allegro_ws/install/allegro_hand_moveit/lib'
[0.669s] Level 1:colcon.colcon_core.environment:checking '/home/kimsy/allegro_ws/install/allegro_hand_moveit/bin'
[0.669s] Level 1:colcon.colcon_core.environment:checking '/home/kimsy/allegro_ws/install/allegro_hand_moveit/lib/pkgconfig/allegro_hand_moveit.pc'
[0.670s] Level 1:colcon.colcon_core.environment:checking '/home/kimsy/allegro_ws/install/allegro_hand_moveit/lib/python3.10/site-packages'
[0.670s] Level 1:colcon.colcon_core.environment:checking '/home/kimsy/allegro_ws/install/allegro_hand_moveit/bin'
[0.670s] INFO:colcon.colcon_core.shell:Creating package script '/home/kimsy/allegro_ws/install/allegro_hand_moveit/share/allegro_hand_moveit/package.ps1'
[0.670s] INFO:colcon.colcon_core.shell:Creating package descriptor '/home/kimsy/allegro_ws/install/allegro_hand_moveit/share/allegro_hand_moveit/package.dsv'
[0.671s] INFO:colcon.colcon_core.shell:Creating package script '/home/kimsy/allegro_ws/install/allegro_hand_moveit/share/allegro_hand_moveit/package.sh'
[0.671s] INFO:colcon.colcon_core.shell:Creating package script '/home/kimsy/allegro_ws/install/allegro_hand_moveit/share/allegro_hand_moveit/package.bash'
[0.671s] INFO:colcon.colcon_core.shell:Creating package script '/home/kimsy/allegro_ws/install/allegro_hand_moveit/share/allegro_hand_moveit/package.zsh'
[0.672s] Level 1:colcon.colcon_core.environment:create_file_with_runtime_dependencies(/home/kimsy/allegro_ws/install/allegro_hand_moveit/share/colcon-core/packages/allegro_hand_moveit)
[0.672s] Level 1:colcon.colcon_core.environment:create_environment_scripts_only(allegro_hand_moveit)
[0.672s] Level 1:colcon.colcon_core.environment:checking '/home/kimsy/allegro_ws/install/allegro_hand_moveit' for CMake module files
[0.673s] Level 1:colcon.colcon_core.environment:checking '/home/kimsy/allegro_ws/install/allegro_hand_moveit' for CMake config files
[0.673s] Level 1:colcon.colcon_core.shell:create_environment_hook('allegro_hand_moveit', 'cmake_prefix_path')
[0.673s] INFO:colcon.colcon_core.shell:Creating environment hook '/home/kimsy/allegro_ws/install/allegro_hand_moveit/share/allegro_hand_moveit/hook/cmake_prefix_path.ps1'
[0.673s] INFO:colcon.colcon_core.shell:Creating environment descriptor '/home/kimsy/allegro_ws/install/allegro_hand_moveit/share/allegro_hand_moveit/hook/cmake_prefix_path.dsv'
[0.673s] INFO:colcon.colcon_core.shell:Creating environment hook '/home/kimsy/allegro_ws/install/allegro_hand_moveit/share/allegro_hand_moveit/hook/cmake_prefix_path.sh'
[0.674s] Level 1:colcon.colcon_core.environment:checking '/home/kimsy/allegro_ws/install/allegro_hand_moveit/lib'
[0.674s] Level 1:colcon.colcon_core.environment:checking '/home/kimsy/allegro_ws/install/allegro_hand_moveit/bin'
[0.674s] Level 1:colcon.colcon_core.environment:checking '/home/kimsy/allegro_ws/install/allegro_hand_moveit/lib/pkgconfig/allegro_hand_moveit.pc'
[0.674s] Level 1:colcon.colcon_core.environment:checking '/home/kimsy/allegro_ws/install/allegro_hand_moveit/lib/python3.10/site-packages'
[0.674s] Level 1:colcon.colcon_core.environment:checking '/home/kimsy/allegro_ws/install/allegro_hand_moveit/bin'
[0.674s] INFO:colcon.colcon_core.shell:Creating package script '/home/kimsy/allegro_ws/install/allegro_hand_moveit/share/allegro_hand_moveit/package.ps1'
[0.675s] INFO:colcon.colcon_core.shell:Creating package descriptor '/home/kimsy/allegro_ws/install/allegro_hand_moveit/share/allegro_hand_moveit/package.dsv'
[0.675s] INFO:colcon.colcon_core.shell:Creating package script '/home/kimsy/allegro_ws/install/allegro_hand_moveit/share/allegro_hand_moveit/package.sh'
[0.676s] INFO:colcon.colcon_core.shell:Creating package script '/home/kimsy/allegro_ws/install/allegro_hand_moveit/share/allegro_hand_moveit/package.bash'
[0.676s] INFO:colcon.colcon_core.shell:Creating package script '/home/kimsy/allegro_ws/install/allegro_hand_moveit/share/allegro_hand_moveit/package.zsh'
[0.676s] Level 1:colcon.colcon_core.environment:create_file_with_runtime_dependencies(/home/kimsy/allegro_ws/install/allegro_hand_moveit/share/colcon-core/packages/allegro_hand_moveit)
[0.677s] DEBUG:colcon.colcon_parallel_executor.executor.parallel:closing loop
[0.677s] DEBUG:colcon.colcon_parallel_executor.executor.parallel:loop closed
[0.677s] DEBUG:colcon.colcon_parallel_executor.executor.parallel:run_until_complete finished with '0'
[0.677s] DEBUG:colcon.colcon_core.event_reactor:joining thread
[0.682s] INFO:colcon.colcon_core.plugin_system:Skipping extension 'colcon_notification.desktop_notification.terminal_notifier': Not used on non-Darwin systems
[0.682s] INFO:colcon.colcon_core.plugin_system:Skipping extension 'colcon_notification.desktop_notification.win32': Not used on non-Windows systems
[0.682s] INFO:colcon.colcon_notification.desktop_notification:Sending desktop notification using 'notify2'
[0.686s] DEBUG:colcon.colcon_core.event_reactor:joined thread
[0.686s] INFO:colcon.colcon_core.shell:Creating prefix script '/home/kimsy/allegro_ws/install/local_setup.ps1'
[0.687s] INFO:colcon.colcon_core.shell:Creating prefix util module '/home/kimsy/allegro_ws/install/_local_setup_util_ps1.py'
[0.688s] INFO:colcon.colcon_core.shell:Creating prefix chain script '/home/kimsy/allegro_ws/install/setup.ps1'
[0.690s] INFO:colcon.colcon_core.shell:Creating prefix script '/home/kimsy/allegro_ws/install/local_setup.sh'
[0.690s] INFO:colcon.colcon_core.shell:Creating prefix util module '/home/kimsy/allegro_ws/install/_local_setup_util_sh.py'
[0.690s] INFO:colcon.colcon_core.shell:Creating prefix chain script '/home/kimsy/allegro_ws/install/setup.sh'
[0.692s] INFO:colcon.colcon_core.shell:Creating prefix script '/home/kimsy/allegro_ws/install/local_setup.bash'
[0.692s] INFO:colcon.colcon_core.shell:Creating prefix chain script '/home/kimsy/allegro_ws/install/setup.bash'
[0.693s] INFO:colcon.colcon_core.shell:Creating prefix script '/home/kimsy/allegro_ws/install/local_setup.zsh'
[0.693s] INFO:colcon.colcon_core.shell:Creating prefix chain script '/home/kimsy/allegro_ws/install/setup.zsh'
