[0.012s] Invoking command in '/home/kimsy/allegro_ws/build/allegro_hand_keyboards': AMENT_PREFIX_PATH=/home/kimsy/allegro_ws/install/allegro_hand_driver:${AMENT_PREFIX_PATH} CMAKE_PREFIX_PATH=/home/kimsy/allegro_ws/install/allegro_hand_driver:/home/kimsy/workspaces/IsaacSim-ros_workspaces/humble_ws/install/isaacsim:/home/kimsy/workspaces/IsaacSim-ros_workspaces/humble_ws/install/isaac_tutorials:/home/kimsy/workspaces/IsaacSim-ros_workspaces/humble_ws/install/isaac_ros2_messages:/home/kimsy/workspaces/IsaacSim-ros_workspaces/humble_ws/install/custom_message:/home/kimsy/workspaces/IsaacSim-ros_workspaces/humble_ws/install/carter_navigation:/opt/ros/humble:/home/kimsy/workspaces/IsaacSim-ros_workspaces/humble_ws/install/isaac_ros_navigation_goal LD_LIBRARY_PATH=/home/kimsy/allegro_ws/install/allegro_hand_driver/lib:${LD_LIBRARY_PATH} /usr/bin/cmake --build /home/kimsy/allegro_ws/build/allegro_hand_keyboards -- -j16 -l16
[0.066s] [100%] Built target allegro_hand_keyboard
[0.076s] Invoked command in '/home/kimsy/allegro_ws/build/allegro_hand_keyboards' returned '0': AMENT_PREFIX_PATH=/home/kimsy/allegro_ws/install/allegro_hand_driver:${AMENT_PREFIX_PATH} CMAKE_PREFIX_PATH=/home/kimsy/allegro_ws/install/allegro_hand_driver:/home/kimsy/workspaces/IsaacSim-ros_workspaces/humble_ws/install/isaacsim:/home/kimsy/workspaces/IsaacSim-ros_workspaces/humble_ws/install/isaac_tutorials:/home/kimsy/workspaces/IsaacSim-ros_workspaces/humble_ws/install/isaac_ros2_messages:/home/kimsy/workspaces/IsaacSim-ros_workspaces/humble_ws/install/custom_message:/home/kimsy/workspaces/IsaacSim-ros_workspaces/humble_ws/install/carter_navigation:/opt/ros/humble:/home/kimsy/workspaces/IsaacSim-ros_workspaces/humble_ws/install/isaac_ros_navigation_goal LD_LIBRARY_PATH=/home/kimsy/allegro_ws/install/allegro_hand_driver/lib:${LD_LIBRARY_PATH} /usr/bin/cmake --build /home/kimsy/allegro_ws/build/allegro_hand_keyboards -- -j16 -l16
[0.078s] Invoking command in '/home/kimsy/allegro_ws/build/allegro_hand_keyboards': AMENT_PREFIX_PATH=/home/kimsy/allegro_ws/install/allegro_hand_driver:${AMENT_PREFIX_PATH} CMAKE_PREFIX_PATH=/home/kimsy/allegro_ws/install/allegro_hand_driver:/home/kimsy/workspaces/IsaacSim-ros_workspaces/humble_ws/install/isaacsim:/home/kimsy/workspaces/IsaacSim-ros_workspaces/humble_ws/install/isaac_tutorials:/home/kimsy/workspaces/IsaacSim-ros_workspaces/humble_ws/install/isaac_ros2_messages:/home/kimsy/workspaces/IsaacSim-ros_workspaces/humble_ws/install/custom_message:/home/kimsy/workspaces/IsaacSim-ros_workspaces/humble_ws/install/carter_navigation:/opt/ros/humble:/home/kimsy/workspaces/IsaacSim-ros_workspaces/humble_ws/install/isaac_ros_navigation_goal LD_LIBRARY_PATH=/home/kimsy/allegro_ws/install/allegro_hand_driver/lib:${LD_LIBRARY_PATH} /usr/bin/cmake --install /home/kimsy/allegro_ws/build/allegro_hand_keyboards
[0.086s] -- Install configuration: ""
[0.087s] -- Up-to-date: /home/kimsy/allegro_ws/install/allegro_hand_keyboards/lib/allegro_hand_keyboards/allegro_hand_keyboard
[0.087s] -- Up-to-date: /home/kimsy/allegro_ws/install/allegro_hand_keyboards/share/ament_index/resource_index/package_run_dependencies/allegro_hand_keyboards
[0.087s] -- Up-to-date: /home/kimsy/allegro_ws/install/allegro_hand_keyboards/share/ament_index/resource_index/parent_prefix_path/allegro_hand_keyboards
[0.087s] -- Up-to-date: /home/kimsy/allegro_ws/install/allegro_hand_keyboards/share/allegro_hand_keyboards/environment/ament_prefix_path.dsv
[0.087s] -- Up-to-date: /home/kimsy/allegro_ws/install/allegro_hand_keyboards/share/allegro_hand_keyboards/environment/path.dsv
[0.087s] -- Up-to-date: /home/kimsy/allegro_ws/install/allegro_hand_keyboards/share/allegro_hand_keyboards/local_setup.bash
[0.087s] -- Up-to-date: /home/kimsy/allegro_ws/install/allegro_hand_keyboards/share/allegro_hand_keyboards/local_setup.sh
[0.087s] -- Up-to-date: /home/kimsy/allegro_ws/install/allegro_hand_keyboards/share/allegro_hand_keyboards/local_setup.zsh
[0.087s] -- Up-to-date: /home/kimsy/allegro_ws/install/allegro_hand_keyboards/share/allegro_hand_keyboards/local_setup.dsv
[0.087s] -- Installing: /home/kimsy/allegro_ws/install/allegro_hand_keyboards/share/allegro_hand_keyboards/package.dsv
[0.088s] -- Up-to-date: /home/kimsy/allegro_ws/install/allegro_hand_keyboards/share/ament_index/resource_index/packages/allegro_hand_keyboards
[0.088s] -- Up-to-date: /home/kimsy/allegro_ws/install/allegro_hand_keyboards/share/allegro_hand_keyboards/cmake/allegro_hand_keyboardsConfig.cmake
[0.088s] -- Up-to-date: /home/kimsy/allegro_ws/install/allegro_hand_keyboards/share/allegro_hand_keyboards/cmake/allegro_hand_keyboardsConfig-version.cmake
[0.088s] -- Up-to-date: /home/kimsy/allegro_ws/install/allegro_hand_keyboards/share/allegro_hand_keyboards/package.xml
[0.090s] Invoked command in '/home/kimsy/allegro_ws/build/allegro_hand_keyboards' returned '0': AMENT_PREFIX_PATH=/home/kimsy/allegro_ws/install/allegro_hand_driver:${AMENT_PREFIX_PATH} CMAKE_PREFIX_PATH=/home/kimsy/allegro_ws/install/allegro_hand_driver:/home/kimsy/workspaces/IsaacSim-ros_workspaces/humble_ws/install/isaacsim:/home/kimsy/workspaces/IsaacSim-ros_workspaces/humble_ws/install/isaac_tutorials:/home/kimsy/workspaces/IsaacSim-ros_workspaces/humble_ws/install/isaac_ros2_messages:/home/kimsy/workspaces/IsaacSim-ros_workspaces/humble_ws/install/custom_message:/home/kimsy/workspaces/IsaacSim-ros_workspaces/humble_ws/install/carter_navigation:/opt/ros/humble:/home/kimsy/workspaces/IsaacSim-ros_workspaces/humble_ws/install/isaac_ros_navigation_goal LD_LIBRARY_PATH=/home/kimsy/allegro_ws/install/allegro_hand_driver/lib:${LD_LIBRARY_PATH} /usr/bin/cmake --install /home/kimsy/allegro_ws/build/allegro_hand_keyboards
