[ 50%] Built target allegro_node
[35m[1mConsolidate compiler generated dependencies of target allegro_node_grasp[0m
[100%] Built target allegro_node_grasp
-- Install configuration: ""
-- Up-to-date: /home/kimsy/allegro_ws/install/allegro_hand_controllers/lib/allegro_hand_controllers/liballegro_node.a
-- Up-to-date: /home/kimsy/allegro_ws/install/allegro_hand_controllers/lib/allegro_hand_controllers/allegro_node_grasp
-- Up-to-date: /home/kimsy/allegro_ws/install/allegro_hand_controllers/share/allegro_hand_controllers/launch
-- Up-to-date: /home/kimsy/allegro_ws/install/allegro_hand_controllers/share/allegro_hand_controllers/launch/allegro_hand.launch.py
-- Up-to-date: /home/kimsy/allegro_ws/install/allegro_hand_controllers/share/allegro_hand_controllers/launch/allegro_viz.launch.py
-- Up-to-date: /home/kimsy/allegro_ws/install/allegro_hand_controllers/share/allegro_hand_controllers/launch/allegro_hand_v4.launch.py
-- Up-to-date: /home/kimsy/allegro_ws/install/allegro_hand_controllers/share/allegro_hand_controllers/scripts
-- Up-to-date: /home/kimsy/allegro_ws/install/allegro_hand_controllers/share/allegro_hand_controllers/scripts/setup_can0.sh
-- Up-to-date: /home/kimsy/allegro_ws/install/allegro_hand_controllers/share/allegro_hand_controllers/meshes
-- Up-to-date: /home/kimsy/allegro_ws/install/allegro_hand_controllers/share/allegro_hand_controllers/meshes/t5.stl
-- Up-to-date: /home/kimsy/allegro_ws/install/allegro_hand_controllers/share/allegro_hand_controllers/meshes/t4_set.stl
-- Up-to-date: /home/kimsy/allegro_ws/install/allegro_hand_controllers/share/allegro_hand_controllers/meshes/new_l2.stl
-- Up-to-date: /home/kimsy/allegro_ws/install/allegro_hand_controllers/share/allegro_hand_controllers/meshes/t1.stl
-- Up-to-date: /home/kimsy/allegro_ws/install/allegro_hand_controllers/share/allegro_hand_controllers/meshes/l4.stl
-- Up-to-date: /home/kimsy/allegro_ws/install/allegro_hand_controllers/share/allegro_hand_controllers/meshes/l1.stl
-- Up-to-date: /home/kimsy/allegro_ws/install/allegro_hand_controllers/share/allegro_hand_controllers/meshes/temp
-- Up-to-date: /home/kimsy/allegro_ws/install/allegro_hand_controllers/share/allegro_hand_controllers/meshes/g0.stl
-- Up-to-date: /home/kimsy/allegro_ws/install/allegro_hand_controllers/share/allegro_hand_controllers/meshes/left_hand_G.stl
-- Up-to-date: /home/kimsy/allegro_ws/install/allegro_hand_controllers/share/allegro_hand_controllers/meshes/finger_tip.stl
-- Up-to-date: /home/kimsy/allegro_ws/install/allegro_hand_controllers/share/allegro_hand_controllers/meshes/t1_set.stl
-- Up-to-date: /home/kimsy/allegro_ws/install/allegro_hand_controllers/share/allegro_hand_controllers/meshes/t2_set.stl
-- Up-to-date: /home/kimsy/allegro_ws/install/allegro_hand_controllers/share/allegro_hand_controllers/meshes/t4.stl
-- Up-to-date: /home/kimsy/allegro_ws/install/allegro_hand_controllers/share/allegro_hand_controllers/meshes/new_l1.stl
-- Up-to-date: /home/kimsy/allegro_ws/install/allegro_hand_controllers/share/allegro_hand_controllers/meshes/new_l4.stl
-- Up-to-date: /home/kimsy/allegro_ws/install/allegro_hand_controllers/share/allegro_hand_controllers/meshes/l2.stl
-- Up-to-date: /home/kimsy/allegro_ws/install/allegro_hand_controllers/share/allegro_hand_controllers/meshes/l3.stl
-- Up-to-date: /home/kimsy/allegro_ws/install/allegro_hand_controllers/share/allegro_hand_controllers/meshes/t2.stl
-- Up-to-date: /home/kimsy/allegro_ws/install/allegro_hand_controllers/share/allegro_hand_controllers/meshes/palm.stl
-- Up-to-date: /home/kimsy/allegro_ws/install/allegro_hand_controllers/share/allegro_hand_controllers/meshes/finger_tip_silicon.stl
-- Up-to-date: /home/kimsy/allegro_ws/install/allegro_hand_controllers/share/allegro_hand_controllers/meshes/t3.stl
-- Up-to-date: /home/kimsy/allegro_ws/install/allegro_hand_controllers/share/allegro_hand_controllers/meshes/t3_set.stl
-- Up-to-date: /home/kimsy/allegro_ws/install/allegro_hand_controllers/share/allegro_hand_controllers/meshes/l5.stl
-- Up-to-date: /home/kimsy/allegro_ws/install/allegro_hand_controllers/share/allegro_hand_controllers/meshes/new_l3.stl
-- Up-to-date: /home/kimsy/allegro_ws/install/allegro_hand_controllers/share/allegro_hand_controllers/pose
-- Up-to-date: /home/kimsy/allegro_ws/install/allegro_hand_controllers/share/allegro_hand_controllers/urdf
-- Up-to-date: /home/kimsy/allegro_ws/install/allegro_hand_controllers/share/allegro_hand_controllers/urdf/allegro_hand_description_left_A.urdf
-- Up-to-date: /home/kimsy/allegro_ws/install/allegro_hand_controllers/share/allegro_hand_controllers/urdf/allegro_hand_config.rviz
-- Up-to-date: /home/kimsy/allegro_ws/install/allegro_hand_controllers/share/allegro_hand_controllers/urdf/allegro_hand_description_left_B.urdf
-- Up-to-date: /home/kimsy/allegro_ws/install/allegro_hand_controllers/share/allegro_hand_controllers/urdf/allegro_hand_description_right_B.urdf
-- Up-to-date: /home/kimsy/allegro_ws/install/allegro_hand_controllers/share/allegro_hand_controllers/urdf/allegro_hand_description_right_A.urdf
-- Up-to-date: /home/kimsy/allegro_ws/install/allegro_hand_controllers/share/ament_index/resource_index/package_run_dependencies/allegro_hand_controllers
-- Up-to-date: /home/kimsy/allegro_ws/install/allegro_hand_controllers/share/ament_index/resource_index/parent_prefix_path/allegro_hand_controllers
-- Up-to-date: /home/kimsy/allegro_ws/install/allegro_hand_controllers/share/allegro_hand_controllers/environment/ament_prefix_path.dsv
-- Up-to-date: /home/kimsy/allegro_ws/install/allegro_hand_controllers/share/allegro_hand_controllers/environment/path.dsv
-- Up-to-date: /home/kimsy/allegro_ws/install/allegro_hand_controllers/share/allegro_hand_controllers/local_setup.bash
-- Up-to-date: /home/kimsy/allegro_ws/install/allegro_hand_controllers/share/allegro_hand_controllers/local_setup.sh
-- Up-to-date: /home/kimsy/allegro_ws/install/allegro_hand_controllers/share/allegro_hand_controllers/local_setup.zsh
-- Up-to-date: /home/kimsy/allegro_ws/install/allegro_hand_controllers/share/allegro_hand_controllers/local_setup.dsv
-- Installing: /home/kimsy/allegro_ws/install/allegro_hand_controllers/share/allegro_hand_controllers/package.dsv
-- Up-to-date: /home/kimsy/allegro_ws/install/allegro_hand_controllers/share/ament_index/resource_index/packages/allegro_hand_controllers
-- Up-to-date: /home/kimsy/allegro_ws/install/allegro_hand_controllers/share/allegro_hand_controllers/cmake/allegro_hand_controllersConfig.cmake
-- Up-to-date: /home/kimsy/allegro_ws/install/allegro_hand_controllers/share/allegro_hand_controllers/cmake/allegro_hand_controllersConfig-version.cmake
-- Up-to-date: /home/kimsy/allegro_ws/install/allegro_hand_controllers/share/allegro_hand_controllers/package.xml
